System Dimensions and Properties
--------------------------------------------------------------------------------
Box_dim (Å):
  Full matrix: [35.6780, 24.7380, 24.7642, 0.0000, 0.0000, 0.0000, 0.0000, -14.4942, 0.0000]
Cell parameters:
  a, b, c (Å): 35.6780, 24.7380, 28.6940
  α, β, γ (°): 90.0000, 120.3399, 90.0000
  Volume: 21856.9415 Å³

Box_dim and Cell explanations:
  Box_dim: A 1D array of box dimensions, typically in Angstroms.
          For orthogonal boxes: [Lx, Ly, Lz]
          For triclinic boxes: [Lx, Ly, Lz, xy, xz, yz] or [Lx, Ly, Lz, α, β, γ]
  Cell: A 1×6 array with cell parameters [a, b, c, α, β, γ]
        where a, b, c are lengths and α, β, γ are angles in degrees.
--------------------------------------------------------------------------------

Total charge: 0.0000000

Unique Atom Types and Their Coordination Environment
--------------------------------------------------------------------------------
Type       Count  Neighbors                     Charge
--------------------------------------------------------------------------------
Ob         1280   SitSit                      -0.94200
Sit        640    ObObObOb                     1.88400
--------------------------------------------------------------------------------

Detailed Atom Type Statistics with Standard Deviations
--------------------------------------------------------------------------------
Type       Count  Coord#           Bond Dist (Å)        Angle (°)           
--------------------------------------------------------------------------------
Ob         1280   2.00 ± 0.00      1.6105 ± 0.0083      148.168 ± 12.725    
Sit        640    4.00 ± 0.00      1.6105 ± 0.0083      109.469 ± 0.741     
--------------------------------------------------------------------------------

Bond Statistics for Unique Atom Type Pairs
--------------------------------------------------------------------------------
Bond Pair                 Count    Distance (Å)        
--------------------------------------------------------------------------------
Ob-Sit                    5120     1.6105 ± 0.0083
--------------------------------------------------------------------------------

Angle Statistics for Unique Atom Type Triplets
--------------------------------------------------------------------------------
Angle Triplet             Count    Angle (°)           
--------------------------------------------------------------------------------
Ob-Sit-Ob                 3840     109.469 ± 0.741
Sit-Ob-Sit                1280     148.168 ± 12.725
--------------------------------------------------------------------------------

