System Dimensions and Properties
--------------------------------------------------------------------------------
Box_dim (Å):
  Full matrix: [26.4650, 27.5370, 28.0628, 0.0000, 0.0000, -0.0144, 0.0000, -4.3998, -0.2849]
Cell parameters:
  a, b, c (Å): 26.4650, 27.5370, 28.4070
  α, β, γ (°): 90.5700, 98.9101, 90.0300
  Volume: 20451.2343 Å³

Box_dim and Cell explanations:
  Box_dim: A 1D array of box dimensions, typically in Angstroms.
          For orthogonal boxes: [Lx, Ly, Lz]
          For triclinic boxes: [Lx, Ly, Lz, xy, xz, yz] or [Lx, Ly, Lz, α, β, γ]
  Cell: A 1×6 array with cell parameters [a, b, c, α, β, γ]
        where a, b, c are lengths and α, β, γ are angles in degrees.
--------------------------------------------------------------------------------

Total charge: -0.0000000

Unique Atom Types and Their Coordination Environment
--------------------------------------------------------------------------------
Type       Count  Neighbors                     Charge
--------------------------------------------------------------------------------
H          180    Oh                           0.40000
Mgh        270    OhOhOpOpOpOp                 1.74000
Ob         540    SitSit                      -0.94200
Oh         180    HMghMghMgh                  -1.27000
Op         360    MghMghMghSit                -1.34100
Sit        360    ObObObOp                     1.88400
--------------------------------------------------------------------------------

Detailed Atom Type Statistics with Standard Deviations
--------------------------------------------------------------------------------
Type       Count  Coord#           Bond Dist (Å)        Angle (°)           
--------------------------------------------------------------------------------
H          180    1.00 ± 0.00      0.9781 ± 0.0201      120.417 ± 9.918 (H-O-M)
Mgh        270    6.00 ± 0.00      2.0787 ± 0.0185      107.832 ± 35.919    
Ob         540    2.00 ± 0.00      1.6198 ± 0.0070      141.433 ± 0.412     
Oh         180    4.00 ± 0.00      1.7877 ± 0.4679      108.159 ± 14.127    
Op         360    4.00 ± 0.00      1.9697 ± 0.2075      108.203 ± 14.106    
Sit        360    4.00 ± 0.00      1.6176 ± 0.0079      109.469 ± 0.697     
--------------------------------------------------------------------------------

Bond Statistics for Unique Atom Type Pairs
--------------------------------------------------------------------------------
Bond Pair                 Count    Distance (Å)        
--------------------------------------------------------------------------------
H-Oh                      360      0.9781 ± 0.0201
Mgh-Oh                    1080     2.0576 ± 0.0044
Mgh-Op                    2160     2.0893 ± 0.0130
Ob-Sit                    2160     1.6198 ± 0.0070
Op-Sit                    720      1.6109 ± 0.0064
--------------------------------------------------------------------------------

Angle Statistics for Unique Atom Type Triplets
--------------------------------------------------------------------------------
Angle Triplet             Count    Angle (°)           
--------------------------------------------------------------------------------
H-Oh-Mgh                  540      120.417 ± 9.918
Mgh-Oh-Mgh                540      95.900 ± 0.147
Mgh-Op-Mgh                1080     94.113 ± 0.502
Mgh-Op-Sit                1080     122.292 ± 0.692
Ob-Sit-Ob                 1080     109.941 ± 0.520
Ob-Sit-Op                 1080     108.997 ± 0.504
Oh-Mgh-Oh                 270      116.058 ± 45.177
Oh-Mgh-Op                 2160     105.626 ± 32.914
Op-Mgh-Op                 1620     109.403 ± 37.717
Sit-Ob-Sit                540      141.433 ± 0.412
--------------------------------------------------------------------------------

