System Dimensions and Properties
--------------------------------------------------------------------------------
Box_dim (Å):
  Full matrix: [41.4400, 35.8800, 29.5886, 0.0000, 0.0000, 0.0000, 0.0000, -4.9514, 0.0000]
Cell parameters:
  a, b, c (Å): 41.4400, 35.8800, 30.0000
  α, β, γ (°): 90.0000, 99.4999, 90.0000
  Volume: 43994.3188 Å³

Box_dim and Cell explanations:
  Box_dim: A 1D array of box dimensions, typically in Angstroms.
          For orthogonal boxes: [Lx, Ly, Lz]
          For triclinic boxes: [Lx, Ly, Lz, xy, xz, yz] or [Lx, Ly, Lz, α, β, γ]
  Cell: A 1×6 array with cell parameters [a, b, c, α, β, γ]
        where a, b, c are lengths and α, β, γ are angles in degrees.
--------------------------------------------------------------------------------

Total charge: -8.0000000

Unique Atom Types and Their Coordination Environment
--------------------------------------------------------------------------------
Type       Count  Neighbors                     Charge
--------------------------------------------------------------------------------
Alo        248    OhOhOpOpOpOp                 1.78200
Feo2       8      OhOhOpOpOpOp                 1.18400
H          256    Oh                           0.40000
Ob         768    SitSit                      -0.94200
Oh         240    AloAloH                     -0.99400
Oh         16     AloFeo2H                    -1.06100
Op         480    AloAloSit                   -1.06500
Op         32     AloFeo2Sit                  -1.13200
Sit        512    ObObObOp                     1.88400
--------------------------------------------------------------------------------

Detailed Atom Type Statistics with Standard Deviations
--------------------------------------------------------------------------------
Type       Count  Coord#           Bond Dist (Å)        Angle (°)           
--------------------------------------------------------------------------------
Alo        248    6.00 ± 0.00      1.9180 ± 0.0265      105.553 ± 31.064    
Feo2       8      6.00 ± 0.00      2.0925 ± 0.0124      105.216 ± 30.652    
H          256    1.00 ± 0.00      0.9701 ± 0.0041      120.893 ± 1.896 (H-O-M)
Ob         768    2.00 ± 0.00      1.6325 ± 0.0079      133.027 ± 5.506     
Oh         256    3.00 ± 0.00      1.5856 ± 0.4366      114.912 ± 8.633     
Op         512    3.00 ± 0.00      1.8400 ± 0.1418      117.606 ± 11.597    
Sit        512    4.00 ± 0.00      1.6352 ± 0.0090      109.458 ± 1.721     
--------------------------------------------------------------------------------

Bond Statistics for Unique Atom Type Pairs
--------------------------------------------------------------------------------
Bond Pair                 Count    Distance (Å)        
--------------------------------------------------------------------------------
Alo-Oh                    992      1.8873 ± 0.0122
Alo-Op                    1984     1.9333 ± 0.0165
Feo2-Oh                   32       2.0851 ± 0.0018
Feo2-Op                   64       2.0962 ± 0.0137
H-Oh                      512      0.9701 ± 0.0041
Ob-Sit                    3072     1.6325 ± 0.0079
Op-Sit                    1024     1.6431 ± 0.0072
--------------------------------------------------------------------------------

Angle Statistics for Unique Atom Type Triplets
--------------------------------------------------------------------------------
Angle Triplet             Count    Angle (°)           
--------------------------------------------------------------------------------
Alo-Oh-Alo                240      103.195 ± 0.776
Alo-Oh-Feo2               16       99.272 ± 0.195
Alo-Oh-H                  496      120.988 ± 1.841
Alo-Op-Alo                480      101.752 ± 0.568
Alo-Op-Feo2               32       99.342 ± 0.461
Alo-Op-Sit                992      125.838 ± 2.766
Feo2-Oh-H                 16       117.955 ± 1.049
Feo2-Op-Sit               32       118.480 ± 1.987
Ob-Sit-Ob                 1536     109.193 ± 2.038
Ob-Sit-Op                 1536     109.723 ± 1.277
Oh-Alo-Oh                 248      77.121 ± 1.946
Oh-Alo-Op                 1984     112.864 ± 31.153
Oh-Feo2-Oh                8        74.475 ± 0.098
Oh-Feo2-Op                64       112.601 ± 29.369
Op-Alo-Op                 1488     100.545 ± 29.787
Op-Feo2-Op                48       100.493 ± 31.062
Sit-Ob-Sit                768      133.027 ± 5.506
--------------------------------------------------------------------------------

