System Dimensions and Properties
--------------------------------------------------------------------------------
Box_dim (Å):
  Orthogonal box: [25.9590, 27.0459, 29.9182]
  Volume: 21005.1050 Å³
Cell parameters:
  a, b, c (Å): 25.9590, 27.0459, 29.9182
  α, β, γ (°): 90.0000, 90.0000, 90.0000
  Volume: 21005.1050 Å³

Box_dim and Cell explanations:
  Box_dim: A 1D array of box dimensions, typically in Angstroms.
          For orthogonal boxes: [Lx, Ly, Lz]
          For triclinic boxes: [Lx, Ly, Lz, xy, xz, yz] or [Lx, Ly, Lz, α, β, γ]
  Cell: A 1×6 array with cell parameters [a, b, c, α, β, γ]
        where a, b, c are lengths and α, β, γ are angles in degrees.
--------------------------------------------------------------------------------

Total charge: -30.0000000

Unique Atom Types and Their Coordination Environment
--------------------------------------------------------------------------------
Type       Count  Neighbors                     Charge
--------------------------------------------------------------------------------
Alo        7      OhOhOmgOmgOmgOmg             1.78200
Alo        28     OhOhOmgOmgOpOp               1.78200
Alo        85     OhOhOpOpOpOp                 1.78200
Alo        3      OhmgOhmgOmgOmgOmgOmg         1.78200
Alo        12     OhmgOhmgOmgOmgOpOp           1.78200
Alo        15     OhmgOhmgOpOpOpOp             1.78200
H          120    Oh                           0.40000
H          60     Ohmg                         0.40000
Mgo        30     OhmgOhmgOmgOmgOmgOmg         1.56200
Ob         540    SitSit                      -0.94200
Oh         120    AloAloH                     -0.99400
Ohmg       60     AloHMgo                     -1.12400
Omg        120    AloMgoSit                   -1.19500
Op         240    AloAloSit                   -1.06500
Sit        120    ObObObOmg                    1.88400
Sit        240    ObObObOp                     1.88400
--------------------------------------------------------------------------------

Detailed Atom Type Statistics with Standard Deviations
--------------------------------------------------------------------------------
Type       Count  Coord#           Bond Dist (Å)        Angle (°)           
--------------------------------------------------------------------------------
Alo        150    6.00 ± 0.00      1.9296 ± 0.0119      105.682 ± 31.375    
H          180    1.00 ± 0.00      0.9289 ± 0.0050      116.236 ± 0.369 (H-O-M)
Mgo        30     6.00 ± 0.00      1.9296 ± 0.0126      105.683 ± 31.406    
Ob         540    2.00 ± 0.00      1.6436 ± 0.0064      132.202 ± 5.394     
Oh         120    3.00 ± 0.00      1.5883 ± 0.4670      111.823 ± 6.259     
Ohmg       60     3.00 ± 0.00      1.5885 ± 0.4677      111.824 ± 6.262     
Omg        120    3.00 ± 0.00      1.8398 ± 0.1358      117.574 ± 11.366    
Op         240    3.00 ± 0.00      1.8396 ± 0.1355      117.577 ± 11.366    
Sit        360    4.00 ± 0.00      1.6448 ± 0.0063      109.441 ± 1.952     
--------------------------------------------------------------------------------

Bond Statistics for Unique Atom Type Pairs
--------------------------------------------------------------------------------
Bond Pair                 Count    Distance (Å)        
--------------------------------------------------------------------------------
Alo-Oh                    480      1.9181 ± 0.0050
Alo-Ohmg                  120      1.9192 ± 0.0057
Alo-Omg                   240      1.9353 ± 0.0096
Alo-Op                    960      1.9352 ± 0.0103
H-Oh                      240      0.9288 ± 0.0050
H-Ohmg                    120      0.9289 ± 0.0050
Mgo-Ohmg                  120      1.9173 ± 0.0042
Mgo-Omg                   240      1.9358 ± 0.0107
Ob-Sit                    2160     1.6436 ± 0.0064
Omg-Sit                   240      1.6485 ± 0.0043
Op-Sit                    480      1.6485 ± 0.0043
--------------------------------------------------------------------------------

Angle Statistics for Unique Atom Type Triplets
--------------------------------------------------------------------------------
Angle Triplet             Count    Angle (°)           
--------------------------------------------------------------------------------
Alo-Oh-Alo                120      102.995 ± 0.175
Alo-Oh-H                  240      116.237 ± 0.371
Alo-Ohmg-H                60       116.162 ± 0.352
Alo-Ohmg-Mgo              60       103.003 ± 0.174
Alo-Omg-Mgo               120      101.666 ± 0.183
Alo-Omg-Sit               120      125.547 ± 1.843
Alo-Op-Alo                240      101.659 ± 0.190
Alo-Op-Sit                480      125.537 ± 1.853
H-Ohmg-Mgo                60       116.306 ± 0.368
Mgo-Omg-Sit               120      125.509 ± 1.877
Ob-Sit-Ob                 1080     107.904 ± 1.359
Ob-Sit-Omg                360      110.978 ± 1.022
Ob-Sit-Op                 720      110.979 ± 1.026
Oh-Alo-Oh                 120      77.004 ± 0.156
Oh-Alo-Omg                168      112.607 ± 31.628
Oh-Alo-Op                 792      112.625 ± 31.556
Ohmg-Alo-Ohmg             30       76.953 ± 0.168
Ohmg-Alo-Omg              72       112.618 ± 31.745
Ohmg-Alo-Op               168      112.596 ± 31.611
Ohmg-Mgo-Ohmg             30       77.040 ± 0.172
Ohmg-Mgo-Omg              240      112.637 ± 31.612
Omg-Alo-Omg               100      92.084 ± 26.098
Omg-Alo-Op                160      112.637 ± 31.355
Omg-Mgo-Omg               180      101.186 ± 30.285
Op-Alo-Op                 640      99.787 ± 29.798
Sit-Ob-Sit                540      132.202 ± 5.394
--------------------------------------------------------------------------------

