System Dimensions and Properties
--------------------------------------------------------------------------------
Box_dim (Å):
  Full matrix: [33.4500, 28.9685, 26.2830, 0.0000, 0.0000, -16.7250, 0.0000, 0.0000, 0.0000]
Cell parameters:
  a, b, c (Å): 33.4500, 33.4500, 26.2830
  α, β, γ (°): 90.0000, 90.0000, 120.0000
  Volume: 25468.1304 Å³

Box_dim and Cell explanations:
  Box_dim: A 1D array of box dimensions, typically in Angstroms.
          For orthogonal boxes: [Lx, Ly, Lz]
          For triclinic boxes: [Lx, Ly, Lz, xy, xz, yz] or [Lx, Ly, Lz, α, β, γ]
  Cell: A 1×6 array with cell parameters [a, b, c, α, β, γ]
        where a, b, c are lengths and α, β, γ are angles in degrees.
--------------------------------------------------------------------------------

Total charge: -0.0000000

Unique Atom Types and Their Coordination Environment
--------------------------------------------------------------------------------
Type       Count  Neighbors                     Charge
--------------------------------------------------------------------------------
Alo        216    ObObObObtObtObt              1.78200
Alo        648    ObObObtObtObtOh              1.78200
Alt        216    ObtObtObtObt                 1.78200
H          216    Oh                           0.40000
Ob         648    AloAloAlo                   -1.39100
Obt        864    AloAloAloAlt                -1.08650
Oh         216    AloAloAloH                  -0.79100
--------------------------------------------------------------------------------

Detailed Atom Type Statistics with Standard Deviations
--------------------------------------------------------------------------------
Type       Count  Coord#           Bond Dist (Å)        Angle (°)           
--------------------------------------------------------------------------------
Alo        864    6.00 ± 0.00      1.9229 ± 0.0645      106.277 ± 33.083    
Alt        216    4.00 ± 0.00      1.7569 ± 0.0086      109.116 ± 5.590     
H          216    1.00 ± 0.00      0.9600 ± 0.0000      125.411 ± 0.070 (H-O-M)
Ob         648    3.00 ± 0.00      1.8585 ± 0.0036      118.924 ± 16.492    
Obt        864    4.00 ± 0.00      1.9123 ± 0.1027      108.164 ± 13.728    
Oh         216    4.00 ± 0.00      1.7033 ± 0.4294      107.602 ± 17.816    
--------------------------------------------------------------------------------

Bond Statistics for Unique Atom Type Pairs
--------------------------------------------------------------------------------
Bond Pair                 Count    Distance (Å)        
--------------------------------------------------------------------------------
Alo-Ob                    3888     1.8585 ± 0.0036
Alo-Obt                   5184     1.9641 ± 0.0574
Alo-Oh                    1296     1.9510 ± 0.0032
Alt-Obt                   1728     1.7569 ± 0.0086
H-Oh                      432      0.9600 ± 0.0000
--------------------------------------------------------------------------------

Angle Statistics for Unique Atom Type Triplets
--------------------------------------------------------------------------------
Angle Triplet             Count    Angle (°)           
--------------------------------------------------------------------------------
Alo-Ob-Alo                1944     118.924 ± 16.492
Alo-Obt-Alo               2592     94.928 ± 3.585
Alo-Obt-Alt               2592     121.400 ± 3.687
Alo-Oh-Alo                648      89.792 ± 0.154
Alo-Oh-H                  648      125.411 ± 0.070
Ob-Alo-Ob                 1296     97.233 ± 3.242
Ob-Alo-Obt                5832     118.281 ± 37.363
Ob-Alo-Oh                 1296     87.027 ± 0.166
Obt-Alo-Obt               2592     84.765 ± 2.184
Obt-Alo-Oh                1944     117.807 ± 40.153
Obt-Alt-Obt               1296     109.116 ± 5.590
--------------------------------------------------------------------------------

