System Dimensions and Properties
--------------------------------------------------------------------------------
Box_dim (Å):
  Full matrix: [33.3620, 24.7649, 26.0200, 0.0000, 0.0000, -14.2980, 0.0000, 0.0000, 0.0000]
Cell parameters:
  a, b, c (Å): 33.3620, 28.5960, 26.0200
  α, β, γ (°): 90.0000, 90.0000, 120.0000
  Volume: 21497.8956 Å³

Box_dim and Cell explanations:
  Box_dim: A 1D array of box dimensions, typically in Angstroms.
          For orthogonal boxes: [Lx, Ly, Lz]
          For triclinic boxes: [Lx, Ly, Lz, xy, xz, yz] or [Lx, Ly, Lz, α, β, γ]
  Cell: A 1×6 array with cell parameters [a, b, c, α, β, γ]
        where a, b, c are lengths and α, β, γ are angles in degrees.
--------------------------------------------------------------------------------

Total charge: -0.0000000

Unique Atom Types and Their Coordination Environment
--------------------------------------------------------------------------------
Type       Count  Neighbors                     Charge
--------------------------------------------------------------------------------
Alo        1008   ObObObObObOb                 1.78200
Ob         1512   AloAloAloAlo                -1.18800
--------------------------------------------------------------------------------

Detailed Atom Type Statistics with Standard Deviations
--------------------------------------------------------------------------------
Type       Count  Coord#           Bond Dist (Å)        Angle (°)           
--------------------------------------------------------------------------------
Alo        1008   6.00 ± 0.00      1.9154 ± 0.0568      104.445 ± 30.711    
Ob         1512   4.00 ± 0.00      1.9154 ± 0.0568      109.455 ± 19.473    
--------------------------------------------------------------------------------

Bond Statistics for Unique Atom Type Pairs
--------------------------------------------------------------------------------
Bond Pair                 Count    Distance (Å)        
--------------------------------------------------------------------------------
Alo-Ob                    12096    1.9154 ± 0.0568
--------------------------------------------------------------------------------

Angle Statistics for Unique Atom Type Triplets
--------------------------------------------------------------------------------
Angle Triplet             Count    Angle (°)           
--------------------------------------------------------------------------------
Alo-Ob-Alo                9072     109.455 ± 19.473
Ob-Alo-Ob                 15120    104.445 ± 30.711
--------------------------------------------------------------------------------

