System Dimensions and Properties
--------------------------------------------------------------------------------
Box_dim (Å):
  Orthogonal box: [25.1820, 25.1820, 25.1820]
  Volume: 15968.7403 Å³
Cell parameters:
  a, b, c (Å): 25.1820, 25.1820, 25.1820
  α, β, γ (°): 90.0000, 90.0000, 90.0000
  Volume: 15968.7403 Å³

Box_dim and Cell explanations:
  Box_dim: A 1D array of box dimensions, typically in Angstroms.
          For orthogonal boxes: [Lx, Ly, Lz]
          For triclinic boxes: [Lx, Ly, Lz, xy, xz, yz] or [Lx, Ly, Lz, α, β, γ]
  Cell: A 1×6 array with cell parameters [a, b, c, α, β, γ]
        where a, b, c are lengths and α, β, γ are angles in degrees.
--------------------------------------------------------------------------------

Total charge: 0.0000000

Unique Atom Types and Their Coordination Environment
--------------------------------------------------------------------------------
Type       Count  Neighbors                     Charge
--------------------------------------------------------------------------------
Feo3       432    ObtObtObtObtObtObt           1.50000
Fet2       216    ObtObtObtObt                 1.18400
Obt        864    Feo3Feo3Feo3Fet2            -1.04600
--------------------------------------------------------------------------------

Detailed Atom Type Statistics with Standard Deviations
--------------------------------------------------------------------------------
Type       Count  Coord#           Bond Dist (Å)        Angle (°)           
--------------------------------------------------------------------------------
Feo3       432    6.00 ± 0.00      2.0577 ± 0.0049      107.966 ± 35.996    
Fet2       216    4.00 ± 0.00      1.8895 ± 0.0031      109.471 ± 0.141     
Obt        864    4.00 ± 0.00      2.0156 ± 0.0730      107.960 ± 15.666    
--------------------------------------------------------------------------------

Bond Statistics for Unique Atom Type Pairs
--------------------------------------------------------------------------------
Bond Pair                 Count    Distance (Å)        
--------------------------------------------------------------------------------
Feo3-Obt                  5184     2.0577 ± 0.0049
Fet2-Obt                  1728     1.8895 ± 0.0031
--------------------------------------------------------------------------------

Angle Statistics for Unique Atom Type Triplets
--------------------------------------------------------------------------------
Angle Triplet             Count    Angle (°)           
--------------------------------------------------------------------------------
Feo3-Obt-Feo3             2592     92.297 ± 0.153
Feo3-Obt-Fet2             2592     123.623 ± 0.153
Obt-Feo3-Obt              6480     107.966 ± 35.996
Obt-Fet2-Obt              1296     109.471 ± 0.141
--------------------------------------------------------------------------------

