System Dimensions and Properties
--------------------------------------------------------------------------------
Box_dim (Å):
  Full matrix: [34.3840, 25.5235, 27.0200, 0.0000, 0.0000, -14.7360, 0.0000, 0.0000, 0.0000]
Cell parameters:
  a, b, c (Å): 34.3840, 29.4720, 27.0200
  α, β, γ (°): 90.0000, 90.0000, 120.0000
  Volume: 23712.7526 Å³

Box_dim and Cell explanations:
  Box_dim: A 1D array of box dimensions, typically in Angstroms.
          For orthogonal boxes: [Lx, Ly, Lz]
          For triclinic boxes: [Lx, Ly, Lz, xy, xz, yz] or [Lx, Ly, Lz, α, β, γ]
  Cell: A 1×6 array with cell parameters [a, b, c, α, β, γ]
        where a, b, c are lengths and α, β, γ are angles in degrees.
--------------------------------------------------------------------------------

Total charge: -0.0000000

Unique Atom Types and Their Coordination Environment
--------------------------------------------------------------------------------
Type       Count  Neighbors                     Charge
--------------------------------------------------------------------------------
Ob         1260   SitSit                      -0.94200
Sit        630    ObObObOb                     1.88400
--------------------------------------------------------------------------------

Detailed Atom Type Statistics with Standard Deviations
--------------------------------------------------------------------------------
Type       Count  Coord#           Bond Dist (Å)        Angle (°)           
--------------------------------------------------------------------------------
Ob         1260   2.00 ± 0.00      1.6082 ± 0.0050      143.712 ± 0.261     
Sit        630    4.00 ± 0.00      1.6082 ± 0.0050      109.472 ± 0.770     
--------------------------------------------------------------------------------

Bond Statistics for Unique Atom Type Pairs
--------------------------------------------------------------------------------
Bond Pair                 Count    Distance (Å)        
--------------------------------------------------------------------------------
Ob-Sit                    5040     1.6082 ± 0.0050
--------------------------------------------------------------------------------

Angle Statistics for Unique Atom Type Triplets
--------------------------------------------------------------------------------
Angle Triplet             Count    Angle (°)           
--------------------------------------------------------------------------------
Ob-Sit-Ob                 3780     109.472 ± 0.770
Sit-Ob-Sit                1260     143.712 ± 0.261
--------------------------------------------------------------------------------

