System Dimensions and Properties
--------------------------------------------------------------------------------
Box_dim (Å):
  Full matrix: [26.3850, 27.4200, 28.8009, 0.0000, 0.0000, 0.0000, 0.0000, -5.5983, 0.0000]
Cell parameters:
  a, b, c (Å): 26.3850, 27.4200, 29.3400
  α, β, γ (°): 90.0000, 100.9999, 90.0000
  Volume: 20836.7801 Å³

Box_dim and Cell explanations:
  Box_dim: A 1D array of box dimensions, typically in Angstroms.
          For orthogonal boxes: [Lx, Ly, Lz]
          For triclinic boxes: [Lx, Ly, Lz, xy, xz, yz] or [Lx, Ly, Lz, α, β, γ]
  Cell: A 1×6 array with cell parameters [a, b, c, α, β, γ]
        where a, b, c are lengths and α, β, γ are angles in degrees.
--------------------------------------------------------------------------------

Total charge: -0.0000000

Unique Atom Types and Their Coordination Environment
--------------------------------------------------------------------------------
Type       Count  Neighbors                     Charge
--------------------------------------------------------------------------------
Feo3       180    OhOhOpOpOpOp                 1.50000
H          180    Oh                           0.40000
Ob         540    SitSit                      -0.94200
Oh         180    Feo3Feo3H                   -0.90000
Op         360    Feo3Feo3Sit                 -0.97100
Sit        360    ObObObOp                     1.88400
--------------------------------------------------------------------------------

Detailed Atom Type Statistics with Standard Deviations
--------------------------------------------------------------------------------
Type       Count  Coord#           Bond Dist (Å)        Angle (°)           
--------------------------------------------------------------------------------
Feo3       180    6.00 ± 0.00      1.9832 ± 0.1298      105.905 ± 31.888    
H          180    1.00 ± 0.00      0.9621 ± 0.0032      131.503 ± 0.065 (H-O-M)
Ob         540    2.00 ± 0.00      1.6241 ± 0.0818      139.869 ± 6.163     
Oh         180    3.00 ± 0.00      1.6738 ± 0.5037      119.999 ± 16.285    
Op         360    3.00 ± 0.00      1.8624 ± 0.1866      116.826 ± 12.576    
Sit        360    4.00 ± 0.00      1.6349 ± 0.0733      109.509 ± 5.228     
--------------------------------------------------------------------------------

Bond Statistics for Unique Atom Type Pairs
--------------------------------------------------------------------------------
Bond Pair                 Count    Distance (Å)        
--------------------------------------------------------------------------------
Feo3-Oh                   720      2.0297 ± 0.0021
Feo3-Op                   1440     1.9600 ± 0.1538
H-Oh                      360      0.9621 ± 0.0032
Ob-Sit                    2160     1.6241 ± 0.0818
Op-Sit                    720      1.6674 ± 0.0008
--------------------------------------------------------------------------------

Angle Statistics for Unique Atom Type Triplets
--------------------------------------------------------------------------------
Angle Triplet             Count    Angle (°)           
--------------------------------------------------------------------------------
Feo3-Oh-Feo3              180      96.990 ± 0.133
Feo3-Oh-H                 360      131.503 ± 0.065
Feo3-Op-Feo3              360      101.884 ± 0.055
Feo3-Op-Sit               720      124.296 ± 8.347
Ob-Sit-Ob                 1080     108.964 ± 3.222
Ob-Sit-Op                 1080     110.054 ± 6.611
Oh-Feo3-Oh                180      83.010 ± 0.040
Oh-Feo3-Op                1440     111.551 ± 33.270
Op-Feo3-Op                1080     102.194 ± 30.392
Sit-Ob-Sit                540      139.869 ± 6.163
--------------------------------------------------------------------------------

