System Dimensions and Properties
--------------------------------------------------------------------------------
Box_dim (Å):
  Full matrix: [41.4400, 35.8800, 29.5886, 0.0000, 0.0000, 0.0000, 0.0000, -4.9514, 0.0000]
Cell parameters:
  a, b, c (Å): 41.4400, 35.8800, 30.0000
  α, β, γ (°): 90.0000, 99.4999, 90.0000
  Volume: 43994.3188 Å³

Box_dim and Cell explanations:
  Box_dim: A 1D array of box dimensions, typically in Angstroms.
          For orthogonal boxes: [Lx, Ly, Lz]
          For triclinic boxes: [Lx, Ly, Lz, xy, xz, yz] or [Lx, Ly, Lz, α, β, γ]
  Cell: A 1×6 array with cell parameters [a, b, c, α, β, γ]
        where a, b, c are lengths and α, β, γ are angles in degrees.
--------------------------------------------------------------------------------

Total charge: -8.0000000

Unique Atom Types and Their Coordination Environment
--------------------------------------------------------------------------------
Type       Count  Neighbors                     Charge
--------------------------------------------------------------------------------
Alo        8      OhOhOmgOmgOpOp               1.78200
Alo        216    OhOhOpOpOpOp                 1.78200
Alo        16     OhOhmgOmgOpOpOp              1.78200
Feo3       8      OhOhOpOpOpOp                 1.50000
H          240    Oh                           0.40000
H          16     Ohmg                         0.40000
Mgo        8      OhmgOhmgOmgOmgOmgOmg         1.56200
Ob         768    SitSit                      -0.94200
Oh         224    AloAloH                     -0.99400
Oh         16     AloFeo3H                    -0.94700
Ohmg       16     AloHMgo                     -1.12400
Omg        32     AloMgoSit                   -1.19500
Op         448    AloAloSit                   -1.06500
Op         32     AloFeo3Sit                  -1.01800
Sit        32     ObObObOmg                    1.88400
Sit        480    ObObObOp                     1.88400
--------------------------------------------------------------------------------

Detailed Atom Type Statistics with Standard Deviations
--------------------------------------------------------------------------------
Type       Count  Coord#           Bond Dist (Å)        Angle (°)           
--------------------------------------------------------------------------------
Alo        240    6.00 ± 0.00      1.9252 ± 0.0322      105.772 ± 31.567    
Feo3       8      6.00 ± 0.00      2.0183 ± 0.0340      105.572 ± 31.415    
H          256    1.00 ± 0.00      0.9725 ± 0.0044      118.197 ± 1.927 (H-O-M)
Mgo        8      6.00 ± 0.00      2.0726 ± 0.0923      105.243 ± 31.727    
Ob         768    2.00 ± 0.00      1.6330 ± 0.0070      132.813 ± 4.369     
Oh         240    3.00 ± 0.00      1.5863 ± 0.4344      113.380 ± 6.786     
Ohmg       16     3.00 ± 0.00      1.6179 ± 0.4731      114.789 ± 8.478     
Omg        32     3.00 ± 0.00      1.8633 ± 0.1998      115.631 ± 15.216    
Op         480    3.00 ± 0.00      1.8483 ± 0.1436      116.922 ± 11.836    
Sit        512    4.00 ± 0.00      1.6362 ± 0.0092      109.456 ± 1.603     
--------------------------------------------------------------------------------

Bond Statistics for Unique Atom Type Pairs
--------------------------------------------------------------------------------
Bond Pair                 Count    Distance (Å)        
--------------------------------------------------------------------------------
Alo-Oh                    928      1.8897 ± 0.0092
Alo-Ohmg                  32       1.8378 ± 0.0023
Alo-Omg                   64       1.8807 ± 0.0128
Alo-Op                    1856     1.9460 ± 0.0173
Feo3-Oh                   32       1.9889 ± 0.0126
Feo3-Op                   64       2.0331 ± 0.0314
H-Oh                      480      0.9728 ± 0.0042
H-Ohmg                    32       0.9674 ± 0.0040
Mgo-Ohmg                  32       2.0484 ± 0.0245
Mgo-Omg                   64       2.0848 ± 0.1094
Ob-Sit                    3072     1.6330 ± 0.0070
Omg-Sit                   64       1.6243 ± 0.0076
Op-Sit                    960      1.6473 ± 0.0059
--------------------------------------------------------------------------------

Angle Statistics for Unique Atom Type Triplets
--------------------------------------------------------------------------------
Angle Triplet             Count    Angle (°)           
--------------------------------------------------------------------------------
Alo-Oh-Alo                224      104.303 ± 0.629
Alo-Oh-Feo3               16       100.907 ± 0.895
Alo-Oh-H                  464      118.117 ± 1.827
Alo-Ohmg-H                16       120.240 ± 0.100
Alo-Ohmg-Mgo              16       103.007 ± 1.615
Alo-Omg-Mgo               32       95.605 ± 1.576
Alo-Omg-Sit               32       131.540 ± 0.976
Alo-Op-Alo                448      100.483 ± 0.965
Alo-Op-Feo3               32       99.677 ± 1.823
Alo-Op-Sit                928      125.254 ± 2.315
Feo3-Oh-H                 16       115.558 ± 1.471
Feo3-Op-Sit               32       122.686 ± 0.981
H-Ohmg-Mgo                16       121.120 ± 0.272
Mgo-Omg-Sit               32       119.749 ± 3.647
Ob-Sit-Ob                 1536     109.146 ± 1.852
Ob-Sit-Omg                96       110.669 ± 1.792
Ob-Sit-Op                 1440     109.705 ± 1.164
Oh-Alo-Oh                 224      131.547 ± 34.440
Oh-Alo-Ohmg               16       98.095 ± 0.928
Oh-Alo-Omg                48       119.022 ± 37.280
Oh-Alo-Op                 1808     98.917 ± 26.119
Oh-Feo3-Oh                8        169.972 ± 0.048
Oh-Feo3-Op                64       90.354 ± 7.076
Ohmg-Alo-Omg              16       86.086 ± 0.170
Ohmg-Alo-Op               48       118.649 ± 36.748
Ohmg-Mgo-Ohmg             8        154.388 ± 0.013
Ohmg-Mgo-Omg              64       90.064 ± 10.905
Omg-Alo-Omg               8        88.344 ± 0.105
Omg-Alo-Op                80       108.813 ± 32.249
Omg-Mgo-Omg               48       117.291 ± 38.937
Op-Alo-Op                 1352     109.987 ± 34.344
Op-Feo3-Op                48       115.129 ± 36.291
Sit-Ob-Sit                768      132.813 ± 4.369
--------------------------------------------------------------------------------

