System Dimensions and Properties
--------------------------------------------------------------------------------
Box_dim (Å):
  Orthogonal box: [27.3100, 27.3100, 27.3100]
  Volume: 20368.7839 Å³
Cell parameters:
  a, b, c (Å): 27.3100, 27.3100, 27.3100
  α, β, γ (°): 90.0000, 90.0000, 90.0000
  Volume: 20368.7839 Å³

Box_dim and Cell explanations:
  Box_dim: A 1D array of box dimensions, typically in Angstroms.
          For orthogonal boxes: [Lx, Ly, Lz]
          For triclinic boxes: [Lx, Ly, Lz, xy, xz, yz] or [Lx, Ly, Lz, α, β, γ]
  Cell: A 1×6 array with cell parameters [a, b, c, α, β, γ]
        where a, b, c are lengths and α, β, γ are angles in degrees.
--------------------------------------------------------------------------------

Total charge: 0.0000000

Unique Atom Types and Their Coordination Environment
--------------------------------------------------------------------------------
Type       Count  Neighbors                     Charge
--------------------------------------------------------------------------------
Cah        500    FsFsFsFsFsFsFsFs             1.52000
Fs         1000   CahCahCahCah                -0.76000
--------------------------------------------------------------------------------

Detailed Atom Type Statistics with Standard Deviations
--------------------------------------------------------------------------------
Type       Count  Coord#           Bond Dist (Å)        Angle (°)           
--------------------------------------------------------------------------------
Cah        500    8.00 ± 0.00      2.3651 ± 0.0050      102.816 ± 36.202    
Fs         1000   4.00 ± 0.00      2.3651 ± 0.0050      109.471 ± 0.201     
--------------------------------------------------------------------------------

Bond Statistics for Unique Atom Type Pairs
--------------------------------------------------------------------------------
Bond Pair                 Count    Distance (Å)        
--------------------------------------------------------------------------------
Cah-Fs                    8000     2.3651 ± 0.0050
--------------------------------------------------------------------------------

Angle Statistics for Unique Atom Type Triplets
--------------------------------------------------------------------------------
Angle Triplet             Count    Angle (°)           
--------------------------------------------------------------------------------
Cah-Fs-Cah                6000     109.471 ± 0.201
Fs-Cah-Fs                 14000    102.816 ± 36.202
--------------------------------------------------------------------------------

