System Dimensions and Properties
--------------------------------------------------------------------------------
Box_dim (Å):
  Orthogonal box: [27.7500, 29.9700, 27.3330]
  Volume: 22731.9678 Å³
Cell parameters:
  a, b, c (Å): 27.7500, 29.9700, 27.3330
  α, β, γ (°): 90.0000, 90.0000, 90.0000
  Volume: 22731.9678 Å³

Box_dim and Cell explanations:
  Box_dim: A 1D array of box dimensions, typically in Angstroms.
          For orthogonal boxes: [Lx, Ly, Lz]
          For triclinic boxes: [Lx, Ly, Lz, xy, xz, yz] or [Lx, Ly, Lz, α, β, γ]
  Cell: A 1×6 array with cell parameters [a, b, c, α, β, γ]
        where a, b, c are lengths and α, β, γ are angles in degrees.
--------------------------------------------------------------------------------

Total charge: -0.0000000

Unique Atom Types and Their Coordination Environment
--------------------------------------------------------------------------------
Type       Count  Neighbors                     Charge
--------------------------------------------------------------------------------
Feo3       648    ObObObOhOhOh                 1.50000
H          648    Oh                           0.40000
Ob         648    Feo3Feo3Feo3                -1.25000
Oh         648    Feo3Feo3Feo3H               -0.65000
--------------------------------------------------------------------------------

Detailed Atom Type Statistics with Standard Deviations
--------------------------------------------------------------------------------
Type       Count  Coord#           Bond Dist (Å)        Angle (°)           
--------------------------------------------------------------------------------
Feo3       648    6.00 ± 0.00      2.0320 ± 0.0687      105.277 ± 31.923    
H          648    1.00 ± 0.00      0.9561 ± 0.0050      118.091 ± 4.030 (H-O-M)
Ob         648    3.00 ± 0.00      1.9635 ± 0.0035      116.699 ± 10.922    
Oh         648    4.00 ± 0.00      1.8144 ± 0.4957      108.928 ± 10.260    
--------------------------------------------------------------------------------

Bond Statistics for Unique Atom Type Pairs
--------------------------------------------------------------------------------
Bond Pair                 Count    Distance (Å)        
--------------------------------------------------------------------------------
Feo3-Ob                   3888     1.9635 ± 0.0035
Feo3-Oh                   3888     2.1006 ± 0.0049
H-Oh                      1296     0.9561 ± 0.0050
--------------------------------------------------------------------------------

Angle Statistics for Unique Atom Type Triplets
--------------------------------------------------------------------------------
Angle Triplet             Count    Angle (°)           
--------------------------------------------------------------------------------
Feo3-Ob-Feo3              1944     116.699 ± 10.922
Feo3-Oh-Feo3              1944     99.764 ± 5.130
Feo3-Oh-H                 1944     118.091 ± 4.030
Ob-Feo3-Ob                1944     98.657 ± 1.845
Ob-Feo3-Oh                5832     115.272 ± 37.178
Oh-Feo3-Oh                1944     81.912 ± 7.500
--------------------------------------------------------------------------------

