System Dimensions and Properties
--------------------------------------------------------------------------------
Box_dim (Å):
  Full matrix: [32.2650, 24.8376, 24.5200, 0.0000, 0.0000, -14.3400, 0.0000, 0.0000, 0.0000]
Cell parameters:
  a, b, c (Å): 32.2650, 28.6800, 24.5200
  α, β, γ (°): 90.0000, 90.0000, 120.0000
  Volume: 19649.9642 Å³

Box_dim and Cell explanations:
  Box_dim: A 1D array of box dimensions, typically in Angstroms.
          For orthogonal boxes: [Lx, Ly, Lz]
          For triclinic boxes: [Lx, Ly, Lz, xy, xz, yz] or [Lx, Ly, Lz, α, β, γ]
  Cell: A 1×6 array with cell parameters [a, b, c, α, β, γ]
        where a, b, c are lengths and α, β, γ are angles in degrees.
--------------------------------------------------------------------------------

Total charge: -0.0000000

Unique Atom Types and Their Coordination Environment
--------------------------------------------------------------------------------
Type       Count  Neighbors                     Charge
--------------------------------------------------------------------------------
Cao        360    OhOhOhOhOhOh                 1.66000
H          720    Oh                           0.40000
Oh         720    CaoCaoCaoH                  -1.23000
--------------------------------------------------------------------------------

Detailed Atom Type Statistics with Standard Deviations
--------------------------------------------------------------------------------
Type       Count  Coord#           Bond Dist (Å)        Angle (°)           
--------------------------------------------------------------------------------
Cao        360    6.00 ± 0.00      2.3698 ± 0.0042      107.948 ± 36.659    
H          720    1.00 ± 0.00      0.9200 ± 0.0000      119.141 ± 0.126 (H-O-M)
Oh         720    4.00 ± 0.00      2.0073 ± 0.6279      108.719 ± 10.425    
--------------------------------------------------------------------------------

Bond Statistics for Unique Atom Type Pairs
--------------------------------------------------------------------------------
Bond Pair                 Count    Distance (Å)        
--------------------------------------------------------------------------------
Cao-Oh                    4320     2.3698 ± 0.0042
H-Oh                      1440     0.9200 ± 0.0000
--------------------------------------------------------------------------------

Angle Statistics for Unique Atom Type Triplets
--------------------------------------------------------------------------------
Angle Triplet             Count    Angle (°)           
--------------------------------------------------------------------------------
Cao-Oh-Cao                2160     98.296 ± 0.184
Cao-Oh-H                  2160     119.141 ± 0.126
Oh-Cao-Oh                 5400     107.948 ± 36.659
--------------------------------------------------------------------------------

