System Dimensions and Properties
--------------------------------------------------------------------------------
Box_dim (Å):
  Orthogonal box: [30.9600, 35.8633, 46.8331]
  Volume: 52000.0914 Å³
Cell parameters:
  a, b, c (Å): 30.9600, 35.8633, 46.8331
  α, β, γ (°): 90.0000, 90.0000, 90.0000
  Volume: 52000.0914 Å³

Box_dim and Cell explanations:
  Box_dim: A 1D array of box dimensions, typically in Angstroms.
          For orthogonal boxes: [Lx, Ly, Lz]
          For triclinic boxes: [Lx, Ly, Lz, xy, xz, yz] or [Lx, Ly, Lz, α, β, γ]
  Cell: A 1×6 array with cell parameters [a, b, c, α, β, γ]
        where a, b, c are lengths and α, β, γ are angles in degrees.
--------------------------------------------------------------------------------

Total charge: -48.0000000

Unique Atom Types and Their Coordination Environment
--------------------------------------------------------------------------------
Type       Count  Neighbors                     Charge
--------------------------------------------------------------------------------
Alo        96     OhOhOmgOmgOpOp               1.78200
Alo        96     OhOhOpOpOpOp                 1.78200
Alo        48     OhmgOhmgOpOpOpOp             1.78200
H          192    Oh                           0.40000
H          96     Ohmg                         0.40000
Mgo        48     OhmgOhmgOmgOmgOmgOmg         1.56200
Ob         864    SitSit                      -0.94200
Oh         192    AloAloH                     -0.99400
Ohmg       96     AloHMgo                     -1.12400
Omg        192    AloMgoSit                   -1.19500
Op         384    AloAloSit                   -1.06500
Sit        192    ObObObOmg                    1.88400
Sit        384    ObObObOp                     1.88400
--------------------------------------------------------------------------------

Detailed Atom Type Statistics with Standard Deviations
--------------------------------------------------------------------------------
Type       Count  Coord#           Bond Dist (Å)        Angle (°)           
--------------------------------------------------------------------------------
Alo        240    6.00 ± 0.00      1.9114 ± 0.0353      105.480 ± 30.962    
H          288    1.00 ± 0.00      0.9568 ± 0.0029      123.003 ± 1.255 (H-O-M)
Mgo        48     6.00 ± 0.00      1.9118 ± 0.0398      105.474 ± 30.995    
Ob         864    2.00 ± 0.00      1.6140 ± 0.0390      135.758 ± 6.790     
Oh         192    3.00 ± 0.00      1.5839 ± 0.4440      116.238 ± 9.645     
Ohmg       96     3.00 ± 0.00      1.5838 ± 0.4446      116.233 ± 9.643     
Omg        192    3.00 ± 0.00      1.8249 ± 0.1367      117.807 ± 11.169    
Op         384    3.00 ± 0.00      1.8249 ± 0.1363      117.811 ± 11.159    
Sit        576    4.00 ± 0.00      1.6199 ± 0.0353      109.455 ± 1.923     
--------------------------------------------------------------------------------

Bond Statistics for Unique Atom Type Pairs
--------------------------------------------------------------------------------
Bond Pair                 Count    Distance (Å)        
--------------------------------------------------------------------------------
Alo-Oh                    768      1.8974 ± 0.0204
Alo-Ohmg                  192      1.8971 ± 0.0203
Alo-Omg                   384      1.9182 ± 0.0364
Alo-Op                    1536     1.9185 ± 0.0394
H-Oh                      384      0.9569 ± 0.0029
H-Ohmg                    192      0.9566 ± 0.0028
Mgo-Ohmg                  192      1.8978 ± 0.0203
Mgo-Omg                   384      1.9189 ± 0.0449
Ob-Sit                    3456     1.6140 ± 0.0390
Omg-Sit                   384      1.6377 ± 0.0032
Op-Sit                    768      1.6377 ± 0.0032
--------------------------------------------------------------------------------

Angle Statistics for Unique Atom Type Triplets
--------------------------------------------------------------------------------
Angle Triplet             Count    Angle (°)           
--------------------------------------------------------------------------------
Alo-Oh-Alo                192      102.698 ± 0.696
Alo-Oh-H                  384      123.008 ± 1.250
Alo-Ohmg-H                96       123.002 ± 1.276
Alo-Ohmg-Mgo              96       102.710 ± 0.691
Alo-Omg-Mgo               192      102.604 ± 1.069
Alo-Omg-Sit               192      125.428 ± 3.614
Alo-Op-Alo                384      102.613 ± 1.010
Alo-Op-Sit                768      125.410 ± 3.591
H-Ohmg-Mgo                96       122.988 ± 1.266
Mgo-Omg-Sit               192      125.388 ± 3.582
Ob-Sit-Ob                 1728     109.591 ± 1.828
Ob-Sit-Omg                576      109.320 ± 2.020
Ob-Sit-Op                 1152     109.319 ± 1.998
Oh-Alo-Oh                 192      77.302 ± 0.699
Oh-Alo-Omg                384      112.456 ± 31.117
Oh-Alo-Op                 1152     112.598 ± 31.109
Ohmg-Alo-Ohmg             48       77.307 ± 0.693
Ohmg-Alo-Op               384      112.574 ± 31.126
Ohmg-Mgo-Ohmg             48       77.273 ± 0.700
Ohmg-Mgo-Omg              384      112.755 ± 31.155
Omg-Alo-Omg               96       77.380 ± 0.620
Omg-Alo-Op                384      112.527 ± 30.342
Omg-Mgo-Omg               288      100.466 ± 29.704
Op-Alo-Op                 960      98.347 ± 29.079
Sit-Ob-Sit                864      135.758 ± 6.790
--------------------------------------------------------------------------------

