System Dimensions and Properties
--------------------------------------------------------------------------------
Box_dim (Å):
  Orthogonal box: [28.5180, 30.5700, 29.8900]
  Volume: 26057.9603 Å³
Cell parameters:
  a, b, c (Å): 28.5180, 30.5700, 29.8900
  α, β, γ (°): 90.0000, 90.0000, 90.0000
  Volume: 26057.9603 Å³

Box_dim and Cell explanations:
  Box_dim: A 1D array of box dimensions, typically in Angstroms.
          For orthogonal boxes: [Lx, Ly, Lz]
          For triclinic boxes: [Lx, Ly, Lz, xy, xz, yz] or [Lx, Ly, Lz, α, β, γ]
  Cell: A 1×6 array with cell parameters [a, b, c, α, β, γ]
        where a, b, c are lengths and α, β, γ are angles in degrees.
--------------------------------------------------------------------------------

Total charge: -0.0000000

Unique Atom Types and Their Coordination Environment
--------------------------------------------------------------------------------
Type       Count  Neighbors                     Charge
--------------------------------------------------------------------------------
Mgo        720    OpOpOpOpOpOp                 1.56200
Op         1440   MgoMgoMgoSit                -1.25200
Sit        360    OpOpOpOp                     1.88400
--------------------------------------------------------------------------------

Detailed Atom Type Statistics with Standard Deviations
--------------------------------------------------------------------------------
Type       Count  Coord#           Bond Dist (Å)        Angle (°)           
--------------------------------------------------------------------------------
Mgo        720    6.00 ± 0.00      2.1116 ± 0.0572      106.456 ± 34.343    
Op         1440   4.00 ± 0.00      1.9926 ± 0.2122      108.015 ± 15.306    
Sit        360    4.00 ± 0.00      1.6355 ± 0.0154      109.151 ± 6.401     
--------------------------------------------------------------------------------

Bond Statistics for Unique Atom Type Pairs
--------------------------------------------------------------------------------
Bond Pair                 Count    Distance (Å)        
--------------------------------------------------------------------------------
Mgo-Op                    8640     2.1116 ± 0.0572
Op-Sit                    2880     1.6355 ± 0.0153
--------------------------------------------------------------------------------

Angle Statistics for Unique Atom Type Triplets
--------------------------------------------------------------------------------
Angle Triplet             Count    Angle (°)           
--------------------------------------------------------------------------------
Mgo-Op-Mgo                4320     109.116 ± 14.855
Mgo-Op-Sit                4320     106.914 ± 15.670
Op-Mgo-Op                 10800    106.456 ± 34.343
Op-Sit-Op                 2160     109.151 ± 6.401
--------------------------------------------------------------------------------

