System Dimensions and Properties
--------------------------------------------------------------------------------
Box_dim (Å):
  Orthogonal box: [27.6600, 27.6600, 27.6600]
  Volume: 21161.9911 Å³
Cell parameters:
  a, b, c (Å): 27.6600, 27.6600, 27.6600
  α, β, γ (°): 90.0000, 90.0000, 90.0000
  Volume: 21161.9911 Å³

Box_dim and Cell explanations:
  Box_dim: A 1D array of box dimensions, typically in Angstroms.
          For orthogonal boxes: [Lx, Ly, Lz]
          For triclinic boxes: [Lx, Ly, Lz, xy, xz, yz] or [Lx, Ly, Lz, α, β, γ]
  Cell: A 1×6 array with cell parameters [a, b, c, α, β, γ]
        where a, b, c are lengths and α, β, γ are angles in degrees.
--------------------------------------------------------------------------------

Total charge: 0.0000000

Unique Atom Types and Their Coordination Environment
--------------------------------------------------------------------------------
Type       Count  Neighbors                     Charge
--------------------------------------------------------------------------------
Lio        1728   OliOliOliOli                 0.86000
Oli        864    LioLioLioLioLioLioLioLio        -1.72000
--------------------------------------------------------------------------------

Detailed Atom Type Statistics with Standard Deviations
--------------------------------------------------------------------------------
Type       Count  Coord#           Bond Dist (Å)        Angle (°)           
--------------------------------------------------------------------------------
Lio        1728   4.00 ± 0.00      1.9962 ± 0.0043      109.472 ± 0.219     
Oli        864    8.00 ± 0.00      1.9962 ± 0.0043      102.823 ± 36.217    
--------------------------------------------------------------------------------

Bond Statistics for Unique Atom Type Pairs
--------------------------------------------------------------------------------
Bond Pair                 Count    Distance (Å)        
--------------------------------------------------------------------------------
Lio-Oli                   13824    1.9962 ± 0.0043
--------------------------------------------------------------------------------

Angle Statistics for Unique Atom Type Triplets
--------------------------------------------------------------------------------
Angle Triplet             Count    Angle (°)           
--------------------------------------------------------------------------------
Lio-Oli-Lio               24192    102.823 ± 36.217
Oli-Lio-Oli               10368    109.472 ± 0.219
--------------------------------------------------------------------------------

