System Dimensions and Properties
--------------------------------------------------------------------------------
Box_dim (Å):
  Full matrix: [41.4400, 35.8800, 29.5886, 0.0000, 0.0000, 0.0000, 0.0000, -4.9514, 0.0000]
Cell parameters:
  a, b, c (Å): 41.4400, 35.8800, 30.0000
  α, β, γ (°): 90.0000, 99.4999, 90.0000
  Volume: 43994.3188 Å³

Box_dim and Cell explanations:
  Box_dim: A 1D array of box dimensions, typically in Angstroms.
          For orthogonal boxes: [Lx, Ly, Lz]
          For triclinic boxes: [Lx, Ly, Lz, xy, xz, yz] or [Lx, Ly, Lz, α, β, γ]
  Cell: A 1×6 array with cell parameters [a, b, c, α, β, γ]
        where a, b, c are lengths and α, β, γ are angles in degrees.
--------------------------------------------------------------------------------

Total charge: -8.0000000

Unique Atom Types and Their Coordination Environment
--------------------------------------------------------------------------------
Type       Count  Neighbors                     Charge
--------------------------------------------------------------------------------
Alo        8      OhOhOmgOmgOpOp               1.78200
Alo        216    OhOhOpOpOpOp                 1.78200
Alo        16     OhOhmgOmgOpOpOp              1.78200
Feo3       8      OhOhOpOpOpOp                 1.50000
H          240    Oh                           0.40000
H          16     Ohmg                         0.40000
Mgo        8      OhmgOhmgOmgOmgOmgOmg         1.56200
Ob         768    SitSit                      -0.94200
Oh         224    AloAloH                     -0.99400
Oh         16     AloFeo3H                    -0.94700
Ohmg       16     AloHMgo                     -1.12400
Omg        32     AloMgoSit                   -1.19500
Op         448    AloAloSit                   -1.06500
Op         32     AloFeo3Sit                  -1.01800
Sit        32     ObObObOmg                    1.88400
Sit        480    ObObObOp                     1.88400
--------------------------------------------------------------------------------

Detailed Atom Type Statistics with Standard Deviations
--------------------------------------------------------------------------------
Type       Count  Coord#           Bond Dist (Å)        Angle (°)           
--------------------------------------------------------------------------------
Alo        240    6.00 ± 0.00      1.9253 ± 0.0318      105.799 ± 31.625    
Feo3       8      6.00 ± 0.00      2.0183 ± 0.0269      105.776 ± 31.870    
H          256    1.00 ± 0.00      0.9711 ± 0.0046      117.844 ± 2.091 (H-O-M)
Mgo        8      6.00 ± 0.00      2.1287 ± 0.1834      103.493 ± 30.200    
Ob         768    2.00 ± 0.00      1.6331 ± 0.0077      132.783 ± 4.181     
Oh         240    3.00 ± 0.00      1.5860 ± 0.4355      113.429 ± 6.770     
Ohmg       16     3.00 ± 0.00      1.5902 ± 0.4427      108.725 ± 8.432     
Omg        32     3.00 ± 0.00      1.9067 ± 0.2631      115.454 ± 13.800    
Op         480    3.00 ± 0.00      1.8486 ± 0.1429      116.859 ± 11.923    
Sit        512    4.00 ± 0.00      1.6365 ± 0.0100      109.455 ± 1.670     
--------------------------------------------------------------------------------

Bond Statistics for Unique Atom Type Pairs
--------------------------------------------------------------------------------
Bond Pair                 Count    Distance (Å)        
--------------------------------------------------------------------------------
Alo-Oh                    928      1.8900 ± 0.0078
Alo-Ohmg                  32       1.8556 ± 0.0030
Alo-Omg                   64       1.8774 ± 0.0136
Alo-Op                    1856     1.9459 ± 0.0180
Feo3-Oh                   32       1.9945 ± 0.0103
Feo3-Op                   64       2.0301 ± 0.0244
H-Oh                      480      0.9710 ± 0.0044
H-Ohmg                    32       0.9727 ± 0.0069
Mgo-Ohmg                  32       1.9422 ± 0.0045
Mgo-Omg                   64       2.2220 ± 0.1538
Ob-Sit                    3072     1.6331 ± 0.0077
Omg-Sit                   64       1.6208 ± 0.0064
Op-Sit                    960      1.6485 ± 0.0060
--------------------------------------------------------------------------------

Angle Statistics for Unique Atom Type Triplets
--------------------------------------------------------------------------------
Angle Triplet             Count    Angle (°)           
--------------------------------------------------------------------------------
Alo-Oh-Alo                224      104.355 ± 0.645
Alo-Oh-Feo3               16       101.372 ± 0.595
Alo-Oh-H                  464      118.201 ± 1.798
Alo-Ohmg-H                16       115.802 ± 1.364
Alo-Ohmg-Mgo              16       97.119 ± 1.021
Alo-Omg-Mgo               32       98.051 ± 6.383
Alo-Omg-Sit               32       129.326 ± 0.608
Alo-Op-Alo                448      100.306 ± 0.878
Alo-Op-Feo3               32       99.497 ± 1.134
Alo-Op-Sit                928      125.237 ± 2.374
Feo3-Oh-H                 16       114.124 ± 0.874
Feo3-Op-Sit               32       122.990 ± 2.661
H-Ohmg-Mgo                16       113.255 ± 0.941
Mgo-Omg-Sit               32       118.985 ± 4.284
Ob-Sit-Ob                 1536     109.115 ± 1.882
Ob-Sit-Omg                96       110.843 ± 1.202
Ob-Sit-Op                 1440     109.724 ± 1.324
Oh-Alo-Oh                 224      131.348 ± 34.329
Oh-Alo-Ohmg               16       171.811 ± 0.942
Oh-Alo-Omg                48       95.085 ± 2.960
Oh-Alo-Op                 1808     98.936 ± 26.285
Oh-Feo3-Oh                8        93.901 ± 0.146
Oh-Feo3-Op                64       108.760 ± 34.550
Ohmg-Alo-Omg              16       88.527 ± 0.269
Ohmg-Alo-Op               48       91.456 ± 3.667
Ohmg-Mgo-Ohmg             8        114.503 ± 0.126
Ohmg-Mgo-Omg              64       107.463 ± 27.980
Omg-Alo-Omg               8        86.315 ± 0.055
Omg-Alo-Op                80       124.146 ± 38.844
Omg-Mgo-Omg               48       96.364 ± 34.145
Op-Alo-Op                 1352     110.085 ± 34.327
Op-Feo3-Op                48       103.777 ± 30.519
Sit-Ob-Sit                768      132.783 ± 4.181
--------------------------------------------------------------------------------

