System Dimensions and Properties
--------------------------------------------------------------------------------
Box_dim (Å):
  Orthogonal box: [24.8600, 24.8600, 27.6880]
  Volume: 17111.7267 Å³
Cell parameters:
  a, b, c (Å): 24.8600, 24.8600, 27.6880
  α, β, γ (°): 90.0000, 90.0000, 90.0000
  Volume: 17111.7267 Å³

Box_dim and Cell explanations:
  Box_dim: A 1D array of box dimensions, typically in Angstroms.
          For orthogonal boxes: [Lx, Ly, Lz]
          For triclinic boxes: [Lx, Ly, Lz, xy, xz, yz] or [Lx, Ly, Lz, α, β, γ]
  Cell: A 1×6 array with cell parameters [a, b, c, α, β, γ]
        where a, b, c are lengths and α, β, γ are angles in degrees.
--------------------------------------------------------------------------------

Total charge: 0.0000000

Unique Atom Types and Their Coordination Environment
--------------------------------------------------------------------------------
Type       Count  Neighbors                     Charge
--------------------------------------------------------------------------------
Ob         800    SitSit                      -0.94200
Sit        400    ObObObOb                     1.88400
--------------------------------------------------------------------------------

Detailed Atom Type Statistics with Standard Deviations
--------------------------------------------------------------------------------
Type       Count  Coord#           Bond Dist (Å)        Angle (°)           
--------------------------------------------------------------------------------
Ob         800    2.00 ± 0.00      1.6029 ± 0.0048      146.498 ± 0.289     
Sit        400    4.00 ± 0.00      1.6029 ± 0.0048      109.468 ± 1.187     
--------------------------------------------------------------------------------

Bond Statistics for Unique Atom Type Pairs
--------------------------------------------------------------------------------
Bond Pair                 Count    Distance (Å)        
--------------------------------------------------------------------------------
Ob-Sit                    3200     1.6029 ± 0.0048
--------------------------------------------------------------------------------

Angle Statistics for Unique Atom Type Triplets
--------------------------------------------------------------------------------
Angle Triplet             Count    Angle (°)           
--------------------------------------------------------------------------------
Ob-Sit-Ob                 2400     109.468 ± 1.187
Sit-Ob-Sit                800      146.498 ± 0.289
--------------------------------------------------------------------------------

