System Dimensions and Properties
--------------------------------------------------------------------------------
Box_dim (Å):
  Full matrix: [25.8050, 26.8800, 28.7184, 0.0000, 0.0000, 0.0000, 0.0000, -3.4092, 0.0000]
Cell parameters:
  a, b, c (Å): 25.8050, 26.8800, 28.9200
  α, β, γ (°): 90.0000, 96.7700, 90.0000
  Volume: 19920.1850 Å³

Box_dim and Cell explanations:
  Box_dim: A 1D array of box dimensions, typically in Angstroms.
          For orthogonal boxes: [Lx, Ly, Lz]
          For triclinic boxes: [Lx, Ly, Lz, xy, xz, yz] or [Lx, Ly, Lz, α, β, γ]
  Cell: A 1×6 array with cell parameters [a, b, c, α, β, γ]
        where a, b, c are lengths and α, β, γ are angles in degrees.
--------------------------------------------------------------------------------

Total charge: 0.0000000

Unique Atom Types and Their Coordination Environment
--------------------------------------------------------------------------------
Type       Count  Neighbors                     Charge
--------------------------------------------------------------------------------
Alo        240    OhOhOhOhOpOp                 1.78200
H          480    Oh                           0.40000
Ob         360    SitSit                      -0.94200
Oh         480    AloAloH                     -0.99400
Op         240    AloAloSit                   -1.06500
Sit        240    ObObObOp                     1.88400
--------------------------------------------------------------------------------

Detailed Atom Type Statistics with Standard Deviations
--------------------------------------------------------------------------------
Type       Count  Coord#           Bond Dist (Å)        Angle (°)           
--------------------------------------------------------------------------------
Alo        240    6.00 ± 0.00      1.9044 ± 0.0604      105.313 ± 30.904    
H          480    1.00 ± 0.00      0.9563 ± 0.0038      118.161 ± 19.334 (H-O-M)
Ob         360    2.00 ± 0.00      1.6188 ± 0.0105      134.721 ± 6.058     
Oh         480    3.00 ± 0.00      1.5643 ± 0.4309      113.980 ± 16.966    
Op         240    3.00 ± 0.00      1.8564 ± 0.1722      117.793 ± 13.630    
Sit        240    4.00 ± 0.00      1.6180 ± 0.0114      109.419 ± 2.470     
--------------------------------------------------------------------------------

Bond Statistics for Unique Atom Type Pairs
--------------------------------------------------------------------------------
Bond Pair                 Count    Distance (Å)        
--------------------------------------------------------------------------------
Alo-Oh                    1920     1.8683 ± 0.0334
Alo-Op                    960      1.9767 ± 0.0296
H-Oh                      960      0.9563 ± 0.0038
Ob-Sit                    1440     1.6188 ± 0.0105
Op-Sit                    480      1.6156 ± 0.0136
--------------------------------------------------------------------------------

Angle Statistics for Unique Atom Type Triplets
--------------------------------------------------------------------------------
Angle Triplet             Count    Angle (°)           
--------------------------------------------------------------------------------
Alo-Oh-Alo                480      105.619 ± 3.360
Alo-Oh-H                  960      118.161 ± 19.334
Alo-Op-Alo                240      98.763 ± 0.395
Alo-Op-Sit                480      127.308 ± 2.569
Ob-Sit-Ob                 720      107.258 ± 0.986
Ob-Sit-Op                 720      111.580 ± 1.374
Oh-Alo-Oh                 1440     105.289 ± 28.150
Oh-Alo-Op                 1920     107.280 ± 34.097
Op-Alo-Op                 240      89.710 ± 0.136
Sit-Ob-Sit                360      134.721 ± 6.058
--------------------------------------------------------------------------------

