System Dimensions and Properties
--------------------------------------------------------------------------------
Box_dim (Å):
  Full matrix: [26.7180, 25.7300, 28.7122, 0.0000, 0.0000, 0.0000, 0.0000, -12.5321, 0.0000]
Cell parameters:
  a, b, c (Å): 26.7180, 25.7300, 31.3280
  α, β, γ (°): 90.0000, 113.5800, 90.0000
  Volume: 19738.3208 Å³

Box_dim and Cell explanations:
  Box_dim: A 1D array of box dimensions, typically in Angstroms.
          For orthogonal boxes: [Lx, Ly, Lz]
          For triclinic boxes: [Lx, Ly, Lz, xy, xz, yz] or [Lx, Ly, Lz, α, β, γ]
  Cell: A 1×6 array with cell parameters [a, b, c, α, β, γ]
        where a, b, c are lengths and α, β, γ are angles in degrees.
--------------------------------------------------------------------------------

Total charge: -0.0000000

Unique Atom Types and Their Coordination Environment
--------------------------------------------------------------------------------
Type       Count  Neighbors                     Charge
--------------------------------------------------------------------------------
Alo        240    OhOhOhOhOpOp                 1.78200
H          480    Oh                           0.40000
Ob         360    SitSit                      -0.94200
Oh         480    AloAloH                     -0.99400
Op         240    AloAloSit                   -1.06500
Sit        240    ObObObOp                     1.88400
--------------------------------------------------------------------------------

Detailed Atom Type Statistics with Standard Deviations
--------------------------------------------------------------------------------
Type       Count  Coord#           Bond Dist (Å)        Angle (°)           
--------------------------------------------------------------------------------
Alo        240    6.00 ± 0.00      1.9053 ± 0.0496      105.459 ± 31.114    
H          480    1.00 ± 0.00      0.9575 ± 0.0044      124.468 ± 15.313 (H-O-M)
Ob         360    2.00 ± 0.00      1.6162 ± 0.0080      133.992 ± 6.426     
Oh         480    3.00 ± 0.00      1.5690 ± 0.4331      117.803 ± 15.733    
Op         240    3.00 ± 0.00      1.8451 ± 0.1726      117.749 ± 13.585    
Sit        240    4.00 ± 0.00      1.6128 ± 0.0093      109.420 ± 2.455     
--------------------------------------------------------------------------------

Bond Statistics for Unique Atom Type Pairs
--------------------------------------------------------------------------------
Bond Pair                 Count    Distance (Å)        
--------------------------------------------------------------------------------
Alo-Oh                    1920     1.8748 ± 0.0249
Alo-Op                    960      1.9663 ± 0.0235
H-Oh                      960      0.9575 ± 0.0044
Ob-Sit                    1440     1.6162 ± 0.0080
Op-Sit                    480      1.6027 ± 0.0042
--------------------------------------------------------------------------------

Angle Statistics for Unique Atom Type Triplets
--------------------------------------------------------------------------------
Angle Triplet             Count    Angle (°)           
--------------------------------------------------------------------------------
Alo-Oh-Alo                480      104.472 ± 2.654
Alo-Oh-H                  960      124.468 ± 15.313
Alo-Op-Alo                240      98.722 ± 0.173
Alo-Op-Sit                480      127.262 ± 2.215
Ob-Sit-Ob                 720      107.241 ± 1.327
Ob-Sit-Op                 720      111.598 ± 0.892
Oh-Alo-Oh                 1440     105.132 ± 28.458
Oh-Alo-Op                 1920     107.658 ± 34.246
Op-Alo-Op                 240      89.824 ± 0.461
Sit-Ob-Sit                360      133.992 ± 6.426
--------------------------------------------------------------------------------

