System Dimensions and Properties
--------------------------------------------------------------------------------
Box_dim (Å):
  Full matrix: [26.3700, 27.3510, 26.8781, 0.0000, 0.0000, 0.0000, 0.0000, -3.6293, 0.0000]
Cell parameters:
  a, b, c (Å): 26.3700, 27.3510, 27.1220
  α, β, γ (°): 90.0000, 97.6900, 90.0000
  Volume: 19385.7186 Å³

Box_dim and Cell explanations:
  Box_dim: A 1D array of box dimensions, typically in Angstroms.
          For orthogonal boxes: [Lx, Ly, Lz]
          For triclinic boxes: [Lx, Ly, Lz, xy, xz, yz] or [Lx, Ly, Lz, α, β, γ]
  Cell: A 1×6 array with cell parameters [a, b, c, α, β, γ]
        where a, b, c are lengths and α, β, γ are angles in degrees.
--------------------------------------------------------------------------------

Total charge: -0.0000000

Unique Atom Types and Their Coordination Environment
--------------------------------------------------------------------------------
Type       Count  Neighbors                     Charge
--------------------------------------------------------------------------------
H          120    Oh                           0.40000
Mgh        180    OhOhOpOpOpOp                 1.74000
Ob         360    SitSit                      -0.94200
Oh         120    HMghMghMgh                  -1.27000
Op         240    MghMghMghSit                -1.34100
Sit        240    ObObObOp                     1.88400
--------------------------------------------------------------------------------

Detailed Atom Type Statistics with Standard Deviations
--------------------------------------------------------------------------------
Type       Count  Coord#           Bond Dist (Å)        Angle (°)           
--------------------------------------------------------------------------------
H          120    1.00 ± 0.00      0.9526 ± 0.0043      119.659 ± 0.348 (H-O-M)
Mgh        180    6.00 ± 0.00      2.0642 ± 0.0311      107.699 ± 35.695    
Ob         360    2.00 ± 0.00      1.6377 ± 0.0047      136.475 ± 0.316     
Oh         120    4.00 ± 0.00      1.7538 ± 0.4631      108.643 ± 11.029    
Op         240    4.00 ± 0.00      1.9681 ± 0.2040      108.144 ± 14.504    
Sit        240    4.00 ± 0.00      1.6320 ± 0.0109      109.425 ± 2.330     
--------------------------------------------------------------------------------

Bond Statistics for Unique Atom Type Pairs
--------------------------------------------------------------------------------
Bond Pair                 Count    Distance (Å)        
--------------------------------------------------------------------------------
H-Oh                      240      0.9526 ± 0.0043
Mgh-Oh                    720      2.0209 ± 0.0055
Mgh-Op                    1440     2.0858 ± 0.0053
Ob-Sit                    1440     1.6377 ± 0.0047
Op-Sit                    480      1.6150 ± 0.0050
--------------------------------------------------------------------------------

Angle Statistics for Unique Atom Type Triplets
--------------------------------------------------------------------------------
Angle Triplet             Count    Angle (°)           
--------------------------------------------------------------------------------
H-Oh-Mgh                  360      119.659 ± 0.348
Mgh-Oh-Mgh                360      97.626 ± 0.270
Mgh-Op-Mgh                720      93.647 ± 0.232
Mgh-Op-Sit                720      122.640 ± 0.307
Ob-Sit-Ob                 720      107.107 ± 0.202
Ob-Sit-Op                 720      111.742 ± 0.255
Oh-Mgh-Oh                 180      115.138 ± 45.963
Oh-Mgh-Op                 1440     105.410 ± 32.396
Op-Mgh-Op                 1080     109.513 ± 37.649
Sit-Ob-Sit                360      136.475 ± 0.316
--------------------------------------------------------------------------------

