System Dimensions and Properties
--------------------------------------------------------------------------------
Box_dim (Å):
  Full matrix: [36.8270, 36.3960, 25.1728, 0.0000, 0.0000, 0.0000, 0.0000, -17.3980, 0.0000]
Cell parameters:
  a, b, c (Å): 36.8270, 36.3960, 30.6000
  α, β, γ (°): 90.0000, 124.6500, 90.0000
  Volume: 33740.5007 Å³

Box_dim and Cell explanations:
  Box_dim: A 1D array of box dimensions, typically in Angstroms.
          For orthogonal boxes: [Lx, Ly, Lz]
          For triclinic boxes: [Lx, Ly, Lz, xy, xz, yz] or [Lx, Ly, Lz, α, β, γ]
  Cell: A 1×6 array with cell parameters [a, b, c, α, β, γ]
        where a, b, c are lengths and α, β, γ are angles in degrees.
--------------------------------------------------------------------------------

Total charge: 0.0000000

Unique Atom Types and Their Coordination Environment
--------------------------------------------------------------------------------
Type       Count  Neighbors                     Charge
--------------------------------------------------------------------------------
Feo2       1680   OpOpOpOpOpOp                 1.18400
Op         1680   Feo2Feo2Feo2Feo2Feo2Feo2        -1.18400
--------------------------------------------------------------------------------

Detailed Atom Type Statistics with Standard Deviations
--------------------------------------------------------------------------------
Type       Count  Coord#           Bond Dist (Å)        Angle (°)           
--------------------------------------------------------------------------------
Feo2       1680   6.00 ± 0.00      2.1576 ± 0.0060      107.970 ± 35.944    
Op         1680   6.00 ± 0.00      2.1576 ± 0.0060      107.969 ± 35.942    
--------------------------------------------------------------------------------

Bond Statistics for Unique Atom Type Pairs
--------------------------------------------------------------------------------
Bond Pair                 Count    Distance (Å)        
--------------------------------------------------------------------------------
Feo2-Op                   20160    2.1576 ± 0.0060
--------------------------------------------------------------------------------

Angle Statistics for Unique Atom Type Triplets
--------------------------------------------------------------------------------
Angle Triplet             Count    Angle (°)           
--------------------------------------------------------------------------------
Feo2-Op-Feo2              25200    107.969 ± 35.942
Op-Feo2-Op                25200    107.970 ± 35.944
--------------------------------------------------------------------------------

