System Dimensions and Properties
--------------------------------------------------------------------------------
Box_dim (Å):
  Full matrix: [41.4400, 35.8800, 29.5886, 0.0000, 0.0000, 0.0000, 0.0000, -4.9514, 0.0000]
Cell parameters:
  a, b, c (Å): 41.4400, 35.8800, 30.0000
  α, β, γ (°): 90.0000, 99.4999, 90.0000
  Volume: 43994.3188 Å³

Box_dim and Cell explanations:
  Box_dim: A 1D array of box dimensions, typically in Angstroms.
          For orthogonal boxes: [Lx, Ly, Lz]
          For triclinic boxes: [Lx, Ly, Lz, xy, xz, yz] or [Lx, Ly, Lz, α, β, γ]
  Cell: A 1×6 array with cell parameters [a, b, c, α, β, γ]
        where a, b, c are lengths and α, β, γ are angles in degrees.
--------------------------------------------------------------------------------

Total charge: -8.0000000

Unique Atom Types and Their Coordination Environment
--------------------------------------------------------------------------------
Type       Count  Neighbors                     Charge
--------------------------------------------------------------------------------
Alo        16     OhOhOmgOmgOpOp               1.78200
Alo        224    OhOhOpOpOpOp                 1.78200
Feo3       8      OhmgOhmgOpOpOpOp             1.50000
H          240    Oh                           0.40000
H          16     Ohmg                         0.40000
Mgo        8      OhmgOhmgOmgOmgOmgOmg         1.56200
Ob         768    SitSit                      -0.94200
Oh         240    AloAloH                     -0.99400
Ohmg       16     Feo3HMgo                    -1.07700
Omg        32     AloMgoSit                   -1.19500
Op         448    AloAloSit                   -1.06500
Op         32     AloFeo3Sit                  -1.01800
Sit        32     ObObObOmg                    1.88400
Sit        480    ObObObOp                     1.88400
--------------------------------------------------------------------------------

Detailed Atom Type Statistics with Standard Deviations
--------------------------------------------------------------------------------
Type       Count  Coord#           Bond Dist (Å)        Angle (°)           
--------------------------------------------------------------------------------
Alo        240    6.00 ± 0.00      1.9183 ± 0.0242      105.588 ± 31.140    
Feo3       8      6.00 ± 0.00      2.0224 ± 0.0832      105.059 ± 30.674    
H          256    1.00 ± 0.00      0.9695 ± 0.0047      120.964 ± 2.648 (H-O-M)
Mgo        8      6.00 ± 0.00      2.0484 ± 0.0337      105.534 ± 31.459    
Ob         768    2.00 ± 0.00      1.6308 ± 0.0075      133.315 ± 5.557     
Oh         240    3.00 ± 0.00      1.5828 ± 0.4340      114.760 ± 8.467     
Ohmg       16     3.00 ± 0.00      1.6495 ± 0.4905      117.260 ± 13.347    
Omg        32     3.00 ± 0.00      1.8502 ± 0.1757      116.350 ± 14.381    
Op         480    3.00 ± 0.00      1.8407 ± 0.1409      117.665 ± 11.493    
Sit        512    4.00 ± 0.00      1.6338 ± 0.0091      109.457 ± 1.741     
--------------------------------------------------------------------------------

Bond Statistics for Unique Atom Type Pairs
--------------------------------------------------------------------------------
Bond Pair                 Count    Distance (Å)        
--------------------------------------------------------------------------------
Alo-Oh                    960      1.8895 ± 0.0079
Alo-Omg                   64       1.8900 ± 0.0137
Alo-Op                    1856     1.9341 ± 0.0127
Feo3-Ohmg                 32       1.9138 ± 0.0021
Feo3-Op                   64       2.0767 ± 0.0366
H-Oh                      480      0.9696 ± 0.0046
H-Ohmg                    32       0.9689 ± 0.0051
Mgo-Ohmg                  32       2.0659 ± 0.0160
Mgo-Omg                   64       2.0397 ± 0.0366
Ob-Sit                    3072     1.6308 ± 0.0075
Omg-Sit                   64       1.6209 ± 0.0050
Op-Sit                    960      1.6445 ± 0.0042
--------------------------------------------------------------------------------

Angle Statistics for Unique Atom Type Triplets
--------------------------------------------------------------------------------
Angle Triplet             Count    Angle (°)           
--------------------------------------------------------------------------------
Alo-Oh-Alo                240      103.066 ± 0.902
Alo-Oh-H                  480      120.606 ± 2.104
Alo-Omg-Mgo               32       97.441 ± 1.105
Alo-Omg-Sit               32       131.586 ± 2.037
Alo-Op-Alo                448      101.739 ± 0.501
Alo-Op-Feo3               32       101.619 ± 1.401
Alo-Op-Sit                928      125.788 ± 2.596
Feo3-Ohmg-H               16       122.836 ± 1.330
Feo3-Ohmg-Mgo             16       99.128 ± 0.497
Feo3-Op-Sit               32       121.097 ± 2.484
H-Ohmg-Mgo                16       129.815 ± 2.057
Mgo-Omg-Sit               32       120.023 ± 2.409
Ob-Sit-Ob                 1536     109.128 ± 2.051
Ob-Sit-Omg                96       110.407 ± 1.867
Ob-Sit-Op                 1440     109.744 ± 1.224
Oh-Alo-Oh                 240      76.916 ± 0.861
Oh-Alo-Omg                64       112.511 ± 33.872
Oh-Alo-Op                 1856     112.920 ± 31.176
Ohmg-Feo3-Ohmg            8        84.594 ± 0.007
Ohmg-Feo3-Op              64       114.494 ± 30.997
Ohmg-Mgo-Ohmg             8        77.131 ± 0.004
Ohmg-Mgo-Omg              64       109.665 ± 30.870
Omg-Alo-Omg               16       86.304 ± 0.371
Omg-Alo-Op                64       112.034 ± 33.982
Omg-Mgo-Omg               48       104.759 ± 32.669
Op-Alo-Op                 1360     100.239 ± 29.641
Op-Feo3-Op                48       95.891 ± 28.566
Sit-Ob-Sit                768      133.315 ± 5.557
--------------------------------------------------------------------------------

