System Dimensions and Properties
--------------------------------------------------------------------------------
Box_dim (Å):
  Orthogonal box: [27.0900, 24.8000, 27.5400]
  Volume: 18502.2533 Å³
Cell parameters:
  a, b, c (Å): 27.0900, 24.8000, 27.5400
  α, β, γ (°): 90.0000, 90.0000, 90.0000
  Volume: 18502.2533 Å³

Box_dim and Cell explanations:
  Box_dim: A 1D array of box dimensions, typically in Angstroms.
          For orthogonal boxes: [Lx, Ly, Lz]
          For triclinic boxes: [Lx, Ly, Lz, xy, xz, yz] or [Lx, Ly, Lz, α, β, γ]
  Cell: A 1×6 array with cell parameters [a, b, c, α, β, γ]
        where a, b, c are lengths and α, β, γ are angles in degrees.
--------------------------------------------------------------------------------

Total charge: -0.0000000

Unique Atom Types and Their Coordination Environment
--------------------------------------------------------------------------------
Type       Count  Neighbors                     Charge
--------------------------------------------------------------------------------
Feo3       504    ObObObObOhOh                 1.50000
H          504    Oh                           0.40000
Ob         504    Feo3Feo3Feo3Feo3            -1.00000
Oh         504    Feo3Feo3H                   -0.90000
--------------------------------------------------------------------------------

Detailed Atom Type Statistics with Standard Deviations
--------------------------------------------------------------------------------
Type       Count  Coord#           Bond Dist (Å)        Angle (°)           
--------------------------------------------------------------------------------
Feo3       504    6.00 ± 0.00      2.0464 ± 0.0818      107.795 ± 35.642    
H          504    1.00 ± 0.00      0.9575 ± 0.0043      132.510 ± 0.088 (H-O-M)
Ob         504    4.00 ± 0.00      2.0318 ± 0.0969      105.317 ± 33.412    
Oh         504    3.00 ± 0.00      1.7029 ± 0.5272      120.000 ± 17.699    
--------------------------------------------------------------------------------

Bond Statistics for Unique Atom Type Pairs
--------------------------------------------------------------------------------
Bond Pair                 Count    Distance (Å)        
--------------------------------------------------------------------------------
Feo3-Ob                   4032     2.0318 ± 0.0969
Feo3-Oh                   2016     2.0756 ± 0.0029
H-Oh                      1008     0.9575 ± 0.0043
--------------------------------------------------------------------------------

Angle Statistics for Unique Atom Type Triplets
--------------------------------------------------------------------------------
Angle Triplet             Count    Angle (°)           
--------------------------------------------------------------------------------
Feo3-Ob-Feo3              3024     105.317 ± 33.412
Feo3-Oh-Feo3              504      94.979 ± 0.176
Feo3-Oh-H                 1008     132.510 ± 0.088
Ob-Feo3-Ob                3024     105.317 ± 33.412
Ob-Feo3-Oh                4032     111.255 ± 38.832
Oh-Feo3-Oh                504      94.979 ± 0.176
--------------------------------------------------------------------------------

