System Dimensions and Properties
--------------------------------------------------------------------------------
Box_dim (Å):
  Orthogonal box: [25.2180, 25.2180, 25.2180]
  Volume: 16037.3247 Å³
Cell parameters:
  a, b, c (Å): 25.2180, 25.2180, 25.2180
  α, β, γ (°): 90.0000, 90.0000, 90.0000
  Volume: 16037.3247 Å³

Box_dim and Cell explanations:
  Box_dim: A 1D array of box dimensions, typically in Angstroms.
          For orthogonal boxes: [Lx, Ly, Lz]
          For triclinic boxes: [Lx, Ly, Lz, xy, xz, yz] or [Lx, Ly, Lz, α, β, γ]
  Cell: A 1×6 array with cell parameters [a, b, c, α, β, γ]
        where a, b, c are lengths and α, β, γ are angles in degrees.
--------------------------------------------------------------------------------

Total charge: 0.0000000

Unique Atom Types and Their Coordination Environment
--------------------------------------------------------------------------------
Type       Count  Neighbors                     Charge
--------------------------------------------------------------------------------
Mgo        864    ObObObObObOb                 1.56200
Ob         864    MgoMgoMgoMgoMgoMgo          -1.56200
--------------------------------------------------------------------------------

Detailed Atom Type Statistics with Standard Deviations
--------------------------------------------------------------------------------
Type       Count  Coord#           Bond Dist (Å)        Angle (°)           
--------------------------------------------------------------------------------
Mgo        864    6.00 ± 0.00      2.1015 ± 0.0038      108.000 ± 36.001    
Ob         864    6.00 ± 0.00      2.1015 ± 0.0038      108.000 ± 36.001    
--------------------------------------------------------------------------------

Bond Statistics for Unique Atom Type Pairs
--------------------------------------------------------------------------------
Bond Pair                 Count    Distance (Å)        
--------------------------------------------------------------------------------
Mgo-Ob                    10368    2.1015 ± 0.0038
--------------------------------------------------------------------------------

Angle Statistics for Unique Atom Type Triplets
--------------------------------------------------------------------------------
Angle Triplet             Count    Angle (°)           
--------------------------------------------------------------------------------
Mgo-Ob-Mgo                12960    108.000 ± 36.001
Ob-Mgo-Ob                 12960    108.000 ± 36.001
--------------------------------------------------------------------------------

