System Dimensions and Properties
--------------------------------------------------------------------------------
Box_dim (Å):
  Full matrix: [41.4400, 35.8800, 29.5886, 0.0000, 0.0000, 0.0000, 0.0000, -4.9514, 0.0000]
Cell parameters:
  a, b, c (Å): 41.4400, 35.8800, 30.0000
  α, β, γ (°): 90.0000, 99.4999, 90.0000
  Volume: 43994.3188 Å³

Box_dim and Cell explanations:
  Box_dim: A 1D array of box dimensions, typically in Angstroms.
          For orthogonal boxes: [Lx, Ly, Lz]
          For triclinic boxes: [Lx, Ly, Lz, xy, xz, yz] or [Lx, Ly, Lz, α, β, γ]
  Cell: A 1×6 array with cell parameters [a, b, c, α, β, γ]
        where a, b, c are lengths and α, β, γ are angles in degrees.
--------------------------------------------------------------------------------

Total charge: -8.0000000

Unique Atom Types and Their Coordination Environment
--------------------------------------------------------------------------------
Type       Count  Neighbors                     Charge
--------------------------------------------------------------------------------
Alo        240    OhOhOpOpOpOp                 1.78200
Alo        16     OhOhOpOpOpOps                1.78200
Fet3       8      OaltOaltOaltOps              1.50000
H          256    Oh                           0.40000
Oalt       24     Fet3Sit                     -1.09600
Ob         744    SitSit                      -0.94200
Oh         256    AloAloH                     -0.99400
Op         504    AloAloSit                   -1.06500
Ops        8      AloAloFet3                  -1.21900
Sit        24     OaltObObOp                   1.88400
Sit        480    ObObObOp                     1.88400
--------------------------------------------------------------------------------

Detailed Atom Type Statistics with Standard Deviations
--------------------------------------------------------------------------------
Type       Count  Coord#           Bond Dist (Å)        Angle (°)           
--------------------------------------------------------------------------------
Alo        256    6.00 ± 0.00      1.9254 ± 0.0326      105.674 ± 31.362    
Fet3       8      4.00 ± 0.00      1.8610 ± 0.0122      109.329 ± 3.801     
H          256    1.00 ± 0.00      0.9713 ± 0.0039      119.534 ± 3.224 (H-O-M)
Oalt       24     2.00 ± 0.00      1.7258 ± 0.1305      126.228 ± 4.932     
Ob         744    2.00 ± 0.00      1.6340 ± 0.0072      132.430 ± 4.401     
Oh         256    3.00 ± 0.00      1.5835 ± 0.4333      114.476 ± 7.670     
Op         504    3.00 ± 0.00      1.8456 ± 0.1414      117.070 ± 11.724    
Ops        8      3.00 ± 0.00      1.8603 ± 0.0216      117.119 ± 10.551    
Sit        504    4.00 ± 0.00      1.6368 ± 0.0102      109.458 ± 1.609     
--------------------------------------------------------------------------------

Bond Statistics for Unique Atom Type Pairs
--------------------------------------------------------------------------------
Bond Pair                 Count    Distance (Å)        
--------------------------------------------------------------------------------
Alo-Oh                    1024     1.8896 ± 0.0137
Alo-Op                    2016     1.9448 ± 0.0199
Alo-Ops                   32       1.8506 ± 0.0198
Fet3-Oalt                 48       1.8548 ± 0.0056
Fet3-Ops                  16       1.8796 ± 0.0051
H-Oh                      512      0.9713 ± 0.0039
Oalt-Sit                  48       1.5967 ± 0.0047
Ob-Sit                    2976     1.6340 ± 0.0072
Op-Sit                    1008     1.6471 ± 0.0072
--------------------------------------------------------------------------------

Angle Statistics for Unique Atom Type Triplets
--------------------------------------------------------------------------------
Angle Triplet             Count    Angle (°)           
--------------------------------------------------------------------------------
Alo-Oh-Alo                256      104.359 ± 1.403
Alo-Oh-H                  512      119.534 ± 3.224
Alo-Op-Alo                504      100.701 ± 0.923
Alo-Op-Sit                1008     125.255 ± 2.155
Alo-Ops-Alo               8        102.858 ± 0.283
Alo-Ops-Fet3              16       124.250 ± 2.818
Fet3-Oalt-Sit             24       126.228 ± 4.932
Oalt-Fet3-Oalt            24       112.863 ± 0.916
Oalt-Fet3-Ops             24       105.796 ± 1.621
Oalt-Sit-Ob               48       110.142 ± 2.362
Oalt-Sit-Op               24       113.209 ± 0.866
Ob-Sit-Ob                 1464     109.285 ± 1.904
Ob-Sit-Op                 1488     109.545 ± 1.107
Oh-Alo-Oh                 256      131.575 ± 34.123
Oh-Alo-Op                 2016     99.276 ± 26.321
Oh-Alo-Ops                32       88.026 ± 8.629
Op-Alo-Op                 1488     109.787 ± 34.064
Op-Alo-Ops                48       120.465 ± 34.354
Sit-Ob-Sit                744      132.430 ± 4.401
--------------------------------------------------------------------------------

