System Dimensions and Properties
--------------------------------------------------------------------------------
Box_dim (Å):
  Full matrix: [41.4400, 35.8800, 29.5886, 0.0000, 0.0000, 0.0000, 0.0000, -4.9514, 0.0000]
Cell parameters:
  a, b, c (Å): 41.4400, 35.8800, 30.0000
  α, β, γ (°): 90.0000, 99.4999, 90.0000
  Volume: 43994.3188 Å³

Box_dim and Cell explanations:
  Box_dim: A 1D array of box dimensions, typically in Angstroms.
          For orthogonal boxes: [Lx, Ly, Lz]
          For triclinic boxes: [Lx, Ly, Lz, xy, xz, yz] or [Lx, Ly, Lz, α, β, γ]
  Cell: A 1×6 array with cell parameters [a, b, c, α, β, γ]
        where a, b, c are lengths and α, β, γ are angles in degrees.
--------------------------------------------------------------------------------

Total charge: 0.0000000

Unique Atom Types and Their Coordination Environment
--------------------------------------------------------------------------------
Type       Count  Neighbors                     Charge
--------------------------------------------------------------------------------
Alo        248    OhOhOpOpOpOp                 1.78200
Feo3       8      OhOhOpOpOpOp                 1.50000
H          256    Oh                           0.40000
Ob         768    SitSit                      -0.94200
Oh         240    AloAloH                     -0.99400
Oh         16     AloFeo3H                    -0.94700
Op         480    AloAloSit                   -1.06500
Op         32     AloFeo3Sit                  -1.01800
Sit        512    ObObObOp                     1.88400
--------------------------------------------------------------------------------

Detailed Atom Type Statistics with Standard Deviations
--------------------------------------------------------------------------------
Type       Count  Coord#           Bond Dist (Å)        Angle (°)           
--------------------------------------------------------------------------------
Alo        248    6.00 ± 0.00      1.9256 ± 0.0282      105.741 ± 31.489    
Feo3       8      6.00 ± 0.00      2.0122 ± 0.0272      105.671 ± 31.610    
H          256    1.00 ± 0.00      0.9720 ± 0.0044      118.979 ± 1.272 (H-O-M)
Ob         768    2.00 ± 0.00      1.6329 ± 0.0062      132.811 ± 4.202     
Oh         256    3.00 ± 0.00      1.5852 ± 0.4342      114.046 ± 7.065     
Op         512    3.00 ± 0.00      1.8475 ± 0.1410      116.950 ± 11.776    
Sit        512    4.00 ± 0.00      1.6370 ± 0.0094      109.459 ± 1.449     
--------------------------------------------------------------------------------

Bond Statistics for Unique Atom Type Pairs
--------------------------------------------------------------------------------
Bond Pair                 Count    Distance (Å)        
--------------------------------------------------------------------------------
Alo-Oh                    992      1.8890 ± 0.0074
Alo-Op                    1984     1.9439 ± 0.0128
Feo3-Oh                   32       1.9811 ± 0.0129
Feo3-Op                   64       2.0278 ± 0.0169
H-Oh                      512      0.9720 ± 0.0044
Ob-Sit                    3072     1.6329 ± 0.0062
Op-Sit                    1024     1.6494 ± 0.0059
--------------------------------------------------------------------------------

Angle Statistics for Unique Atom Type Triplets
--------------------------------------------------------------------------------
Angle Triplet             Count    Angle (°)           
--------------------------------------------------------------------------------
Alo-Oh-Alo                240      104.298 ± 0.279
Alo-Oh-Feo3               16       102.442 ± 1.182
Alo-Oh-H                  496      119.041 ± 1.151
Alo-Op-Alo                480      100.541 ± 0.814
Alo-Op-Feo3               32       99.861 ± 0.765
Alo-Op-Sit                992      125.248 ± 2.098
Feo3-Oh-H                 16       117.043 ± 2.703
Feo3-Op-Sit               32       122.924 ± 2.172
Ob-Sit-Ob                 1536     109.436 ± 1.777
Ob-Sit-Op                 1536     109.483 ± 1.019
Oh-Alo-Oh                 248      132.774 ± 34.455
Oh-Alo-Op                 1984     98.861 ± 25.880
Oh-Feo3-Oh                8        96.801 ± 0.004
Oh-Feo3-Op                64       108.215 ± 34.097
Op-Alo-Op                 1488     110.408 ± 34.390
Op-Feo3-Op                48       103.756 ± 30.750
Sit-Ob-Sit                768      132.811 ± 4.202
--------------------------------------------------------------------------------

