System Dimensions and Properties
--------------------------------------------------------------------------------
Box_dim (Å):
  Orthogonal box: [48.8314, 48.8314, 49.7417]
  Volume: 118609.3635 Å³
Cell parameters:
  a, b, c (Å): 48.8314, 48.8314, 49.7417
  α, β, γ (°): 90.0000, 90.0000, 90.0000
  Volume: 118609.3635 Å³

Box_dim and Cell explanations:
  Box_dim: A 1D array of box dimensions, typically in Angstroms.
          For orthogonal boxes: [Lx, Ly, Lz]
          For triclinic boxes: [Lx, Ly, Lz, xy, xz, yz] or [Lx, Ly, Lz, α, β, γ]
  Cell: A 1×6 array with cell parameters [a, b, c, α, β, γ]
        where a, b, c are lengths and α, β, γ are angles in degrees.
--------------------------------------------------------------------------------

Total charge: 0.0000000

Unique Atom Types and Their Coordination Environment
--------------------------------------------------------------------------------
Type       Count  Neighbors                     Charge
--------------------------------------------------------------------------------
Alo        240    OhOhOhOpOpOp                 1.78200
H          360    Oh                           0.40000
H          120    Osih                         0.40000
Oh         360    AloAloH                     -0.99400
Op         360    AloAloSit                   -1.06500
Osih       120    HSit                        -0.87100
Sit        120    OpOpOpOsih                   1.88400
--------------------------------------------------------------------------------

Detailed Atom Type Statistics with Standard Deviations
--------------------------------------------------------------------------------
Type       Count  Coord#           Bond Dist (Å)        Angle (°)           
--------------------------------------------------------------------------------
Alo        240    6.00 ± 0.00      1.9452 ± 0.0595      106.364 ± 32.827    
H          480    1.00 ± 0.00      0.9575 ± 0.0032      115.143 ± 6.848 (H-O-M)
Oh         360    3.00 ± 0.00      1.6328 ± 0.4816      107.369 ± 11.656    
Op         360    3.00 ± 0.00      1.8088 ± 0.1586      118.396 ± 15.715    
Osih       120    2.00 ± 0.00      1.2847 ± 0.3276      119.290 ± 1.318     
Sit        120    4.00 ± 0.00      1.5928 ± 0.0220      109.417 ± 2.589     
--------------------------------------------------------------------------------

Bond Statistics for Unique Atom Type Pairs
--------------------------------------------------------------------------------
Bond Pair                 Count    Distance (Å)        
--------------------------------------------------------------------------------
Alo-Oh                    1440     1.9705 ± 0.0733
Alo-Op                    1440     1.9199 ± 0.0204
H-Oh                      720      0.9574 ± 0.0031
H-Osih                    240      0.9578 ± 0.0032
Op-Sit                    720      1.5866 ± 0.0211
Osih-Sit                  240      1.6115 ± 0.0119
--------------------------------------------------------------------------------

Angle Statistics for Unique Atom Type Triplets
--------------------------------------------------------------------------------
Angle Triplet             Count    Angle (°)           
--------------------------------------------------------------------------------
Alo-Oh-Alo                360      93.204 ± 2.060
Alo-Oh-H                  720      114.451 ± 7.147
Alo-Op-Alo                360      96.417 ± 2.128
Alo-Op-Sit                720      129.385 ± 2.355
H-Osih-Sit                120      119.290 ± 1.318
Oh-Alo-Oh                 720      93.577 ± 6.260
Oh-Alo-Op                 2160     115.585 ± 39.559
Op-Alo-Op                 720      91.488 ± 3.876
Op-Sit-Op                 360      107.044 ± 0.689
Op-Sit-Osih               360      111.790 ± 1.285
--------------------------------------------------------------------------------

