System Dimensions and Properties
--------------------------------------------------------------------------------
Box_dim (Å):
  Orthogonal box: [26.4810, 26.4810, 28.5270]
  Volume: 20004.3694 Å³
Cell parameters:
  a, b, c (Å): 26.4810, 26.4810, 28.5270
  α, β, γ (°): 90.0000, 90.0000, 90.0000
  Volume: 20004.3694 Å³

Box_dim and Cell explanations:
  Box_dim: A 1D array of box dimensions, typically in Angstroms.
          For orthogonal boxes: [Lx, Ly, Lz]
          For triclinic boxes: [Lx, Ly, Lz, xy, xz, yz] or [Lx, Ly, Lz, α, β, γ]
  Cell: A 1×6 array with cell parameters [a, b, c, α, β, γ]
        where a, b, c are lengths and α, β, γ are angles in degrees.
--------------------------------------------------------------------------------

Total charge: 0.0000000

Unique Atom Types and Their Coordination Environment
--------------------------------------------------------------------------------
Type       Count  Neighbors                     Charge
--------------------------------------------------------------------------------
Ob         1176   TioTioTio                   -1.24000
Tio        588    ObObObObObOb                 2.48000
--------------------------------------------------------------------------------

Detailed Atom Type Statistics with Standard Deviations
--------------------------------------------------------------------------------
Type       Count  Coord#           Bond Dist (Å)        Angle (°)           
--------------------------------------------------------------------------------
Ob         1176   3.00 ± 0.00      1.9482 ± 0.0217      120.001 ± 25.595    
Tio        588    6.00 ± 0.00      1.9482 ± 0.0217      105.475 ± 31.015    
--------------------------------------------------------------------------------

Bond Statistics for Unique Atom Type Pairs
--------------------------------------------------------------------------------
Bond Pair                 Count    Distance (Å)        
--------------------------------------------------------------------------------
Ob-Tio                    7056     1.9482 ± 0.0217
--------------------------------------------------------------------------------

Angle Statistics for Unique Atom Type Triplets
--------------------------------------------------------------------------------
Angle Triplet             Count    Angle (°)           
--------------------------------------------------------------------------------
Ob-Tio-Ob                 8820     105.475 ± 31.015
Tio-Ob-Tio                3528     120.001 ± 25.595
--------------------------------------------------------------------------------

