System Dimensions and Properties
--------------------------------------------------------------------------------
Box_dim (Å):
  Orthogonal box: [25.6590, 36.3600, 26.1520]
  Volume: 24398.8023 Å³
Cell parameters:
  a, b, c (Å): 25.6590, 36.3600, 26.1520
  α, β, γ (°): 90.0000, 90.0000, 90.0000
  Volume: 24398.8023 Å³

Box_dim and Cell explanations:
  Box_dim: A 1D array of box dimensions, typically in Angstroms.
          For orthogonal boxes: [Lx, Ly, Lz]
          For triclinic boxes: [Lx, Ly, Lz, xy, xz, yz] or [Lx, Ly, Lz, α, β, γ]
  Cell: A 1×6 array with cell parameters [a, b, c, α, β, γ]
        where a, b, c are lengths and α, β, γ are angles in degrees.
--------------------------------------------------------------------------------

Total charge: -0.0000000

Unique Atom Types and Their Coordination Environment
--------------------------------------------------------------------------------
Type       Count  Neighbors                     Charge
--------------------------------------------------------------------------------
Alo        756    ObObObObOhOh                 1.78200
H          756    Oh                           0.40000
Ob         756    AloAloAloAlo                -1.18800
Oh         756    AloAloH                     -0.99400
--------------------------------------------------------------------------------

Detailed Atom Type Statistics with Standard Deviations
--------------------------------------------------------------------------------
Type       Count  Coord#           Bond Dist (Å)        Angle (°)           
--------------------------------------------------------------------------------
Alo        756    6.00 ± 0.00      1.9493 ± 0.1555      105.659 ± 32.197    
H          756    1.00 ± 0.00      0.9600 ± 0.0000      127.908 ± 0.096 (H-O-M)
Ob         756    4.00 ± 0.00      2.0206 ± 0.1449      104.598 ± 29.378    
Oh         756    3.00 ± 0.00      1.5245 ± 0.3992      120.001 ± 11.185    
--------------------------------------------------------------------------------

Bond Statistics for Unique Atom Type Pairs
--------------------------------------------------------------------------------
Bond Pair                 Count    Distance (Å)        
--------------------------------------------------------------------------------
Alo-Ob                    6048     2.0206 ± 0.1449
Alo-Oh                    3024     1.8067 ± 0.0039
H-Oh                      1512     0.9600 ± 0.0000
--------------------------------------------------------------------------------

Angle Statistics for Unique Atom Type Triplets
--------------------------------------------------------------------------------
Angle Triplet             Count    Angle (°)           
--------------------------------------------------------------------------------
Alo-Ob-Alo                4536     104.598 ± 29.378
Alo-Oh-Alo                756      104.186 ± 0.059
Alo-Oh-H                  1512     127.908 ± 0.096
Ob-Alo-Ob                 4536     99.382 ± 31.436
Ob-Alo-Oh                 6048     110.550 ± 33.897
Oh-Alo-Oh                 756      104.186 ± 0.059
--------------------------------------------------------------------------------

