System Dimensions and Properties
--------------------------------------------------------------------------------
Box_dim (Å):
  Orthogonal box: [26.4000, 37.5600, 34.0800]
  Volume: 33793.1827 Å³
Cell parameters:
  a, b, c (Å): 26.4000, 37.5600, 34.0800
  α, β, γ (°): 90.0000, 90.0000, 90.0000
  Volume: 33793.1827 Å³

Box_dim and Cell explanations:
  Box_dim: A 1D array of box dimensions, typically in Angstroms.
          For orthogonal boxes: [Lx, Ly, Lz]
          For triclinic boxes: [Lx, Ly, Lz, xy, xz, yz] or [Lx, Ly, Lz, α, β, γ]
  Cell: A 1×6 array with cell parameters [a, b, c, α, β, γ]
        where a, b, c are lengths and α, β, γ are angles in degrees.
--------------------------------------------------------------------------------

Total charge: -0.0000000

Unique Atom Types and Their Coordination Environment
--------------------------------------------------------------------------------
Type       Count  Neighbors                     Charge
--------------------------------------------------------------------------------
Alo        1152   ObObObOhOhOh                 1.78200
H          1152   Oh                           0.40000
Ob         1152   AloAloAlo                   -1.39100
Oh         1152   AloAloAloH                  -0.79100
--------------------------------------------------------------------------------

Detailed Atom Type Statistics with Standard Deviations
--------------------------------------------------------------------------------
Type       Count  Coord#           Bond Dist (Å)        Angle (°)           
--------------------------------------------------------------------------------
Alo        1152   6.00 ± 0.00      1.9171 ± 0.0814      105.250 ± 31.861    
H          1152   1.00 ± 0.00      0.9605 ± 0.0000      119.260 ± 3.709 (H-O-M)
Ob         1152   3.00 ± 0.00      1.8367 ± 0.0161      117.214 ± 10.666    
Oh         1152   4.00 ± 0.00      1.7382 ± 0.4491      108.758 ± 11.423    
--------------------------------------------------------------------------------

Bond Statistics for Unique Atom Type Pairs
--------------------------------------------------------------------------------
Bond Pair                 Count    Distance (Å)        
--------------------------------------------------------------------------------
Alo-Ob                    6912     1.8367 ± 0.0161
Alo-Oh                    6912     1.9974 ± 0.0086
H-Oh                      2304     0.9605 ± 0.0000
--------------------------------------------------------------------------------

Angle Statistics for Unique Atom Type Triplets
--------------------------------------------------------------------------------
Angle Triplet             Count    Angle (°)           
--------------------------------------------------------------------------------
Alo-Ob-Alo                3456     117.214 ± 10.666
Alo-Oh-Alo                3456     98.256 ± 5.158
Alo-Oh-H                  3456     119.260 ± 3.709
Ob-Alo-Ob                 3456     99.413 ± 1.932
Ob-Alo-Oh                 10368    114.816 ± 37.433
Oh-Alo-Oh                 3456     82.387 ± 6.068
--------------------------------------------------------------------------------

