System Dimensions and Properties
--------------------------------------------------------------------------------
Box_dim (Å):
  Full matrix: [35.2450, 26.1626, 27.4940, 0.0000, 0.0000, -15.1050, 0.0000, 0.0000, 0.0000]
Cell parameters:
  a, b, c (Å): 35.2450, 30.2100, 27.4940
  α, β, γ (°): 90.0000, 90.0000, 120.0000
  Volume: 25352.2404 Å³

Box_dim and Cell explanations:
  Box_dim: A 1D array of box dimensions, typically in Angstroms.
          For orthogonal boxes: [Lx, Ly, Lz]
          For triclinic boxes: [Lx, Ly, Lz, xy, xz, yz] or [Lx, Ly, Lz, α, β, γ]
  Cell: A 1×6 array with cell parameters [a, b, c, α, β, γ]
        where a, b, c are lengths and α, β, γ are angles in degrees.
--------------------------------------------------------------------------------

Total charge: 0.0000000

Unique Atom Types and Their Coordination Environment
--------------------------------------------------------------------------------
Type       Count  Neighbors                     Charge
--------------------------------------------------------------------------------
Feo3       1008   ObObObObObOb                 1.50000
Ob         1512   Feo3Feo3Feo3Feo3            -1.00000
--------------------------------------------------------------------------------

Detailed Atom Type Statistics with Standard Deviations
--------------------------------------------------------------------------------
Type       Count  Coord#           Bond Dist (Å)        Angle (°)           
--------------------------------------------------------------------------------
Feo3       1008   6.00 ± 0.00      2.0288 ± 0.0849      103.935 ± 30.218    
Ob         1512   4.00 ± 0.00      2.0288 ± 0.0849      109.517 ± 18.705    
--------------------------------------------------------------------------------

Bond Statistics for Unique Atom Type Pairs
--------------------------------------------------------------------------------
Bond Pair                 Count    Distance (Å)        
--------------------------------------------------------------------------------
Feo3-Ob                   12096    2.0288 ± 0.0849
--------------------------------------------------------------------------------

Angle Statistics for Unique Atom Type Triplets
--------------------------------------------------------------------------------
Angle Triplet             Count    Angle (°)           
--------------------------------------------------------------------------------
Feo3-Ob-Feo3              9072     109.517 ± 18.705
Ob-Feo3-Ob                15120    103.935 ± 30.218
--------------------------------------------------------------------------------

