System Dimensions and Properties
--------------------------------------------------------------------------------
Box_dim (Å):
  Orthogonal box: [27.5520, 27.5520, 26.6220]
  Volume: 20209.0984 Å³
Cell parameters:
  a, b, c (Å): 27.5520, 27.5520, 26.6220
  α, β, γ (°): 90.0000, 90.0000, 90.0000
  Volume: 20209.0984 Å³

Box_dim and Cell explanations:
  Box_dim: A 1D array of box dimensions, typically in Angstroms.
          For orthogonal boxes: [Lx, Ly, Lz]
          For triclinic boxes: [Lx, Ly, Lz, xy, xz, yz] or [Lx, Ly, Lz, α, β, γ]
  Cell: A 1×6 array with cell parameters [a, b, c, α, β, γ]
        where a, b, c are lengths and α, β, γ are angles in degrees.
--------------------------------------------------------------------------------

Total charge: -0.0000000

Unique Atom Types and Their Coordination Environment
--------------------------------------------------------------------------------
Type       Count  Neighbors                     Charge
--------------------------------------------------------------------------------
Ob         1296   TioTioTio                   -1.24000
Tio        648    ObObObObObOb                 2.48000
--------------------------------------------------------------------------------

Detailed Atom Type Statistics with Standard Deviations
--------------------------------------------------------------------------------
Type       Count  Coord#           Bond Dist (Å)        Angle (°)           
--------------------------------------------------------------------------------
Ob         1296   3.00 ± 0.00      1.9583 ± 0.0157      120.000 ± 14.973    
Tio        648    6.00 ± 0.00      1.9583 ± 0.0157      107.956 ± 36.202    
--------------------------------------------------------------------------------

Bond Statistics for Unique Atom Type Pairs
--------------------------------------------------------------------------------
Bond Pair                 Count    Distance (Å)        
--------------------------------------------------------------------------------
Ob-Tio                    7776     1.9583 ± 0.0157
--------------------------------------------------------------------------------

Angle Statistics for Unique Atom Type Triplets
--------------------------------------------------------------------------------
Angle Triplet             Count    Angle (°)           
--------------------------------------------------------------------------------
Ob-Tio-Ob                 9720     107.956 ± 36.202
Tio-Ob-Tio                3888     120.000 ± 14.973
--------------------------------------------------------------------------------

