System Dimensions and Properties
--------------------------------------------------------------------------------
Box_dim (Å):
  Full matrix: [25.8000, 26.8975, 27.5696, 0.0000, 0.0000, 0.1690, 0.0000, -5.0908, -0.5455]
Cell parameters:
  a, b, c (Å): 25.8000, 26.8980, 28.0410
  α, β, γ (°): 91.1800, 100.4600, 89.6400
  Volume: 19132.0756 Å³

Box_dim and Cell explanations:
  Box_dim: A 1D array of box dimensions, typically in Angstroms.
          For orthogonal boxes: [Lx, Ly, Lz]
          For triclinic boxes: [Lx, Ly, Lz, xy, xz, yz] or [Lx, Ly, Lz, α, β, γ]
  Cell: A 1×6 array with cell parameters [a, b, c, α, β, γ]
        where a, b, c are lengths and α, β, γ are angles in degrees.
--------------------------------------------------------------------------------

Total charge: 0.0000000

Unique Atom Types and Their Coordination Environment
--------------------------------------------------------------------------------
Type       Count  Neighbors                     Charge
--------------------------------------------------------------------------------
Alo        180    OhOhOpOpOpOp                 1.78200
H          180    Oh                           0.40000
Ob         540    SitSit                      -0.94200
Oh         180    AloAloH                     -0.99400
Op         360    AloAloSit                   -1.06500
Sit        360    ObObObOp                     1.88400
--------------------------------------------------------------------------------

Detailed Atom Type Statistics with Standard Deviations
--------------------------------------------------------------------------------
Type       Count  Coord#           Bond Dist (Å)        Angle (°)           
--------------------------------------------------------------------------------
Alo        180    6.00 ± 0.00      1.9103 ± 0.0174      105.489 ± 30.949    
H          180    1.00 ± 0.00      0.9631 ± 0.0023      128.184 ± 0.317 (H-O-M)
Ob         540    2.00 ± 0.00      1.6117 ± 0.0062      136.031 ± 6.023     
Oh         180    3.00 ± 0.00      1.5787 ± 0.4357      119.999 ± 11.589    
Op         360    3.00 ± 0.00      1.8274 ± 0.1343      117.834 ± 11.192    
Sit        360    4.00 ± 0.00      1.6182 ± 0.0127      109.464 ± 1.216     
--------------------------------------------------------------------------------

Bond Statistics for Unique Atom Type Pairs
--------------------------------------------------------------------------------
Bond Pair                 Count    Distance (Å)        
--------------------------------------------------------------------------------
Alo-Oh                    720      1.8865 ± 0.0040
Alo-Op                    1440     1.9222 ± 0.0046
H-Oh                      360      0.9631 ± 0.0023
Ob-Sit                    2160     1.6117 ± 0.0062
Op-Sit                    720      1.6377 ± 0.0046
--------------------------------------------------------------------------------

Angle Statistics for Unique Atom Type Triplets
--------------------------------------------------------------------------------
Angle Triplet             Count    Angle (°)           
--------------------------------------------------------------------------------
Alo-Oh-Alo                180      103.629 ± 0.099
Alo-Oh-H                  360      128.184 ± 0.317
Alo-Op-Alo                360      102.252 ± 0.132
Alo-Op-Sit                720      125.626 ± 2.366
Ob-Sit-Ob                 1080     109.601 ± 1.401
Ob-Sit-Op                 1080     109.327 ± 0.980
Oh-Alo-Oh                 180      76.370 ± 0.140
Oh-Alo-Op                 1440     112.605 ± 30.891
Op-Alo-Op                 1080     100.854 ± 29.879
Sit-Ob-Sit                540      136.031 ± 6.023
--------------------------------------------------------------------------------

