System Dimensions and Properties
--------------------------------------------------------------------------------
Box_dim (Å):
  Full matrix: [41.4400, 35.8800, 29.5886, 0.0000, 0.0000, 0.0000, 0.0000, -4.9514, 0.0000]
Cell parameters:
  a, b, c (Å): 41.4400, 35.8800, 30.0000
  α, β, γ (°): 90.0000, 99.4999, 90.0000
  Volume: 43994.3188 Å³

Box_dim and Cell explanations:
  Box_dim: A 1D array of box dimensions, typically in Angstroms.
          For orthogonal boxes: [Lx, Ly, Lz]
          For triclinic boxes: [Lx, Ly, Lz, xy, xz, yz] or [Lx, Ly, Lz, α, β, γ]
  Cell: A 1×6 array with cell parameters [a, b, c, α, β, γ]
        where a, b, c are lengths and α, β, γ are angles in degrees.
--------------------------------------------------------------------------------

Total charge: -8.0000000

Unique Atom Types and Their Coordination Environment
--------------------------------------------------------------------------------
Type       Count  Neighbors                     Charge
--------------------------------------------------------------------------------
Alo        240    OhOhOpOpOpOp                 1.78200
Alo        16     OhOhOpOpOpOps                1.78200
Fet3       8      OaltOaltOaltOps              1.50000
H          256    Oh                           0.40000
Oalt       24     Fet3Sit                     -1.09600
Ob         744    SitSit                      -0.94200
Oh         256    AloAloH                     -0.99400
Op         504    AloAloSit                   -1.06500
Ops        8      AloAloFet3                  -1.21900
Sit        24     OaltObObOp                   1.88400
Sit        480    ObObObOp                     1.88400
--------------------------------------------------------------------------------

Detailed Atom Type Statistics with Standard Deviations
--------------------------------------------------------------------------------
Type       Count  Coord#           Bond Dist (Å)        Angle (°)           
--------------------------------------------------------------------------------
Alo        256    6.00 ± 0.00      1.9180 ± 0.0257      105.453 ± 30.850    
Fet3       8      4.00 ± 0.00      1.8630 ± 0.0165      109.298 ± 4.463     
H          256    1.00 ± 0.00      0.9702 ± 0.0049      121.915 ± 2.357 (H-O-M)
Oalt       24     2.00 ± 0.00      1.7252 ± 0.1345      124.938 ± 4.486     
Ob         744    2.00 ± 0.00      1.6322 ± 0.0081      132.882 ± 5.430     
Oh         256    3.00 ± 0.00      1.5825 ± 0.4334      115.806 ± 8.864     
Op         504    3.00 ± 0.00      1.8373 ± 0.1372      117.774 ± 11.489    
Ops        8      3.00 ± 0.00      1.8601 ± 0.0152      117.093 ± 8.637     
Sit        504    4.00 ± 0.00      1.6347 ± 0.0103      109.456 ± 1.752     
--------------------------------------------------------------------------------

Bond Statistics for Unique Atom Type Pairs
--------------------------------------------------------------------------------
Bond Pair                 Count    Distance (Å)        
--------------------------------------------------------------------------------
Alo-Oh                    1024     1.8887 ± 0.0112
Alo-Op                    2016     1.9339 ± 0.0133
Alo-Ops                   32       1.8507 ± 0.0084
Fet3-Oalt                 48       1.8578 ± 0.0157
Fet3-Ops                  16       1.8789 ± 0.0000
H-Oh                      512      0.9702 ± 0.0049
Oalt-Sit                  48       1.5926 ± 0.0053
Ob-Sit                    2976     1.6322 ± 0.0081
Op-Sit                    1008     1.6440 ± 0.0063
--------------------------------------------------------------------------------

Angle Statistics for Unique Atom Type Triplets
--------------------------------------------------------------------------------
Angle Triplet             Count    Angle (°)           
--------------------------------------------------------------------------------
Alo-Oh-Alo                256      103.589 ± 0.642
Alo-Oh-H                  512      121.915 ± 2.357
Alo-Op-Alo                504      101.842 ± 0.749
Alo-Op-Sit                1008     125.740 ± 2.689
Alo-Ops-Alo               8        105.383 ± 0.061
Alo-Ops-Fet3              16       122.949 ± 2.163
Fet3-Oalt-Sit             24       124.938 ± 4.486
Oalt-Fet3-Oalt            24       113.160 ± 2.891
Oalt-Fet3-Ops             24       105.436 ± 1.104
Oalt-Sit-Ob               48       110.505 ± 2.831
Oalt-Sit-Op               24       112.792 ± 1.069
Ob-Sit-Ob                 1464     109.316 ± 2.106
Ob-Sit-Op                 1488     109.506 ± 1.169
Oh-Alo-Oh                 256      76.397 ± 0.529
Oh-Alo-Op                 2016     112.756 ± 30.763
Oh-Alo-Ops                32       114.799 ± 30.277
Op-Alo-Op                 1488     100.467 ± 29.711
Op-Alo-Ops                48       101.982 ± 29.709
Sit-Ob-Sit                744      132.882 ± 5.430
--------------------------------------------------------------------------------

