System Dimensions and Properties
--------------------------------------------------------------------------------
Box_dim (Å):
  Full matrix: [41.4400, 35.8800, 29.5886, 0.0000, 0.0000, 0.0000, 0.0000, -4.9514, 0.0000]
Cell parameters:
  a, b, c (Å): 41.4400, 35.8800, 30.0000
  α, β, γ (°): 90.0000, 99.4999, 90.0000
  Volume: 43994.3188 Å³

Box_dim and Cell explanations:
  Box_dim: A 1D array of box dimensions, typically in Angstroms.
          For orthogonal boxes: [Lx, Ly, Lz]
          For triclinic boxes: [Lx, Ly, Lz, xy, xz, yz] or [Lx, Ly, Lz, α, β, γ]
  Cell: A 1×6 array with cell parameters [a, b, c, α, β, γ]
        where a, b, c are lengths and α, β, γ are angles in degrees.
--------------------------------------------------------------------------------

Total charge: -8.0000000

Unique Atom Types and Their Coordination Environment
--------------------------------------------------------------------------------
Type       Count  Neighbors                     Charge
--------------------------------------------------------------------------------
Alo        248    OhOhOpOpOpOp                 1.78200
Feo2       8      OhOhOpOpOpOp                 1.18400
H          256    Oh                           0.40000
Ob         768    SitSit                      -0.94200
Oh         240    AloAloH                     -0.99400
Oh         16     AloFeo2H                    -1.06100
Op         480    AloAloSit                   -1.06500
Op         32     AloFeo2Sit                  -1.13200
Sit        512    ObObObOp                     1.88400
--------------------------------------------------------------------------------

Detailed Atom Type Statistics with Standard Deviations
--------------------------------------------------------------------------------
Type       Count  Coord#           Bond Dist (Å)        Angle (°)           
--------------------------------------------------------------------------------
Alo        248    6.00 ± 0.00      1.9261 ± 0.0312      105.761 ± 31.548    
Feo2       8      6.00 ± 0.00      2.0872 ± 0.0266      105.600 ± 31.379    
H          256    1.00 ± 0.00      0.9716 ± 0.0045      118.268 ± 1.781 (H-O-M)
Ob         768    2.00 ± 0.00      1.6334 ± 0.0073      132.760 ± 4.490     
Oh         256    3.00 ± 0.00      1.5866 ± 0.4360      113.487 ± 6.966     
Op         512    3.00 ± 0.00      1.8483 ± 0.1460      116.910 ± 11.941    
Sit        512    4.00 ± 0.00      1.6365 ± 0.0092      109.457 ± 1.579     
--------------------------------------------------------------------------------

Bond Statistics for Unique Atom Type Pairs
--------------------------------------------------------------------------------
Bond Pair                 Count    Distance (Å)        
--------------------------------------------------------------------------------
Alo-Oh                    992      1.8889 ± 0.0152
Alo-Op                    1984     1.9448 ± 0.0175
Feo2-Oh                   32       2.0548 ± 0.0175
Feo2-Op                   64       2.1035 ± 0.0100
H-Oh                      512      0.9716 ± 0.0045
Ob-Sit                    3072     1.6334 ± 0.0073
Op-Sit                    1024     1.6455 ± 0.0085
--------------------------------------------------------------------------------

Angle Statistics for Unique Atom Type Triplets
--------------------------------------------------------------------------------
Angle Triplet             Count    Angle (°)           
--------------------------------------------------------------------------------
Alo-Oh-Alo                240      104.267 ± 0.400
Alo-Oh-Feo2               16       98.793 ± 0.105
Alo-Oh-H                  496      118.418 ± 1.594
Alo-Op-Alo                480      100.545 ± 0.931
Alo-Op-Feo2               32       96.863 ± 1.507
Alo-Op-Sit                992      125.359 ± 2.379
Feo2-Oh-H                 16       113.633 ± 0.779
Feo2-Op-Sit               32       120.528 ± 2.243
Ob-Sit-Ob                 1536     109.243 ± 1.835
Ob-Sit-Op                 1536     109.671 ± 1.238
Oh-Alo-Oh                 248      130.555 ± 34.682
Oh-Alo-Op                 1984     99.500 ± 26.601
Oh-Feo2-Oh                8        166.019 ± 0.017
Oh-Feo2-Op                64       90.386 ± 7.606
Op-Alo-Op                 1488     109.977 ± 34.251
Op-Feo2-Op                48       115.815 ± 37.045
Sit-Ob-Sit                768      132.760 ± 4.490
--------------------------------------------------------------------------------

