System Dimensions and Properties
--------------------------------------------------------------------------------
Box_dim (Å):
  Orthogonal box: [28.8660, 28.8660, 28.8660]
  Volume: 24052.4778 Å³
Cell parameters:
  a, b, c (Å): 28.8660, 28.8660, 28.8660
  α, β, γ (°): 90.0000, 90.0000, 90.0000
  Volume: 24052.4778 Å³

Box_dim and Cell explanations:
  Box_dim: A 1D array of box dimensions, typically in Angstroms.
          For orthogonal boxes: [Lx, Ly, Lz]
          For triclinic boxes: [Lx, Ly, Lz, xy, xz, yz] or [Lx, Ly, Lz, α, β, γ]
  Cell: A 1×6 array with cell parameters [a, b, c, α, β, γ]
        where a, b, c are lengths and α, β, γ are angles in degrees.
--------------------------------------------------------------------------------

Total charge: 0.0000000

Unique Atom Types and Their Coordination Environment
--------------------------------------------------------------------------------
Type       Count  Neighbors                     Charge
--------------------------------------------------------------------------------
Cao        864    ObObObObObOb                 1.66000
Ob         864    CaoCaoCaoCaoCaoCao          -1.66000
--------------------------------------------------------------------------------

Detailed Atom Type Statistics with Standard Deviations
--------------------------------------------------------------------------------
Type       Count  Coord#           Bond Dist (Å)        Angle (°)           
--------------------------------------------------------------------------------
Cao        864    6.00 ± 0.00      2.4055 ± 0.0048      108.000 ± 36.001    
Ob         864    6.00 ± 0.00      2.4055 ± 0.0048      108.000 ± 36.001    
--------------------------------------------------------------------------------

Bond Statistics for Unique Atom Type Pairs
--------------------------------------------------------------------------------
Bond Pair                 Count    Distance (Å)        
--------------------------------------------------------------------------------
Cao-Ob                    10368    2.4055 ± 0.0048
--------------------------------------------------------------------------------

Angle Statistics for Unique Atom Type Triplets
--------------------------------------------------------------------------------
Angle Triplet             Count    Angle (°)           
--------------------------------------------------------------------------------
Cao-Ob-Cao                12960    108.000 ± 36.001
Ob-Cao-Ob                 12960    108.000 ± 36.001
--------------------------------------------------------------------------------

