System Dimensions and Properties
--------------------------------------------------------------------------------
Box_dim (Å):
  Full matrix: [26.0280, 25.3500, 29.0703, 0.0000, 0.0000, 0.0000, 0.0000, -2.3236, 0.0000]
Cell parameters:
  a, b, c (Å): 26.0280, 25.3500, 29.1630
  α, β, γ (°): 90.0000, 94.5700, 90.0000
  Volume: 19180.8688 Å³

Box_dim and Cell explanations:
  Box_dim: A 1D array of box dimensions, typically in Angstroms.
          For orthogonal boxes: [Lx, Ly, Lz]
          For triclinic boxes: [Lx, Ly, Lz, xy, xz, yz] or [Lx, Ly, Lz, α, β, γ]
  Cell: A 1×6 array with cell parameters [a, b, c, α, β, γ]
        where a, b, c are lengths and α, β, γ are angles in degrees.
--------------------------------------------------------------------------------

Total charge: 0.0000000

Unique Atom Types and Their Coordination Environment
--------------------------------------------------------------------------------
Type       Count  Neighbors                     Charge
--------------------------------------------------------------------------------
Alo        360    OhOhOhOhOhOh                 1.78200
H          1080   Oh                           0.40000
Oh         1080   AloAloH                     -0.99400
--------------------------------------------------------------------------------

Detailed Atom Type Statistics with Standard Deviations
--------------------------------------------------------------------------------
Type       Count  Coord#           Bond Dist (Å)        Angle (°)           
--------------------------------------------------------------------------------
Alo        360    6.00 ± 0.00      1.8876 ± 0.0521      105.971 ± 32.101    
H          1080   1.00 ± 0.00      0.9573 ± 0.0032      129.575 ± 2.002 (H-O-M)
Oh         1080   3.00 ± 0.00      1.5775 ± 0.4407      119.999 ± 13.693    
--------------------------------------------------------------------------------

Bond Statistics for Unique Atom Type Pairs
--------------------------------------------------------------------------------
Bond Pair                 Count    Distance (Å)        
--------------------------------------------------------------------------------
Alo-Oh                    4320     1.8876 ± 0.0521
H-Oh                      2160     0.9573 ± 0.0032
--------------------------------------------------------------------------------

Angle Statistics for Unique Atom Type Triplets
--------------------------------------------------------------------------------
Angle Triplet             Count    Angle (°)           
--------------------------------------------------------------------------------
Alo-Oh-Alo                1080     100.847 ± 2.032
Alo-Oh-H                  2160     129.575 ± 2.002
Oh-Alo-Oh                 5400     105.971 ± 32.101
--------------------------------------------------------------------------------

