System Dimensions and Properties
--------------------------------------------------------------------------------
Box_dim (Å):
  Orthogonal box: [25.0410, 25.0410, 25.0410]
  Volume: 15702.0011 Å³
Cell parameters:
  a, b, c (Å): 25.0410, 25.0410, 25.0410
  α, β, γ (°): 90.0000, 90.0000, 90.0000
  Volume: 15702.0011 Å³

Box_dim and Cell explanations:
  Box_dim: A 1D array of box dimensions, typically in Angstroms.
          For orthogonal boxes: [Lx, Ly, Lz]
          For triclinic boxes: [Lx, Ly, Lz, xy, xz, yz] or [Lx, Ly, Lz, α, β, γ]
  Cell: A 1×6 array with cell parameters [a, b, c, α, β, γ]
        where a, b, c are lengths and α, β, γ are angles in degrees.
--------------------------------------------------------------------------------

Total charge: 0.0000000

Unique Atom Types and Their Coordination Environment
--------------------------------------------------------------------------------
Type       Count  Neighbors                     Charge
--------------------------------------------------------------------------------
Feo3       139    ObObObObObtObt               1.50000
Feo3       154    ObObObtObtObtObt             1.50000
Feo3       67     ObtObtObtObtObtObt           1.50000
Fet3       54     ObObObObt                    1.50000
Fet3       116    ObObObtObt                   1.50000
Fet3       38     ObObtObtObt                  1.50000
Fet3       8      ObtObtObtObt                 1.50000
Ob         432    Feo3Feo3Fet3                -1.12500
Obt        432    Feo3Feo3Feo3Fet3            -0.87500
--------------------------------------------------------------------------------

Detailed Atom Type Statistics with Standard Deviations
--------------------------------------------------------------------------------
Type       Count  Coord#           Bond Dist (Å)        Angle (°)           
--------------------------------------------------------------------------------
Feo3       360    6.00 ± 0.00      2.0515 ± 0.0278      107.033 ± 34.234    
Fet3       216    4.00 ± 0.00      1.8591 ± 0.0217      109.421 ± 2.417     
Ob         432    3.00 ± 0.00      1.9755 ± 0.0934      114.417 ± 13.637    
Obt        432    4.00 ± 0.00      2.0123 ± 0.0855      107.969 ± 15.683    
--------------------------------------------------------------------------------

Bond Statistics for Unique Atom Type Pairs
--------------------------------------------------------------------------------
Bond Pair                 Count    Distance (Å)        
--------------------------------------------------------------------------------
Feo3-Ob                   1728     2.0398 ± 0.0257
Feo3-Obt                  2592     2.0593 ± 0.0264
Fet3-Ob                   864      1.8468 ± 0.0042
Fet3-Obt                  864      1.8713 ± 0.0250
--------------------------------------------------------------------------------

Angle Statistics for Unique Atom Type Triplets
--------------------------------------------------------------------------------
Angle Triplet             Count    Angle (°)           
--------------------------------------------------------------------------------
Feo3-Ob-Feo3              432      95.158 ± 0.175
Feo3-Ob-Fet3              864      124.047 ± 0.745
Feo3-Obt-Feo3             1296     92.447 ± 2.798
Feo3-Obt-Fet3             1296     123.491 ± 1.430
Ob-Feo3-Ob                988      104.346 ± 27.869
Ob-Feo3-Obt               2344     110.236 ± 37.544
Ob-Fet3-Ob                278      107.019 ± 0.172
Ob-Fet3-Obt               740      109.822 ± 2.377
Obt-Feo3-Obt              2068     104.687 ± 32.740
Obt-Fet3-Obt              278      110.756 ± 2.048
--------------------------------------------------------------------------------

