System Dimensions and Properties
--------------------------------------------------------------------------------
Box_dim (Å):
  Full matrix: [28.3500, 24.5518, 28.6200, 0.0000, 0.0000, -14.1750, 0.0000, 0.0000, 0.0000]
Cell parameters:
  a, b, c (Å): 28.3500, 28.3500, 28.6200
  α, β, γ (°): 90.0000, 90.0000, 120.0000
  Volume: 19920.7658 Å³

Box_dim and Cell explanations:
  Box_dim: A 1D array of box dimensions, typically in Angstroms.
          For orthogonal boxes: [Lx, Ly, Lz]
          For triclinic boxes: [Lx, Ly, Lz, xy, xz, yz] or [Lx, Ly, Lz, α, β, γ]
  Cell: A 1×6 array with cell parameters [a, b, c, α, β, γ]
        where a, b, c are lengths and α, β, γ are angles in degrees.
--------------------------------------------------------------------------------

Total charge: 0.0000000

Unique Atom Types and Their Coordination Environment
--------------------------------------------------------------------------------
Type       Count  Neighbors                     Charge
--------------------------------------------------------------------------------
H          972    Oh                           0.40000
Mgh        486    OhOhOhOhOhOh                 1.74000
Oh         972    HMghMghMgh                  -1.27000
--------------------------------------------------------------------------------

Detailed Atom Type Statistics with Standard Deviations
--------------------------------------------------------------------------------
Type       Count  Coord#           Bond Dist (Å)        Angle (°)           
--------------------------------------------------------------------------------
H          972    1.00 ± 0.00      0.9200 ± 0.0000      120.000 ± 0.056 (H-O-M)
Mgh        486    6.00 ± 0.00      2.1000 ± 0.0036      107.957 ± 36.487    
Oh         972    4.00 ± 0.00      1.8050 ± 0.5110      108.591 ± 11.411    
--------------------------------------------------------------------------------

Bond Statistics for Unique Atom Type Pairs
--------------------------------------------------------------------------------
Bond Pair                 Count    Distance (Å)        
--------------------------------------------------------------------------------
H-Oh                      1944     0.9200 ± 0.0000
Mgh-Oh                    5832     2.1000 ± 0.0036
--------------------------------------------------------------------------------

Angle Statistics for Unique Atom Type Triplets
--------------------------------------------------------------------------------
Angle Triplet             Count    Angle (°)           
--------------------------------------------------------------------------------
H-Oh-Mgh                  2916     120.000 ± 0.056
Mgh-Oh-Mgh                2916     97.181 ± 0.143
Oh-Mgh-Oh                 7290     107.957 ± 36.487
--------------------------------------------------------------------------------

