System Dimensions and Properties
--------------------------------------------------------------------------------
Box_dim (Å):
  Full matrix: [5.5750, 4.8281, 8.7610, 0.0000, 0.0000, -2.7875, 0.0000, 0.0000, 0.0000]
Cell parameters:
  a, b, c (Å): 5.5750, 5.5750, 8.7610
  α, β, γ (°): 90.0000, 90.0000, 120.0000
  Volume: 235.8164 Å³

Box_dim and Cell explanations:
  Box_dim: A 1D array of box dimensions, typically in Angstroms.
          For orthogonal boxes: [Lx, Ly, Lz]
          For triclinic boxes: [Lx, Ly, Lz, xy, xz, yz] or [Lx, Ly, Lz, α, β, γ]
  Cell: A 1×6 array with cell parameters [a, b, c, α, β, γ]
        where a, b, c are lengths and α, β, γ are angles in degrees.
--------------------------------------------------------------------------------

Total charge: 0.0000000

Unique Atom Types and Their Coordination Environment
--------------------------------------------------------------------------------
Type       Count  Neighbors                     Charge
--------------------------------------------------------------------------------
Alo        2      ObObObObtObtObt              1.78200
Alo        6      ObObObtObtObtOh              1.78200
Alt        2      ObtObtObtObt                 1.78200
H          2      Oh                           0.40000
Ob         6      AloAloAlo                   -1.39100
Obt        8      AloAloAloAlt                -1.08650
Oh         2      AloAloAloH                  -0.79100
--------------------------------------------------------------------------------

Detailed Atom Type Statistics with Standard Deviations
--------------------------------------------------------------------------------
Type       Count  Coord#           Bond Dist (Å)        Angle (°)           
--------------------------------------------------------------------------------
Alo        8      6.00 ± 0.00      1.9225 ± 0.0642      106.288 ± 33.239    
Alt        2      4.00 ± 0.00      1.7582 ± 0.0076      109.114 ± 5.848     
H          2      1.00 ± 0.00      0.9600 ± 0.0000      125.390 ± 0.042 (H-O-M)
Ob         6      3.00 ± 0.00      1.8597 ± 0.0041      118.944 ± 16.944    
Obt        8      4.00 ± 0.00      1.9112 ± 0.1031      108.159 ± 13.896    
Oh         2      4.00 ± 0.00      1.7040 ± 0.4592      107.606 ± 18.575    
--------------------------------------------------------------------------------

Bond Statistics for Unique Atom Type Pairs
--------------------------------------------------------------------------------
Bond Pair                 Count    Distance (Å)        
--------------------------------------------------------------------------------
Alo-Ob                    36       1.8597 ± 0.0040
Alo-Obt                   48       1.9622 ± 0.0582
Alo-Oh                    12       1.9520 ± 0.0019
Alt-Obt                   16       1.7582 ± 0.0073
H-Oh                      4        0.9600 ± 0.0000
--------------------------------------------------------------------------------

Angle Statistics for Unique Atom Type Triplets
--------------------------------------------------------------------------------
Angle Triplet             Count    Angle (°)           
--------------------------------------------------------------------------------
Alo-Ob-Alo                18       118.944 ± 16.944
Alo-Obt-Alo               24       94.904 ± 3.656
Alo-Obt-Alt               24       121.415 ± 3.814
Alo-Oh-Alo                6        89.821 ± 0.093
Alo-Oh-H                  6        125.390 ± 0.042
Ob-Alo-Ob                 12       97.132 ± 3.468
Ob-Alo-Obt                54       118.319 ± 37.721
Ob-Alo-Oh                 12       86.991 ± 0.169
Obt-Alo-Obt               24       84.789 ± 2.264
Obt-Alo-Oh                18       117.826 ± 41.322
Obt-Alt-Obt               12       109.114 ± 5.848
--------------------------------------------------------------------------------

