System Dimensions and Properties
--------------------------------------------------------------------------------
Box_dim (Å):
  Orthogonal box: [3.7830, 3.7830, 9.5090]
  Volume: 136.0841 Å³
Cell parameters:
  a, b, c (Å): 3.7830, 3.7830, 9.5090
  α, β, γ (°): 90.0000, 90.0000, 90.0000
  Volume: 136.0841 Å³

Box_dim and Cell explanations:
  Box_dim: A 1D array of box dimensions, typically in Angstroms.
          For orthogonal boxes: [Lx, Ly, Lz]
          For triclinic boxes: [Lx, Ly, Lz, xy, xz, yz] or [Lx, Ly, Lz, α, β, γ]
  Cell: A 1×6 array with cell parameters [a, b, c, α, β, γ]
        where a, b, c are lengths and α, β, γ are angles in degrees.
--------------------------------------------------------------------------------

Total charge: 0.0000000

Unique Atom Types and Their Coordination Environment
--------------------------------------------------------------------------------
Type       Count  Neighbors                     Charge
--------------------------------------------------------------------------------
O          8      TitTit                       0.00000
Tit        4      OOOO                         0.00000
--------------------------------------------------------------------------------

Detailed Atom Type Statistics with Standard Deviations
--------------------------------------------------------------------------------
Type       Count  Coord#           Bond Dist (Å)        Angle (°)           
--------------------------------------------------------------------------------
O          8      2.00 ± 0.00      1.9551 ± 0.0243      101.913 ± 0.103     
Tit        4      4.00 ± 0.00      1.9551 ± 0.0243      105.407 ± 35.507    
--------------------------------------------------------------------------------

Bond Statistics for Unique Atom Type Pairs
--------------------------------------------------------------------------------
Bond Pair                 Count    Distance (Å)        
--------------------------------------------------------------------------------
O-Tit                     32       1.9551 ± 0.0239
--------------------------------------------------------------------------------

Angle Statistics for Unique Atom Type Triplets
--------------------------------------------------------------------------------
Angle Triplet             Count    Angle (°)           
--------------------------------------------------------------------------------
O-Tit-O                   24       105.407 ± 35.507
Tit-O-Tit                 8        101.913 ± 0.103
--------------------------------------------------------------------------------

