System Dimensions and Properties
--------------------------------------------------------------------------------
Box_dim (Å):
  Orthogonal box: [2.8760, 12.2400, 3.7090]
  Volume: 130.5651 Å³
Cell parameters:
  a, b, c (Å): 2.8760, 12.2400, 3.7090
  α, β, γ (°): 90.0000, 90.0000, 90.0000
  Volume: 130.5651 Å³

Box_dim and Cell explanations:
  Box_dim: A 1D array of box dimensions, typically in Angstroms.
          For orthogonal boxes: [Lx, Ly, Lz]
          For triclinic boxes: [Lx, Ly, Lz, xy, xz, yz] or [Lx, Ly, Lz, α, β, γ]
  Cell: A 1×6 array with cell parameters [a, b, c, α, β, γ]
        where a, b, c are lengths and α, β, γ are angles in degrees.
--------------------------------------------------------------------------------

Total charge: -0.0000000

Unique Atom Types and Their Coordination Environment
--------------------------------------------------------------------------------
Type       Count  Neighbors                     Charge
--------------------------------------------------------------------------------
Al         4      OalOalOalh                   1.78200
H          4      Oalh                         0.40000
Oal        4      AlAl                        -1.18800
Oalh       4      AlH                         -0.99400
--------------------------------------------------------------------------------

Detailed Atom Type Statistics with Standard Deviations
--------------------------------------------------------------------------------
Type       Count  Coord#           Bond Dist (Å)        Angle (°)           
--------------------------------------------------------------------------------
Al         4      3.00 ± 0.00      1.9067 ± 0.0284      87.659 ± 6.596      
H          4      1.00 ± 0.00      0.9606 ± 0.0143      92.955 ± 3.010 (H-O-M)
Oal        4      2.00 ± 0.00      1.9115 ± 0.0345      96.797 ± 0.000      
Oalh       4      2.00 ± 0.00      1.4289 ± 0.5008      92.955 ± 3.010      
--------------------------------------------------------------------------------

Bond Statistics for Unique Atom Type Pairs
--------------------------------------------------------------------------------
Bond Pair                 Count    Distance (Å)        
--------------------------------------------------------------------------------
Al-Oal                    16       1.9115 ± 0.0333
Al-Oalh                   8        1.8973 ± 0.0000
H-Oalh                    8        0.9606 ± 0.0133
--------------------------------------------------------------------------------

Angle Statistics for Unique Atom Type Triplets
--------------------------------------------------------------------------------
Angle Triplet             Count    Angle (°)           
--------------------------------------------------------------------------------
Al-Oal-Al                 4        96.797 ± 0.000
Al-Oalh-H                 4        92.955 ± 3.010
Oal-Al-Oal                4        83.203 ± 0.000
Oal-Al-Oalh               8        89.887 ± 7.166
--------------------------------------------------------------------------------

