System Dimensions and Properties
--------------------------------------------------------------------------------
Box_dim (Å):
  Full matrix: [3.1500, 2.7280, 4.7700, 0.0000, 0.0000, -1.5750, 0.0000, 0.0000, 0.0000]
Cell parameters:
  a, b, c (Å): 3.1500, 3.1500, 4.7700
  α, β, γ (°): 90.0000, 90.0000, 120.0000
  Volume: 40.9893 Å³

Box_dim and Cell explanations:
  Box_dim: A 1D array of box dimensions, typically in Angstroms.
          For orthogonal boxes: [Lx, Ly, Lz]
          For triclinic boxes: [Lx, Ly, Lz, xy, xz, yz] or [Lx, Ly, Lz, α, β, γ]
  Cell: A 1×6 array with cell parameters [a, b, c, α, β, γ]
        where a, b, c are lengths and α, β, γ are angles in degrees.
--------------------------------------------------------------------------------

Total charge: 0.0000000

Unique Atom Types and Their Coordination Environment
--------------------------------------------------------------------------------
Type       Count  Neighbors                     Charge
--------------------------------------------------------------------------------
H          2      Ome                          0.40000
Mgh        1      OmeOme                       1.74000
Ome        2      HMgh                        -1.27000
--------------------------------------------------------------------------------

Detailed Atom Type Statistics with Standard Deviations
--------------------------------------------------------------------------------
Type       Count  Coord#           Bond Dist (Å)        Angle (°)           
--------------------------------------------------------------------------------
H          2      1.00 ± 0.00      0.9600 ± 0.0000      120.032 ± 0.032 (H-O-M)
Mgh        1      2.00 ± 0.00      2.0980 ± 0.0020      179.875 ± 0.000     
Ome        2      2.00 ± 0.00      1.5290 ± 0.6570      120.032 ± 0.032     
--------------------------------------------------------------------------------

Bond Statistics for Unique Atom Type Pairs
--------------------------------------------------------------------------------
Bond Pair                 Count    Distance (Å)        
--------------------------------------------------------------------------------
H-Ome                     4        0.9600 ± 0.0000
Mgh-Ome                   4        2.0980 ± 0.0017
--------------------------------------------------------------------------------

Angle Statistics for Unique Atom Type Triplets
--------------------------------------------------------------------------------
Angle Triplet             Count    Angle (°)           
--------------------------------------------------------------------------------
H-Ome-Mgh                 2        120.032 ± 0.032
Ome-Mgh-Ome               1        179.875 ± 0.000
--------------------------------------------------------------------------------

