System Dimensions and Properties
--------------------------------------------------------------------------------
Box_dim (Å):
  Orthogonal box: [5.4620, 5.4620, 5.4620]
  Volume: 162.9503 Å³
Cell parameters:
  a, b, c (Å): 5.4620, 5.4620, 5.4620
  α, β, γ (°): 90.0000, 90.0000, 90.0000
  Volume: 162.9503 Å³

Box_dim and Cell explanations:
  Box_dim: A 1D array of box dimensions, typically in Angstroms.
          For orthogonal boxes: [Lx, Ly, Lz]
          For triclinic boxes: [Lx, Ly, Lz, xy, xz, yz] or [Lx, Ly, Lz, α, β, γ]
  Cell: A 1×6 array with cell parameters [a, b, c, α, β, γ]
        where a, b, c are lengths and α, β, γ are angles in degrees.
--------------------------------------------------------------------------------

Total charge: 0.0000000

Unique Atom Types and Their Coordination Environment
--------------------------------------------------------------------------------
Type       Count  Neighbors                     Charge
--------------------------------------------------------------------------------
Cah        4      FsFsFsFsFsFsFsFs             1.52000
Fs         8      CahCahCahCah                -0.76000
--------------------------------------------------------------------------------

Detailed Atom Type Statistics with Standard Deviations
--------------------------------------------------------------------------------
Type       Count  Coord#           Bond Dist (Å)        Angle (°)           
--------------------------------------------------------------------------------
Cah        4      8.00 ± 0.00      2.3651 ± 0.0046      102.818 ± 36.367    
Fs         8      4.00 ± 0.00      2.3651 ± 0.0046      109.471 ± 0.183     
--------------------------------------------------------------------------------

Bond Statistics for Unique Atom Type Pairs
--------------------------------------------------------------------------------
Bond Pair                 Count    Distance (Å)        
--------------------------------------------------------------------------------
Cah-Fs                    64       2.3651 ± 0.0046
--------------------------------------------------------------------------------

Angle Statistics for Unique Atom Type Triplets
--------------------------------------------------------------------------------
Angle Triplet             Count    Angle (°)           
--------------------------------------------------------------------------------
Cah-Fs-Cah                48       109.471 ± 0.183
Fs-Cah-Fs                 112      102.818 ± 36.367
--------------------------------------------------------------------------------

