System Dimensions and Properties
--------------------------------------------------------------------------------
Box_dim (Å):
  Full matrix: [7.1360, 12.3690, 6.1915, 0.0000, 0.0000, 0.0000, 0.0000, -3.6238, 0.0000]
Cell parameters:
  a, b, c (Å): 7.1360, 12.3690, 7.1740
  α, β, γ (°): 90.0000, 120.3400, 90.0000
  Volume: 546.4914 Å³

Box_dim and Cell explanations:
  Box_dim: A 1D array of box dimensions, typically in Angstroms.
          For orthogonal boxes: [Lx, Ly, Lz]
          For triclinic boxes: [Lx, Ly, Lz, xy, xz, yz] or [Lx, Ly, Lz, α, β, γ]
  Cell: A 1×6 array with cell parameters [a, b, c, α, β, γ]
        where a, b, c are lengths and α, β, γ are angles in degrees.
--------------------------------------------------------------------------------

Total charge: -0.0000000

Unique Atom Types and Their Coordination Environment
--------------------------------------------------------------------------------
Type       Count  Neighbors                     Charge
--------------------------------------------------------------------------------
Ob         32     SitSit                      -0.94200
Sit        16     ObObObOb                     1.88400
--------------------------------------------------------------------------------

Detailed Atom Type Statistics with Standard Deviations
--------------------------------------------------------------------------------
Type       Count  Coord#           Bond Dist (Å)        Angle (°)           
--------------------------------------------------------------------------------
Ob         32     2.00 ± 0.00      1.6110 ± 0.0084      148.004 ± 12.976    
Sit        16     4.00 ± 0.00      1.6110 ± 0.0084      109.469 ± 0.731     
--------------------------------------------------------------------------------

Bond Statistics for Unique Atom Type Pairs
--------------------------------------------------------------------------------
Bond Pair                 Count    Distance (Å)        
--------------------------------------------------------------------------------
Ob-Sit                    128      1.6110 ± 0.0084
--------------------------------------------------------------------------------

Angle Statistics for Unique Atom Type Triplets
--------------------------------------------------------------------------------
Angle Triplet             Count    Angle (°)           
--------------------------------------------------------------------------------
Ob-Sit-Ob                 96       109.469 ± 0.731
Sit-Ob-Sit                32       148.004 ± 12.976
--------------------------------------------------------------------------------

