System Dimensions and Properties
--------------------------------------------------------------------------------
Box_dim (Å):
  Full matrix: [4.7660, 4.1275, 13.0100, 0.0000, 0.0000, -2.3830, 0.0000, 0.0000, 0.0000]
Cell parameters:
  a, b, c (Å): 4.7660, 4.7660, 13.0100
  α, β, γ (°): 90.0000, 90.0000, 120.0000
  Volume: 255.9269 Å³

Box_dim and Cell explanations:
  Box_dim: A 1D array of box dimensions, typically in Angstroms.
          For orthogonal boxes: [Lx, Ly, Lz]
          For triclinic boxes: [Lx, Ly, Lz, xy, xz, yz] or [Lx, Ly, Lz, α, β, γ]
  Cell: A 1×6 array with cell parameters [a, b, c, α, β, γ]
        where a, b, c are lengths and α, β, γ are angles in degrees.
--------------------------------------------------------------------------------

Total charge: -0.0000000

Unique Atom Types and Their Coordination Environment
--------------------------------------------------------------------------------
Type       Count  Neighbors                     Charge
--------------------------------------------------------------------------------
Alo        12     ObObObObObOb                 1.78200
Ob         18     AloAloAloAlo                -1.18800
--------------------------------------------------------------------------------

Detailed Atom Type Statistics with Standard Deviations
--------------------------------------------------------------------------------
Type       Count  Coord#           Bond Dist (Å)        Angle (°)           
--------------------------------------------------------------------------------
Alo        12     6.00 ± 0.00      1.9155 ± 0.0576      104.451 ± 30.803    
Ob         18     4.00 ± 0.00      1.9155 ± 0.0576      109.450 ± 19.571    
--------------------------------------------------------------------------------

Bond Statistics for Unique Atom Type Pairs
--------------------------------------------------------------------------------
Bond Pair                 Count    Distance (Å)        
--------------------------------------------------------------------------------
Alo-Ob                    144      1.9155 ± 0.0574
--------------------------------------------------------------------------------

Angle Statistics for Unique Atom Type Triplets
--------------------------------------------------------------------------------
Angle Triplet             Count    Angle (°)           
--------------------------------------------------------------------------------
Alo-Ob-Alo                108      109.450 ± 19.571
Ob-Alo-Ob                 180      104.451 ± 30.803
--------------------------------------------------------------------------------

