System Dimensions and Properties
--------------------------------------------------------------------------------
Box_dim (Å):
  Orthogonal box: [4.9720, 4.9720, 6.9220]
  Volume: 171.1173 Å³
Cell parameters:
  a, b, c (Å): 4.9720, 4.9720, 6.9220
  α, β, γ (°): 90.0000, 90.0000, 90.0000
  Volume: 171.1173 Å³

Box_dim and Cell explanations:
  Box_dim: A 1D array of box dimensions, typically in Angstroms.
          For orthogonal boxes: [Lx, Ly, Lz]
          For triclinic boxes: [Lx, Ly, Lz, xy, xz, yz] or [Lx, Ly, Lz, α, β, γ]
  Cell: A 1×6 array with cell parameters [a, b, c, α, β, γ]
        where a, b, c are lengths and α, β, γ are angles in degrees.
--------------------------------------------------------------------------------

Total charge: -0.0000000

Unique Atom Types and Their Coordination Environment
--------------------------------------------------------------------------------
Type       Count  Neighbors                     Charge
--------------------------------------------------------------------------------
Ob         8      SitSit                      -0.94200
Sit        4      ObObObOb                     1.88400
--------------------------------------------------------------------------------

Detailed Atom Type Statistics with Standard Deviations
--------------------------------------------------------------------------------
Type       Count  Coord#           Bond Dist (Å)        Angle (°)           
--------------------------------------------------------------------------------
Ob         8      2.00 ± 0.00      1.6031 ± 0.0043      146.485 ± 0.276     
Sit        4      4.00 ± 0.00      1.6031 ± 0.0043      109.469 ± 1.173     
--------------------------------------------------------------------------------

Bond Statistics for Unique Atom Type Pairs
--------------------------------------------------------------------------------
Bond Pair                 Count    Distance (Å)        
--------------------------------------------------------------------------------
Ob-Sit                    32       1.6031 ± 0.0042
--------------------------------------------------------------------------------

Angle Statistics for Unique Atom Type Triplets
--------------------------------------------------------------------------------
Angle Triplet             Count    Angle (°)           
--------------------------------------------------------------------------------
Ob-Sit-Ob                 24       109.469 ± 1.173
Sit-Ob-Sit                8        146.485 ± 0.276
--------------------------------------------------------------------------------

