System Dimensions and Properties
--------------------------------------------------------------------------------
Box_dim (Å):
  Orthogonal box: [4.4000, 9.3900, 2.8400]
  Volume: 117.3374 Å³
Cell parameters:
  a, b, c (Å): 4.4000, 9.3900, 2.8400
  α, β, γ (°): 90.0000, 90.0000, 90.0000
  Volume: 117.3374 Å³

Box_dim and Cell explanations:
  Box_dim: A 1D array of box dimensions, typically in Angstroms.
          For orthogonal boxes: [Lx, Ly, Lz]
          For triclinic boxes: [Lx, Ly, Lz, xy, xz, yz] or [Lx, Ly, Lz, α, β, γ]
  Cell: A 1×6 array with cell parameters [a, b, c, α, β, γ]
        where a, b, c are lengths and α, β, γ are angles in degrees.
--------------------------------------------------------------------------------

Total charge: 0.0000000

Unique Atom Types and Their Coordination Environment
--------------------------------------------------------------------------------
Type       Count  Neighbors                     Charge
--------------------------------------------------------------------------------
Alt        4      OOO_ovO_ov                   1.78200
H          4      O_ov                         0.40000
O          4      AltAlt                      -1.39100
O_ov       4      AltAltH                     -0.79100
--------------------------------------------------------------------------------

Detailed Atom Type Statistics with Standard Deviations
--------------------------------------------------------------------------------
Type       Count  Coord#           Bond Dist (Å)        Angle (°)           
--------------------------------------------------------------------------------
Alt        4      4.00 ± 0.00      1.9214 ± 0.0828      100.806 ± 29.271    
H          4      1.00 ± 0.00      0.9584 ± 0.0000      129.049 ± 0.305 (H-O-M)
O          4      2.00 ± 0.00      1.8424 ± 0.0183      124.754 ± 0.173     
O_ov       4      3.00 ± 0.00      1.6531 ± 0.5131      120.000 ± 13.368    
--------------------------------------------------------------------------------

Bond Statistics for Unique Atom Type Pairs
--------------------------------------------------------------------------------
Bond Pair                 Count    Distance (Å)        
--------------------------------------------------------------------------------
Alt-O                     16       1.8424 ± 0.0177
Alt-O_ov                  16       2.0004 ± 0.0093
H-O_ov                    8        0.9584 ± 0.0000
--------------------------------------------------------------------------------

Angle Statistics for Unique Atom Type Triplets
--------------------------------------------------------------------------------
Angle Triplet             Count    Angle (°)           
--------------------------------------------------------------------------------
Alt-O-Alt                 4        124.754 ± 0.173
Alt-O_ov-Alt              4        101.903 ± 0.142
Alt-O_ov-H                8        129.049 ± 0.305
O-Alt-O                   4        98.051 ± 0.219
O-Alt-O_ov                16       107.171 ± 33.630
O_ov-Alt-O_ov             4        78.097 ± 0.142
--------------------------------------------------------------------------------

