System Dimensions and Properties
--------------------------------------------------------------------------------
Box_dim (Å):
  Full matrix: [5.1610, 8.9600, 7.1796, 0.0000, 0.0000, 0.0000, 0.0000, -0.8523, 0.0000]
Cell parameters:
  a, b, c (Å): 5.1610, 8.9600, 7.2300
  α, β, γ (°): 90.0000, 96.7700, 90.0000
  Volume: 332.0025 Å³

Box_dim and Cell explanations:
  Box_dim: A 1D array of box dimensions, typically in Angstroms.
          For orthogonal boxes: [Lx, Ly, Lz]
          For triclinic boxes: [Lx, Ly, Lz, xy, xz, yz] or [Lx, Ly, Lz, α, β, γ]
  Cell: A 1×6 array with cell parameters [a, b, c, α, β, γ]
        where a, b, c are lengths and α, β, γ are angles in degrees.
--------------------------------------------------------------------------------

Total charge: 0.0000000

Unique Atom Types and Their Coordination Environment
--------------------------------------------------------------------------------
Type       Count  Neighbors                     Charge
--------------------------------------------------------------------------------
Alo        4      OhOhOhOhOpOp                 1.78200
H          8      Oh                           0.40000
Ob         6      SitSit                      -0.94200
Oh         8      AloAloH                     -0.99400
Op         4      AloAloSit                   -1.06500
Sit        4      ObObObOp                     1.88400
--------------------------------------------------------------------------------

Detailed Atom Type Statistics with Standard Deviations
--------------------------------------------------------------------------------
Type       Count  Coord#           Bond Dist (Å)        Angle (°)           
--------------------------------------------------------------------------------
Alo        4      6.00 ± 0.00      1.9041 ± 0.0620      105.311 ± 31.158    
H          8      1.00 ± 0.00      0.9567 ± 0.0043      118.162 ± 19.910 (H-O-M)
Ob         6      2.00 ± 0.00      1.6190 ± 0.0098      134.686 ± 6.662     
Oh         8      3.00 ± 0.00      1.5641 ± 0.4396      113.999 ± 17.284    
Op         4      3.00 ± 0.00      1.8563 ± 0.1799      117.784 ± 14.225    
Sit        4      4.00 ± 0.00      1.6182 ± 0.0111      109.420 ± 2.502     
--------------------------------------------------------------------------------

Bond Statistics for Unique Atom Type Pairs
--------------------------------------------------------------------------------
Bond Pair                 Count    Distance (Å)        
--------------------------------------------------------------------------------
Alo-Oh                    32       1.8678 ± 0.0339
Alo-Op                    16       1.9768 ± 0.0314
H-Oh                      16       0.9567 ± 0.0041
Ob-Sit                    24       1.6190 ± 0.0095
Op-Sit                    8        1.6155 ± 0.0149
--------------------------------------------------------------------------------

Angle Statistics for Unique Atom Type Triplets
--------------------------------------------------------------------------------
Angle Triplet             Count    Angle (°)           
--------------------------------------------------------------------------------
Alo-Oh-Alo                8        105.674 ± 3.642
Alo-Oh-H                  16       118.162 ± 19.910
Alo-Op-Alo                4        98.735 ± 0.502
Alo-Op-Sit                8        127.309 ± 2.611
Ob-Sit-Ob                 12       107.249 ± 0.951
Ob-Sit-Op                 12       111.590 ± 1.380
Oh-Alo-Oh                 24       105.296 ± 28.771
Oh-Alo-Op                 32       107.265 ± 34.617
Op-Alo-Op                 4        89.762 ± 0.160
Sit-Ob-Sit                6        134.686 ± 6.662
--------------------------------------------------------------------------------

