System Dimensions and Properties
--------------------------------------------------------------------------------
Box_dim (Å):
  Orthogonal box: [4.7530, 10.1900, 5.9780]
  Volume: 289.5329 Å³
Cell parameters:
  a, b, c (Å): 4.7530, 10.1900, 5.9780
  α, β, γ (°): 90.0000, 90.0000, 90.0000
  Volume: 289.5329 Å³

Box_dim and Cell explanations:
  Box_dim: A 1D array of box dimensions, typically in Angstroms.
          For orthogonal boxes: [Lx, Ly, Lz]
          For triclinic boxes: [Lx, Ly, Lz, xy, xz, yz] or [Lx, Ly, Lz, α, β, γ]
  Cell: A 1×6 array with cell parameters [a, b, c, α, β, γ]
        where a, b, c are lengths and α, β, γ are angles in degrees.
--------------------------------------------------------------------------------

Total charge: 0.0000000

Unique Atom Types and Their Coordination Environment
--------------------------------------------------------------------------------
Type       Count  Neighbors                     Charge
--------------------------------------------------------------------------------
Mgo        8      OpOpOpOpOpOp                 1.56200
Op         16     MgoMgoMgoSit                -1.25200
Sit        4      OpOpOpOp                     1.88400
--------------------------------------------------------------------------------

Detailed Atom Type Statistics with Standard Deviations
--------------------------------------------------------------------------------
Type       Count  Coord#           Bond Dist (Å)        Angle (°)           
--------------------------------------------------------------------------------
Mgo        8      6.00 ± 0.00      2.1120 ± 0.0578      106.453 ± 34.493    
Op         16     4.00 ± 0.00      1.9925 ± 0.2145      108.014 ± 15.389    
Sit        4      4.00 ± 0.00      1.6343 ± 0.0153      109.157 ± 6.480     
--------------------------------------------------------------------------------

Bond Statistics for Unique Atom Type Pairs
--------------------------------------------------------------------------------
Bond Pair                 Count    Distance (Å)        
--------------------------------------------------------------------------------
Mgo-Op                    96       2.1120 ± 0.0575
Op-Sit                    32       1.6343 ± 0.0151
--------------------------------------------------------------------------------

Angle Statistics for Unique Atom Type Triplets
--------------------------------------------------------------------------------
Angle Triplet             Count    Angle (°)           
--------------------------------------------------------------------------------
Mgo-Op-Mgo                48       109.088 ± 14.999
Mgo-Op-Sit                48       106.941 ± 15.855
Op-Mgo-Op                 120      106.453 ± 34.493
Op-Sit-Op                 24       109.157 ± 6.480
--------------------------------------------------------------------------------

