System Dimensions and Properties
--------------------------------------------------------------------------------
Box_dim (Å):
  Full matrix: [8.6760, 5.0700, 9.6901, 0.0000, 0.0000, 0.0000, 0.0000, -0.7745, 0.0000]
Cell parameters:
  a, b, c (Å): 8.6760, 5.0700, 9.7210
  α, β, γ (°): 90.0000, 94.5700, 90.0000
  Volume: 426.2413 Å³

Box_dim and Cell explanations:
  Box_dim: A 1D array of box dimensions, typically in Angstroms.
          For orthogonal boxes: [Lx, Ly, Lz]
          For triclinic boxes: [Lx, Ly, Lz, xy, xz, yz] or [Lx, Ly, Lz, α, β, γ]
  Cell: A 1×6 array with cell parameters [a, b, c, α, β, γ]
        where a, b, c are lengths and α, β, γ are angles in degrees.
--------------------------------------------------------------------------------

Total charge: 0.0000000

Unique Atom Types and Their Coordination Environment
--------------------------------------------------------------------------------
Type       Count  Neighbors                     Charge
--------------------------------------------------------------------------------
Alo        8      OhOhOhOhOhOh                 1.78200
H          24     Oh                           0.40000
Oh         24     AloAloH                     -0.99400
--------------------------------------------------------------------------------

Detailed Atom Type Statistics with Standard Deviations
--------------------------------------------------------------------------------
Type       Count  Coord#           Bond Dist (Å)        Angle (°)           
--------------------------------------------------------------------------------
Alo        8      6.00 ± 0.00      1.8880 ± 0.0519      105.980 ± 32.252    
H          24     1.00 ± 0.00      0.9563 ± 0.0041      129.408 ± 5.376 (H-O-M)
Oh         24     3.00 ± 0.00      1.5774 ± 0.4443      119.879 ± 14.307    
--------------------------------------------------------------------------------

Bond Statistics for Unique Atom Type Pairs
--------------------------------------------------------------------------------
Bond Pair                 Count    Distance (Å)        
--------------------------------------------------------------------------------
Alo-Oh                    96       1.8880 ± 0.0516
H-Oh                      48       0.9563 ± 0.0041
--------------------------------------------------------------------------------

Angle Statistics for Unique Atom Type Triplets
--------------------------------------------------------------------------------
Angle Triplet             Count    Angle (°)           
--------------------------------------------------------------------------------
Alo-Oh-Alo                24       100.821 ± 2.083
Alo-Oh-H                  48       129.408 ± 5.376
Oh-Alo-Oh                 120      105.980 ± 32.252
--------------------------------------------------------------------------------

