System Dimensions and Properties
--------------------------------------------------------------------------------
Box_dim (Å):
  Orthogonal box: [4.6250, 9.9900, 3.0370]
  Volume: 140.3208 Å³
Cell parameters:
  a, b, c (Å): 4.6250, 9.9900, 3.0370
  α, β, γ (°): 90.0000, 90.0000, 90.0000
  Volume: 140.3208 Å³

Box_dim and Cell explanations:
  Box_dim: A 1D array of box dimensions, typically in Angstroms.
          For orthogonal boxes: [Lx, Ly, Lz]
          For triclinic boxes: [Lx, Ly, Lz, xy, xz, yz] or [Lx, Ly, Lz, α, β, γ]
  Cell: A 1×6 array with cell parameters [a, b, c, α, β, γ]
        where a, b, c are lengths and α, β, γ are angles in degrees.
--------------------------------------------------------------------------------

Total charge: -4.0000000

Unique Atom Types and Their Coordination Environment
--------------------------------------------------------------------------------
Type       Count  Neighbors                     Charge
--------------------------------------------------------------------------------
Fet2       4      OhOhOhOh                     1.18400
H          4      Oh                           0.40000
Oh         4      Fet2Fet2                    -1.59200
Oh         4      Fet2Fet2H                   -0.99200
--------------------------------------------------------------------------------

Detailed Atom Type Statistics with Standard Deviations
--------------------------------------------------------------------------------
Type       Count  Coord#           Bond Dist (Å)        Angle (°)           
--------------------------------------------------------------------------------
Fet2       4      4.00 ± 0.00      2.0309 ± 0.0708      100.653 ± 29.083    
H          4      1.00 ± 0.00      0.9581 ± 0.0035      128.301 ± 0.074 (H-O-M)
Oh         8      2.50 ± 0.53      1.8163 ± 0.4447      121.110 ± 10.688    
--------------------------------------------------------------------------------

Bond Statistics for Unique Atom Type Pairs
--------------------------------------------------------------------------------
Bond Pair                 Count    Distance (Å)        
--------------------------------------------------------------------------------
Fet2-Oh                   32       2.0309 ± 0.0696
H-Oh                      8        0.9581 ± 0.0033
--------------------------------------------------------------------------------

Angle Statistics for Unique Atom Type Triplets
--------------------------------------------------------------------------------
Angle Triplet             Count    Angle (°)           
--------------------------------------------------------------------------------
Fet2-Oh-Fet2              8        113.919 ± 11.250
Fet2-Oh-H                 8        128.301 ± 0.074
Oh-Fet2-Oh                24       100.653 ± 29.083
--------------------------------------------------------------------------------

