System Dimensions and Properties
--------------------------------------------------------------------------------
Box_dim (Å):
  Full matrix: [5.2740, 9.1170, 13.4390, 0.0000, 0.0000, 0.0000, 0.0000, -1.8146, 0.0000]
Cell parameters:
  a, b, c (Å): 5.2740, 9.1170, 13.5610
  α, β, γ (°): 90.0000, 97.6900, 90.0000
  Volume: 646.1901 Å³

Box_dim and Cell explanations:
  Box_dim: A 1D array of box dimensions, typically in Angstroms.
          For orthogonal boxes: [Lx, Ly, Lz]
          For triclinic boxes: [Lx, Ly, Lz, xy, xz, yz] or [Lx, Ly, Lz, α, β, γ]
  Cell: A 1×6 array with cell parameters [a, b, c, α, β, γ]
        where a, b, c are lengths and α, β, γ are angles in degrees.
--------------------------------------------------------------------------------

Total charge: -0.0000000

Unique Atom Types and Their Coordination Environment
--------------------------------------------------------------------------------
Type       Count  Neighbors                     Charge
--------------------------------------------------------------------------------
Fs         4      MghMghMgh                   -0.87000
Mgh        6      FsFsOpOpOpOp                 1.74000
Ob         12     SitSit                      -0.94200
Op         8      MghMghMghSit                -1.34100
Sit        8      ObObObOp                     1.88400
--------------------------------------------------------------------------------

Detailed Atom Type Statistics with Standard Deviations
--------------------------------------------------------------------------------
Type       Count  Coord#           Bond Dist (Å)        Angle (°)           
--------------------------------------------------------------------------------
Fs         4      3.00 ± 0.00      2.0207 ± 0.0070      97.641 ± 0.320      
Mgh        6      6.00 ± 0.00      2.0639 ± 0.0315      107.706 ± 35.902    
Ob         12     2.00 ± 0.00      1.6377 ± 0.0065      136.477 ± 0.300     
Op         8      4.00 ± 0.00      1.9679 ± 0.2070      108.146 ± 14.639    
Sit        8      4.00 ± 0.00      1.6320 ± 0.0117      109.425 ± 2.349     
--------------------------------------------------------------------------------

Bond Statistics for Unique Atom Type Pairs
--------------------------------------------------------------------------------
Bond Pair                 Count    Distance (Å)        
--------------------------------------------------------------------------------
Fs-Mgh                    24       2.0207 ± 0.0069
Mgh-Op                    48       2.0855 ± 0.0045
Ob-Sit                    48       1.6377 ± 0.0064
Op-Sit                    16       1.6150 ± 0.0052
--------------------------------------------------------------------------------

Angle Statistics for Unique Atom Type Triplets
--------------------------------------------------------------------------------
Angle Triplet             Count    Angle (°)           
--------------------------------------------------------------------------------
Fs-Mgh-Fs                 6        115.166 ± 50.176
Fs-Mgh-Op                 48       105.400 ± 32.747
Mgh-Fs-Mgh                12       97.641 ± 0.320
Mgh-Op-Mgh                24       93.662 ± 0.219
Mgh-Op-Sit                24       122.629 ± 0.279
Ob-Sit-Ob                 24       107.107 ± 0.141
Ob-Sit-Op                 24       111.743 ± 0.216
Op-Mgh-Op                 36       109.536 ± 38.181
Sit-Ob-Sit                12       136.477 ± 0.300
--------------------------------------------------------------------------------

