System Dimensions and Properties
--------------------------------------------------------------------------------
Box_dim (Å):
  Full matrix: [5.0350, 4.3604, 13.7470, 0.0000, 0.0000, -2.5175, 0.0000, 0.0000, 0.0000]
Cell parameters:
  a, b, c (Å): 5.0350, 5.0350, 13.7470
  α, β, γ (°): 90.0000, 90.0000, 120.0000
  Volume: 301.8127 Å³

Box_dim and Cell explanations:
  Box_dim: A 1D array of box dimensions, typically in Angstroms.
          For orthogonal boxes: [Lx, Ly, Lz]
          For triclinic boxes: [Lx, Ly, Lz, xy, xz, yz] or [Lx, Ly, Lz, α, β, γ]
  Cell: A 1×6 array with cell parameters [a, b, c, α, β, γ]
        where a, b, c are lengths and α, β, γ are angles in degrees.
--------------------------------------------------------------------------------

Total charge: 0.0000000

Unique Atom Types and Their Coordination Environment
--------------------------------------------------------------------------------
Type       Count  Neighbors                     Charge
--------------------------------------------------------------------------------
Feo3       12     ObObObObObOb                 1.50000
Ob         18     Feo3Feo3Feo3Feo3            -1.00000
--------------------------------------------------------------------------------

Detailed Atom Type Statistics with Standard Deviations
--------------------------------------------------------------------------------
Type       Count  Coord#           Bond Dist (Å)        Angle (°)           
--------------------------------------------------------------------------------
Feo3       12     6.00 ± 0.00      2.0288 ± 0.0852      103.932 ± 30.297    
Ob         18     4.00 ± 0.00      2.0288 ± 0.0852      109.519 ± 18.787    
--------------------------------------------------------------------------------

Bond Statistics for Unique Atom Type Pairs
--------------------------------------------------------------------------------
Bond Pair                 Count    Distance (Å)        
--------------------------------------------------------------------------------
Feo3-Ob                   144      2.0288 ± 0.0849
--------------------------------------------------------------------------------

Angle Statistics for Unique Atom Type Triplets
--------------------------------------------------------------------------------
Angle Triplet             Count    Angle (°)           
--------------------------------------------------------------------------------
Feo3-Ob-Feo3              108      109.519 ± 18.787
Ob-Feo3-Ob                180      103.932 ± 30.297
--------------------------------------------------------------------------------

