System Dimensions and Properties
--------------------------------------------------------------------------------
Box_dim (Å):
  Full matrix: [5.1540, 8.9419, 7.1334, 0.0000, 0.0000, 0.0312, 0.0000, -1.9192, -0.2422]
Cell parameters:
  a, b, c (Å): 5.1540, 8.9420, 7.3910
  α, β, γ (°): 91.9300, 105.0500, 89.8000
  Volume: 328.7543 Å³

Box_dim and Cell explanations:
  Box_dim: A 1D array of box dimensions, typically in Angstroms.
          For orthogonal boxes: [Lx, Ly, Lz]
          For triclinic boxes: [Lx, Ly, Lz, xy, xz, yz] or [Lx, Ly, Lz, α, β, γ]
  Cell: A 1×6 array with cell parameters [a, b, c, α, β, γ]
        where a, b, c are lengths and α, β, γ are angles in degrees.
--------------------------------------------------------------------------------

Total charge: 0.0000000

Unique Atom Types and Their Coordination Environment
--------------------------------------------------------------------------------
Type       Count  Neighbors                     Charge
--------------------------------------------------------------------------------
Alo        4      OhOhOhOhOpOp                 1.78200
H          8      Oh                           0.40000
Ob         6      SitSit                      -0.94200
Oh         8      AloAloH                     -0.99400
Op         4      AloAloSit                   -1.06500
Sit        4      ObObObOp                     1.88400
--------------------------------------------------------------------------------

Detailed Atom Type Statistics with Standard Deviations
--------------------------------------------------------------------------------
Type       Count  Coord#           Bond Dist (Å)        Angle (°)           
--------------------------------------------------------------------------------
Alo        4      6.00 ± 0.00      1.9073 ± 0.0207      105.687 ± 31.709    
H          8      1.00 ± 0.00      0.9621 ± 0.0036      122.945 ± 8.609 (H-O-M)
Ob         6      2.00 ± 0.00      1.6157 ± 0.0063      134.839 ± 6.876     
Oh         8      3.00 ± 0.00      1.5851 ± 0.4502      116.523 ± 11.600    
Op         4      3.00 ± 0.00      1.8230 ± 0.1564      116.542 ± 12.059    
Sit        4      4.00 ± 0.00      1.6146 ± 0.0059      109.414 ± 2.580     
--------------------------------------------------------------------------------

Bond Statistics for Unique Atom Type Pairs
--------------------------------------------------------------------------------
Bond Pair                 Count    Distance (Å)        
--------------------------------------------------------------------------------
Alo-Oh                    32       1.8966 ± 0.0159
Alo-Op                    16       1.9288 ± 0.0076
H-Oh                      16       0.9621 ± 0.0034
Ob-Sit                    24       1.6157 ± 0.0061
Op-Sit                    8        1.6114 ± 0.0034
--------------------------------------------------------------------------------

Angle Statistics for Unique Atom Type Triplets
--------------------------------------------------------------------------------
Angle Triplet             Count    Angle (°)           
--------------------------------------------------------------------------------
Alo-Oh-Alo                8        103.679 ± 0.689
Alo-Oh-H                  16       122.945 ± 8.609
Alo-Op-Alo                4        100.691 ± 0.235
Alo-Op-Sit                8        124.467 ± 3.623
Ob-Sit-Ob                 12       107.475 ± 1.666
Ob-Sit-Op                 12       111.353 ± 1.717
Oh-Alo-Oh                 24       103.560 ± 29.594
Oh-Alo-Op                 32       108.792 ± 35.093
Op-Alo-Op                 4        93.602 ± 0.190
Sit-Ob-Sit                6        134.839 ± 6.876
--------------------------------------------------------------------------------

