System Dimensions and Properties
--------------------------------------------------------------------------------
Box_dim (Å):
  Orthogonal box: [3.8700, 12.4000, 3.0600]
  Volume: 146.8433 Å³
Cell parameters:
  a, b, c (Å): 3.8700, 12.4000, 3.0600
  α, β, γ (°): 90.0000, 90.0000, 90.0000
  Volume: 146.8433 Å³

Box_dim and Cell explanations:
  Box_dim: A 1D array of box dimensions, typically in Angstroms.
          For orthogonal boxes: [Lx, Ly, Lz]
          For triclinic boxes: [Lx, Ly, Lz, xy, xz, yz] or [Lx, Ly, Lz, α, β, γ]
  Cell: A 1×6 array with cell parameters [a, b, c, α, β, γ]
        where a, b, c are lengths and α, β, γ are angles in degrees.
--------------------------------------------------------------------------------

Total charge: 0.0000000

Unique Atom Types and Their Coordination Environment
--------------------------------------------------------------------------------
Type       Count  Neighbors                     Charge
--------------------------------------------------------------------------------
Fe         4      ObObOh                       0.00000
H          4      Oh                           0.40000
Ob         4      FeFe                         0.00000
Oh         4      FeH                         -0.40000
--------------------------------------------------------------------------------

Detailed Atom Type Statistics with Standard Deviations
--------------------------------------------------------------------------------
Type       Count  Coord#           Bond Dist (Å)        Angle (°)           
--------------------------------------------------------------------------------
Fe         4      3.00 ± 0.00      2.0464 ± 0.0884      88.904 ± 1.619      
H          4      1.00 ± 0.00      0.9559 ± 0.0000      179.369 ± 0.000 (H-O-M)
Ob         4      2.00 ± 0.00      2.0293 ± 0.1062      90.000 ± 0.000      
Oh         4      2.00 ± 0.00      1.5183 ± 0.6012      179.369 ± 0.000     
--------------------------------------------------------------------------------

Bond Statistics for Unique Atom Type Pairs
--------------------------------------------------------------------------------
Bond Pair                 Count    Distance (Å)        
--------------------------------------------------------------------------------
Fe-Ob                     16       2.0293 ± 0.1026
Fe-Oh                     8        2.0806 ± 0.0000
H-Oh                      8        0.9559 ± 0.0000
--------------------------------------------------------------------------------

Angle Statistics for Unique Atom Type Triplets
--------------------------------------------------------------------------------
Angle Triplet             Count    Angle (°)           
--------------------------------------------------------------------------------
Fe-Ob-Fe                  4        90.000 ± 0.000
Fe-Oh-H                   4        179.369 ± 0.000
Ob-Fe-Ob                  4        90.000 ± 0.000
Ob-Fe-Oh                  8        88.356 ± 1.758
--------------------------------------------------------------------------------

