System Dimensions and Properties
--------------------------------------------------------------------------------
Box_dim (Å):
  Orthogonal box: [4.6190, 4.6190, 4.6190]
  Volume: 98.5471 Å³
Cell parameters:
  a, b, c (Å): 4.6190, 4.6190, 4.6190
  α, β, γ (°): 90.0000, 90.0000, 90.0000
  Volume: 98.5471 Å³

Box_dim and Cell explanations:
  Box_dim: A 1D array of box dimensions, typically in Angstroms.
          For orthogonal boxes: [Lx, Ly, Lz]
          For triclinic boxes: [Lx, Ly, Lz, xy, xz, yz] or [Lx, Ly, Lz, α, β, γ]
  Cell: A 1×6 array with cell parameters [a, b, c, α, β, γ]
        where a, b, c are lengths and α, β, γ are angles in degrees.
--------------------------------------------------------------------------------

Total charge: 0.0000000

Unique Atom Types and Their Coordination Environment
--------------------------------------------------------------------------------
Type       Count  Neighbors                     Charge
--------------------------------------------------------------------------------
Lio        8      OliOliOliOli                 0.86000
Oli        4      LioLioLioLioLioLioLioLio        -1.72000
--------------------------------------------------------------------------------

Detailed Atom Type Statistics with Standard Deviations
--------------------------------------------------------------------------------
Type       Count  Coord#           Bond Dist (Å)        Angle (°)           
--------------------------------------------------------------------------------
Lio        8      4.00 ± 0.00      2.0001 ± 0.0048      109.471 ± 0.225     
Oli        4      8.00 ± 0.00      2.0001 ± 0.0048      102.853 ± 36.444    
--------------------------------------------------------------------------------

Bond Statistics for Unique Atom Type Pairs
--------------------------------------------------------------------------------
Bond Pair                 Count    Distance (Å)        
--------------------------------------------------------------------------------
Lio-Oli                   64       2.0001 ± 0.0048
--------------------------------------------------------------------------------

Angle Statistics for Unique Atom Type Triplets
--------------------------------------------------------------------------------
Angle Triplet             Count    Angle (°)           
--------------------------------------------------------------------------------
Lio-Oli-Lio               112      102.853 ± 36.444
Oli-Lio-Oli               48       109.471 ± 0.225
--------------------------------------------------------------------------------

