System Dimensions and Properties
--------------------------------------------------------------------------------
Box_dim (Å):
  Orthogonal box: [8.3470, 8.3470, 8.3470]
  Volume: 581.5556 Å³
Cell parameters:
  a, b, c (Å): 8.3470, 8.3470, 8.3470
  α, β, γ (°): 90.0000, 90.0000, 90.0000
  Volume: 581.5556 Å³

Box_dim and Cell explanations:
  Box_dim: A 1D array of box dimensions, typically in Angstroms.
          For orthogonal boxes: [Lx, Ly, Lz]
          For triclinic boxes: [Lx, Ly, Lz, xy, xz, yz] or [Lx, Ly, Lz, α, β, γ]
  Cell: A 1×6 array with cell parameters [a, b, c, α, β, γ]
        where a, b, c are lengths and α, β, γ are angles in degrees.
--------------------------------------------------------------------------------

Total charge: 4.0000000

Unique Atom Types and Their Coordination Environment
--------------------------------------------------------------------------------
Type       Count  Neighbors                     Charge
--------------------------------------------------------------------------------
Feo2       4      ObtObtObtObtObtObt           1.18400
Feo3       12     ObtObtObtObtObtObt           1.50000
Fet3       8      ObtObtObtObt                 1.50000
Obt        24     Feo2Feo3Feo3Fet3            -0.98900
Obt        8      Feo3Feo3Feo3Fet3            -0.87500
--------------------------------------------------------------------------------

Detailed Atom Type Statistics with Standard Deviations
--------------------------------------------------------------------------------
Type       Count  Coord#           Bond Dist (Å)        Angle (°)           
--------------------------------------------------------------------------------
Feo2       4      6.00 ± 0.00      2.1032 ± 0.0050      107.739 ± 35.778    
Feo3       12     6.00 ± 0.00      2.0452 ± 0.0230      106.952 ± 34.182    
Fet3       8      4.00 ± 0.00      1.8598 ± 0.0207      109.421 ± 2.458     
Obt        32     4.00 ± 0.00      2.0097 ± 0.0918      107.854 ± 16.436    
--------------------------------------------------------------------------------

Bond Statistics for Unique Atom Type Pairs
--------------------------------------------------------------------------------
Bond Pair                 Count    Distance (Å)        
--------------------------------------------------------------------------------
Feo2-Obt                  48       2.1032 ± 0.0049
Feo3-Obt                  144      2.0452 ± 0.0229
Fet3-Obt                  64       1.8598 ± 0.0206
--------------------------------------------------------------------------------

Angle Statistics for Unique Atom Type Triplets
--------------------------------------------------------------------------------
Angle Triplet             Count    Angle (°)           
--------------------------------------------------------------------------------
Feo2-Obt-Feo3             48       88.620 ± 0.702
Feo2-Obt-Fet3             24       125.921 ± 0.282
Feo3-Obt-Feo3             48       94.654 ± 0.593
Feo3-Obt-Fet3             72       123.455 ± 1.035
Obt-Feo2-Obt              60       107.739 ± 35.778
Obt-Feo3-Obt              180      106.952 ± 34.182
Obt-Fet3-Obt              48       109.421 ± 2.458
--------------------------------------------------------------------------------

