System Dimensions and Properties
--------------------------------------------------------------------------------
Box_dim (Å):
  Full matrix: [5.1920, 9.0150, 9.9719, 0.0000, 0.0000, 0.0000, 0.0000, -1.0006, 0.0000]
Cell parameters:
  a, b, c (Å): 5.1920, 9.0150, 10.0220
  α, β, γ (°): 90.0000, 95.7300, 90.0000
  Volume: 466.7447 Å³

Box_dim and Cell explanations:
  Box_dim: A 1D array of box dimensions, typically in Angstroms.
          For orthogonal boxes: [Lx, Ly, Lz]
          For triclinic boxes: [Lx, Ly, Lz, xy, xz, yz] or [Lx, Ly, Lz, α, β, γ]
  Cell: A 1×6 array with cell parameters [a, b, c, α, β, γ]
        where a, b, c are lengths and α, β, γ are angles in degrees.
--------------------------------------------------------------------------------

Total charge: 0.0000000

Unique Atom Types and Their Coordination Environment
--------------------------------------------------------------------------------
Type       Count  Neighbors                     Charge
--------------------------------------------------------------------------------
Alo        4      OhOhOpOpOpOp                 1.78200
H          4      Oh                           0.40000
Ob         12     SitSit                      -0.94200
Oh         4      AloAloH                     -0.99400
Op         8      AloAloSit                   -1.06500
Sit        8      ObObObOp                     1.88400
--------------------------------------------------------------------------------

Detailed Atom Type Statistics with Standard Deviations
--------------------------------------------------------------------------------
Type       Count  Coord#           Bond Dist (Å)        Angle (°)           
--------------------------------------------------------------------------------
Alo        4      6.00 ± 0.00      1.9289 ± 0.0134      105.674 ± 31.616    
H          4      1.00 ± 0.00      0.9294 ± 0.0087      116.235 ± 0.289 (H-O-M)
Ob         12     2.00 ± 0.00      1.6424 ± 0.0064      132.394 ± 5.700     
Oh         4      3.00 ± 0.00      1.5873 ± 0.4860      111.804 ± 6.551     
Op         8      3.00 ± 0.00      1.8405 ± 0.1372      117.589 ± 11.530    
Sit        8      4.00 ± 0.00      1.6446 ± 0.0067      109.446 ± 1.845     
--------------------------------------------------------------------------------

Bond Statistics for Unique Atom Type Pairs
--------------------------------------------------------------------------------
Bond Pair                 Count    Distance (Å)        
--------------------------------------------------------------------------------
Alo-Oh                    16       1.9163 ± 0.0058
Alo-Op                    32       1.9352 ± 0.0112
H-Oh                      8        0.9294 ± 0.0081
Ob-Sit                    48       1.6424 ± 0.0063
Op-Sit                    16       1.6510 ± 0.0007
--------------------------------------------------------------------------------

Angle Statistics for Unique Atom Type Triplets
--------------------------------------------------------------------------------
Angle Triplet             Count    Angle (°)           
--------------------------------------------------------------------------------
Alo-Oh-Alo                4        102.943 ± 0.321
Alo-Oh-H                  8        116.235 ± 0.289
Alo-Op-Alo                8        101.761 ± 0.151
Alo-Op-Sit                16       125.503 ± 1.853
Ob-Sit-Ob                 24       108.037 ± 1.341
Ob-Sit-Op                 24       110.854 ± 1.008
Oh-Alo-Oh                 4        77.057 ± 0.138
Oh-Alo-Op                 32       112.660 ± 32.023
Op-Alo-Op                 24       101.129 ± 30.823
Sit-Ob-Sit                12       132.394 ± 5.700
--------------------------------------------------------------------------------

