System Dimensions and Properties
--------------------------------------------------------------------------------
Box_dim (Å):
  Full matrix: [8.9060, 5.1460, 7.1780, 0.0000, 0.0000, 0.0000, 0.0000, -3.1330, 0.0000]
Cell parameters:
  a, b, c (Å): 8.9060, 5.1460, 7.8319
  α, β, γ (°): 90.0000, 113.5800, 90.0000
  Volume: 328.9677 Å³

Box_dim and Cell explanations:
  Box_dim: A 1D array of box dimensions, typically in Angstroms.
          For orthogonal boxes: [Lx, Ly, Lz]
          For triclinic boxes: [Lx, Ly, Lz, xy, xz, yz] or [Lx, Ly, Lz, α, β, γ]
  Cell: A 1×6 array with cell parameters [a, b, c, α, β, γ]
        where a, b, c are lengths and α, β, γ are angles in degrees.
--------------------------------------------------------------------------------

Total charge: 0.0000000

Unique Atom Types and Their Coordination Environment
--------------------------------------------------------------------------------
Type       Count  Neighbors                     Charge
--------------------------------------------------------------------------------
Alo        4      OhOhOhOhOpOp                 1.78200
H          8      Oh                           0.40000
Ob         6      SitSit                      -0.94200
Oh         8      AloAloH                     -0.99400
Op         4      AloAloSit                   -1.06500
Sit        4      ObObObOp                     1.88400
--------------------------------------------------------------------------------

Detailed Atom Type Statistics with Standard Deviations
--------------------------------------------------------------------------------
Type       Count  Coord#           Bond Dist (Å)        Angle (°)           
--------------------------------------------------------------------------------
Alo        4      6.00 ± 0.00      1.9056 ± 0.0525      105.444 ± 31.355    
H          8      1.00 ± 0.00      0.9983 ± 0.0169      123.431 ± 12.316 (H-O-M)
Ob         6      2.00 ± 0.00      1.6140 ± 0.0077      134.366 ± 7.110     
Oh         8      3.00 ± 0.00      1.5820 ± 0.4223      117.125 ± 13.588    
Op         4      3.00 ± 0.00      1.8478 ± 0.1805      117.763 ± 14.258    
Sit        4      4.00 ± 0.00      1.6118 ± 0.0081      109.429 ± 2.289     
--------------------------------------------------------------------------------

Bond Statistics for Unique Atom Type Pairs
--------------------------------------------------------------------------------
Bond Pair                 Count    Distance (Å)        
--------------------------------------------------------------------------------
Alo-Oh                    32       1.8739 ± 0.0255
Alo-Op                    16       1.9691 ± 0.0256
H-Oh                      16       0.9983 ± 0.0164
Ob-Sit                    24       1.6140 ± 0.0075
Op-Sit                    8        1.6051 ± 0.0051
--------------------------------------------------------------------------------

Angle Statistics for Unique Atom Type Triplets
--------------------------------------------------------------------------------
Angle Triplet             Count    Angle (°)           
--------------------------------------------------------------------------------
Alo-Oh-Alo                8        104.515 ± 2.996
Alo-Oh-H                  16       123.431 ± 12.316
Alo-Op-Alo                4        98.600 ± 0.081
Alo-Op-Sit                8        127.345 ± 2.163
Ob-Sit-Ob                 12       107.441 ± 1.264
Ob-Sit-Op                 12       111.416 ± 0.855
Oh-Alo-Oh                 24       105.204 ± 28.974
Oh-Alo-Op                 32       107.594 ± 34.806
Op-Alo-Op                 4        89.687 ± 0.334
Sit-Ob-Sit                6        134.366 ± 7.110
--------------------------------------------------------------------------------

