System Dimensions and Properties
--------------------------------------------------------------------------------
Box_dim (Å):
  Full matrix: [5.2770, 9.1400, 9.6003, 0.0000, 0.0000, 0.0000, 0.0000, -1.8661, 0.0000]
Cell parameters:
  a, b, c (Å): 5.2770, 9.1400, 9.7800
  α, β, γ (°): 90.0000, 101.0000, 90.0000
  Volume: 463.0402 Å³

Box_dim and Cell explanations:
  Box_dim: A 1D array of box dimensions, typically in Angstroms.
          For orthogonal boxes: [Lx, Ly, Lz]
          For triclinic boxes: [Lx, Ly, Lz, xy, xz, yz] or [Lx, Ly, Lz, α, β, γ]
  Cell: A 1×6 array with cell parameters [a, b, c, α, β, γ]
        where a, b, c are lengths and α, β, γ are angles in degrees.
--------------------------------------------------------------------------------

Total charge: 0.0000000

Unique Atom Types and Their Coordination Environment
--------------------------------------------------------------------------------
Type       Count  Neighbors                     Charge
--------------------------------------------------------------------------------
Feo3       4      OhOhOpOpOpOp                 1.50000
H          4      Oh                           0.40000
Ob         12     SitSit                      -0.94200
Oh         4      Feo3Feo3H                   -0.90000
Op         8      Feo3Feo3Sit                 -0.97100
Sit        8      ObObObOp                     1.88400
--------------------------------------------------------------------------------

Detailed Atom Type Statistics with Standard Deviations
--------------------------------------------------------------------------------
Type       Count  Coord#           Bond Dist (Å)        Angle (°)           
--------------------------------------------------------------------------------
Feo3       4      6.00 ± 0.00      1.9836 ± 0.1311      105.918 ± 32.182    
H          4      1.00 ± 0.00      0.9590 ± 0.0000      131.533 ± 0.023 (H-O-M)
Ob         12     2.00 ± 0.00      1.6240 ± 0.0835      139.891 ± 6.464     
Oh         4      3.00 ± 0.00      1.6734 ± 0.5276      119.998 ± 17.038    
Op         8      3.00 ± 0.00      1.8629 ± 0.1892      116.790 ± 12.903    
Sit        8      4.00 ± 0.00      1.6351 ± 0.0745      109.505 ± 5.321     
--------------------------------------------------------------------------------

Bond Statistics for Unique Atom Type Pairs
--------------------------------------------------------------------------------
Bond Pair                 Count    Distance (Å)        
--------------------------------------------------------------------------------
Feo3-Oh                   16       2.0306 ± 0.0007
Feo3-Op                   32       1.9602 ± 0.1543
H-Oh                      8        0.9590 ± 0.0000
Ob-Sit                    48       1.6240 ± 0.0826
Op-Sit                    16       1.6683 ± 0.0008
--------------------------------------------------------------------------------

Angle Statistics for Unique Atom Type Triplets
--------------------------------------------------------------------------------
Angle Triplet             Count    Angle (°)           
--------------------------------------------------------------------------------
Feo3-Oh-Feo3              4        96.928 ± 0.052
Feo3-Oh-H                 8        131.533 ± 0.023
Feo3-Op-Feo3              8        101.877 ± 0.027
Feo3-Op-Sit               16       124.246 ± 8.795
Ob-Sit-Ob                 24       108.967 ± 3.165
Ob-Sit-Op                 24       110.043 ± 6.872
Oh-Feo3-Oh                4        83.072 ± 0.024
Oh-Feo3-Op                32       111.573 ± 33.843
Op-Feo3-Op                24       102.185 ± 31.035
Sit-Ob-Sit                12       139.891 ± 6.464
--------------------------------------------------------------------------------

