System Dimensions and Properties
--------------------------------------------------------------------------------
Box_dim (Å):
  Orthogonal box: [4.2030, 4.2030, 4.2030]
  Volume: 74.2469 Å³
Cell parameters:
  a, b, c (Å): 4.2030, 4.2030, 4.2030
  α, β, γ (°): 90.0000, 90.0000, 90.0000
  Volume: 74.2469 Å³

Box_dim and Cell explanations:
  Box_dim: A 1D array of box dimensions, typically in Angstroms.
          For orthogonal boxes: [Lx, Ly, Lz]
          For triclinic boxes: [Lx, Ly, Lz, xy, xz, yz] or [Lx, Ly, Lz, α, β, γ]
  Cell: A 1×6 array with cell parameters [a, b, c, α, β, γ]
        where a, b, c are lengths and α, β, γ are angles in degrees.
--------------------------------------------------------------------------------

Total charge: 0.0000000

Unique Atom Types and Their Coordination Environment
--------------------------------------------------------------------------------
Type       Count  Neighbors                     Charge
--------------------------------------------------------------------------------
Mg         4      ObObOb                 0.00000
Ob         4      MgMgMg                       0.00000
--------------------------------------------------------------------------------

Detailed Atom Type Statistics with Standard Deviations
--------------------------------------------------------------------------------
Type       Count  Coord#           Bond Dist (Å)        Angle (°)           
--------------------------------------------------------------------------------
Mg         4      3.00 ± 0.00      2.1000 ± 0.0000      90.000 ± 0.000      
Ob         4      3.00 ± 0.00      2.1000 ± 0.0000      90.000 ± 0.000      
--------------------------------------------------------------------------------

Bond Statistics for Unique Atom Type Pairs
--------------------------------------------------------------------------------
Bond Pair                 Count    Distance (Å)        
--------------------------------------------------------------------------------
Mg-Ob                   24       2.1000 ± 0.0000
--------------------------------------------------------------------------------

Angle Statistics for Unique Atom Type Triplets
--------------------------------------------------------------------------------
Angle Triplet             Count    Angle (°)           
--------------------------------------------------------------------------------
Mg-Ob-Mg                12       90.000 ± 0.000
Ob-Mg-Ob                12       90.000 ± 0.000
--------------------------------------------------------------------------------

