System Dimensions and Properties
--------------------------------------------------------------------------------
Box_dim (Å):
  Full matrix: [5.1600, 8.9660, 9.1917, 0.0000, 0.0000, 0.0000, 0.0000, -1.6969, 0.0000]
Cell parameters:
  a, b, c (Å): 5.1600, 8.9660, 9.3470
  α, β, γ (°): 90.0000, 100.4600, 90.0000
  Volume: 425.2486 Å³

Box_dim and Cell explanations:
  Box_dim: A 1D array of box dimensions, typically in Angstroms.
          For orthogonal boxes: [Lx, Ly, Lz]
          For triclinic boxes: [Lx, Ly, Lz, xy, xz, yz] or [Lx, Ly, Lz, α, β, γ]
  Cell: A 1×6 array with cell parameters [a, b, c, α, β, γ]
        where a, b, c are lengths and α, β, γ are angles in degrees.
--------------------------------------------------------------------------------

Total charge: 0.0000000

Unique Atom Types and Their Coordination Environment
--------------------------------------------------------------------------------
Type       Count  Neighbors                     Charge
--------------------------------------------------------------------------------
Alo        4      OhOhOpOpOpOp                 1.78200
H          4      Oh                           0.40000
Ob         12     SitSit                      -0.94200
Oh         4      AloAloH                     -0.99400
Op         8      AloAloSit                   -1.06500
Sit        8      ObObObOp                     1.88400
--------------------------------------------------------------------------------

Detailed Atom Type Statistics with Standard Deviations
--------------------------------------------------------------------------------
Type       Count  Coord#           Bond Dist (Å)        Angle (°)           
--------------------------------------------------------------------------------
Alo        4      6.00 ± 0.00      1.9121 ± 0.0206      105.492 ± 31.200    
H          4      1.00 ± 0.00      0.9705 ± 0.0050      127.936 ± 1.586 (H-O-M)
Ob         12     2.00 ± 0.00      1.6119 ± 0.0101      135.972 ± 6.331     
Oh         4      3.00 ± 0.00      1.5808 ± 0.4508      119.986 ± 11.811    
Op         8      3.00 ± 0.00      1.8283 ± 0.1401      117.856 ± 11.672    
Sit        8      4.00 ± 0.00      1.6176 ± 0.0134      109.467 ± 1.413     
--------------------------------------------------------------------------------

Bond Statistics for Unique Atom Type Pairs
--------------------------------------------------------------------------------
Bond Pair                 Count    Distance (Å)        
--------------------------------------------------------------------------------
Alo-Oh                    16       1.8859 ± 0.0065
Alo-Op                    32       1.9252 ± 0.0088
H-Oh                      8        0.9705 ± 0.0046
Ob-Sit                    48       1.6119 ± 0.0100
Op-Sit                    16       1.6346 ± 0.0037
--------------------------------------------------------------------------------

Angle Statistics for Unique Atom Type Triplets
--------------------------------------------------------------------------------
Angle Triplet             Count    Angle (°)           
--------------------------------------------------------------------------------
Alo-Oh-Alo                4        104.086 ± 0.000
Alo-Oh-H                  8        127.936 ± 1.586
Alo-Op-Alo                8        101.836 ± 0.406
Alo-Op-Sit                16       125.866 ± 1.870
Ob-Sit-Ob                 24       109.569 ± 1.650
Ob-Sit-Op                 24       109.365 ± 1.156
Oh-Alo-Oh                 4        75.914 ± 0.000
Oh-Alo-Op                 32       112.741 ± 31.298
Op-Alo-Op                 24       100.756 ± 30.467
Sit-Ob-Sit                12       135.972 ± 6.331
--------------------------------------------------------------------------------

