System Dimensions and Properties
--------------------------------------------------------------------------------
Box_dim (Å):
  Full matrix: [5.1800, 8.9700, 9.8517, 0.0000, 0.0000, 0.0000, 0.0000, -1.9865, 0.0000]
Cell parameters:
  a, b, c (Å): 5.1800, 8.9700, 10.0500
  α, β, γ (°): 90.0000, 101.4000, 90.0000
  Volume: 457.7565 Å³

Box_dim and Cell explanations:
  Box_dim: A 1D array of box dimensions, typically in Angstroms.
          For orthogonal boxes: [Lx, Ly, Lz]
          For triclinic boxes: [Lx, Ly, Lz, xy, xz, yz] or [Lx, Ly, Lz, α, β, γ]
  Cell: A 1×6 array with cell parameters [a, b, c, α, β, γ]
        where a, b, c are lengths and α, β, γ are angles in degrees.
--------------------------------------------------------------------------------

Total charge: 0.0000000

Unique Atom Types and Their Coordination Environment
--------------------------------------------------------------------------------
Type       Count  Neighbors                     Charge
--------------------------------------------------------------------------------
Alo        4      OhOhOpOpOpOp                 1.78200
H          4      Oh                           0.40000
Ob         12     SitSit                      -0.94200
Oh         4      AloAloH                     -0.99400
Op         8      AloAloSit                   -1.06500
Sit        8      ObObObOp                     1.88400
--------------------------------------------------------------------------------

Detailed Atom Type Statistics with Standard Deviations
--------------------------------------------------------------------------------
Type       Count  Coord#           Bond Dist (Å)        Angle (°)           
--------------------------------------------------------------------------------
Alo        4      6.00 ± 0.00      1.9237 ± 0.0264      105.591 ± 31.434    
H          4      1.00 ± 0.00      0.9697 ± 0.0005      120.505 ± 2.376 (H-O-M)
Ob         12     2.00 ± 0.00      1.6316 ± 0.0135      133.233 ± 6.160     
Oh         4      3.00 ± 0.00      1.5872 ± 0.4562      114.762 ± 8.712     
Op         8      3.00 ± 0.00      1.8404 ± 0.1411      117.540 ± 11.865    
Sit        8      4.00 ± 0.00      1.6353 ± 0.0134      109.457 ± 1.611     
--------------------------------------------------------------------------------

Bond Statistics for Unique Atom Type Pairs
--------------------------------------------------------------------------------
Bond Pair                 Count    Distance (Å)        
--------------------------------------------------------------------------------
Alo-Oh                    16       1.8959 ± 0.0146
Alo-Op                    32       1.9375 ± 0.0183
H-Oh                      8        0.9697 ± 0.0005
Ob-Sit                    48       1.6316 ± 0.0134
Op-Sit                    16       1.6462 ± 0.0024
--------------------------------------------------------------------------------

Angle Statistics for Unique Atom Type Triplets
--------------------------------------------------------------------------------
Angle Triplet             Count    Angle (°)           
--------------------------------------------------------------------------------
Alo-Oh-Alo                4        103.276 ± 1.144
Alo-Oh-H                  8        120.505 ± 2.376
Alo-Op-Alo                8        101.426 ± 1.056
Alo-Op-Sit                16       125.598 ± 2.756
Ob-Sit-Ob                 24       109.156 ± 1.675
Ob-Sit-Op                 24       109.757 ± 1.521
Oh-Alo-Oh                 4        76.690 ± 0.716
Oh-Alo-Op                 32       112.863 ± 31.749
Op-Alo-Op                 24       100.712 ± 30.535
Sit-Ob-Sit                12       133.233 ± 6.160
--------------------------------------------------------------------------------

