System Dimensions and Properties
--------------------------------------------------------------------------------
Box_dim (Å):
  Full matrix: [5.1800, 8.9700, 9.9319, 0.0000, 0.0000, 0.0000, 0.0000, -1.6620, 0.0000]
Cell parameters:
  a, b, c (Å): 5.1800, 8.9700, 10.0700
  α, β, γ (°): 90.0000, 99.5000, 90.0000
  Volume: 461.4816 Å³

Box_dim and Cell explanations:
  Box_dim: A 1D array of box dimensions, typically in Angstroms.
          For orthogonal boxes: [Lx, Ly, Lz]
          For triclinic boxes: [Lx, Ly, Lz, xy, xz, yz] or [Lx, Ly, Lz, α, β, γ]
  Cell: A 1×6 array with cell parameters [a, b, c, α, β, γ]
        where a, b, c are lengths and α, β, γ are angles in degrees.
--------------------------------------------------------------------------------

Total charge: 0.0000000

Unique Atom Types and Their Coordination Environment
--------------------------------------------------------------------------------
Type       Count  Neighbors                     Charge
--------------------------------------------------------------------------------
Alo        4      OhOhOpOpOpOp                 1.78200
H          4      Oh                           0.40000
Ob         12     SitSit                      -0.94200
Oh         4      AloAloH                     -0.99400
Op         8      AloAloSit                   -1.06500
Sit        8      ObObObOp                     1.88400
--------------------------------------------------------------------------------

Detailed Atom Type Statistics with Standard Deviations
--------------------------------------------------------------------------------
Type       Count  Coord#           Bond Dist (Å)        Angle (°)           
--------------------------------------------------------------------------------
Alo        4      6.00 ± 0.00      1.9251 ± 0.0333      105.682 ± 31.641    
H          4      1.00 ± 0.00      0.9709 ± 0.0013      118.249 ± 3.764 (H-O-M)
Ob         12     2.00 ± 0.00      1.6317 ± 0.0070      132.998 ± 4.367     
Oh         4      3.00 ± 0.00      1.5799 ± 0.4500      113.722 ± 7.338     
Op         8      3.00 ± 0.00      1.8457 ± 0.1446      116.999 ± 11.965    
Sit        8      4.00 ± 0.00      1.6353 ± 0.0090      109.460 ± 1.607     
--------------------------------------------------------------------------------

Bond Statistics for Unique Atom Type Pairs
--------------------------------------------------------------------------------
Bond Pair                 Count    Distance (Å)        
--------------------------------------------------------------------------------
Alo-Oh                    16       1.8844 ± 0.0183
Alo-Op                    32       1.9455 ± 0.0142
H-Oh                      8        0.9709 ± 0.0012
Ob-Sit                    48       1.6317 ± 0.0069
Op-Sit                    16       1.6462 ± 0.0039
--------------------------------------------------------------------------------

Angle Statistics for Unique Atom Type Triplets
--------------------------------------------------------------------------------
Angle Triplet             Count    Angle (°)           
--------------------------------------------------------------------------------
Alo-Oh-Alo                4        104.667 ± 0.633
Alo-Oh-H                  8        118.249 ± 3.764
Alo-Op-Alo                8        100.616 ± 1.056
Alo-Op-Sit                16       125.191 ± 2.067
Ob-Sit-Ob                 24       109.304 ± 2.011
Ob-Sit-Op                 24       109.616 ± 1.086
Oh-Alo-Oh                 4        131.523 ± 38.568
Oh-Alo-Op                 32       99.095 ± 26.578
Op-Alo-Op                 24       110.158 ± 34.996
Sit-Ob-Sit                12       132.998 ± 4.367
--------------------------------------------------------------------------------

