System Dimensions and Properties
--------------------------------------------------------------------------------
Box_dim (Å):
  Full matrix: [5.1600, 8.9658, 9.1899, 0.0000, 0.0000, 0.0563, 0.0000, -1.6969, -0.1818]
Cell parameters:
  a, b, c (Å): 5.1600, 8.9660, 9.3470
  α, β, γ (°): 91.1800, 100.4600, 89.6400
  Volume: 425.1570 Å³

Box_dim and Cell explanations:
  Box_dim: A 1D array of box dimensions, typically in Angstroms.
          For orthogonal boxes: [Lx, Ly, Lz]
          For triclinic boxes: [Lx, Ly, Lz, xy, xz, yz] or [Lx, Ly, Lz, α, β, γ]
  Cell: A 1×6 array with cell parameters [a, b, c, α, β, γ]
        where a, b, c are lengths and α, β, γ are angles in degrees.
--------------------------------------------------------------------------------

Total charge: 0.0000000

Unique Atom Types and Their Coordination Environment
--------------------------------------------------------------------------------
Type       Count  Neighbors                     Charge
--------------------------------------------------------------------------------
Alo        4      OhOhOpOpOpOp                 1.78200
H          4      Oh                           0.40000
Ob         12     SitSit                      -0.94200
Oh         4      AloAloH                     -0.99400
Op         8      AloAloSit                   -1.06500
Sit        8      ObObObOp                     1.88400
--------------------------------------------------------------------------------

Detailed Atom Type Statistics with Standard Deviations
--------------------------------------------------------------------------------
Type       Count  Coord#           Bond Dist (Å)        Angle (°)           
--------------------------------------------------------------------------------
Alo        4      6.00 ± 0.00      1.9107 ± 0.0198      105.493 ± 31.225    
H          4      1.00 ± 0.00      0.9679 ± 0.0100      128.188 ± 1.776 (H-O-M)
Ob         12     2.00 ± 0.00      1.6133 ± 0.0191      135.753 ± 6.325     
Oh         4      3.00 ± 0.00      1.5800 ± 0.4521      119.997 ± 12.182    
Op         8      3.00 ± 0.00      1.8279 ± 0.1377      117.817 ± 11.432    
Sit        8      4.00 ± 0.00      1.6194 ± 0.0197      109.463 ± 1.237     
--------------------------------------------------------------------------------

Bond Statistics for Unique Atom Type Pairs
--------------------------------------------------------------------------------
Bond Pair                 Count    Distance (Å)        
--------------------------------------------------------------------------------
Alo-Oh                    16       1.8860 ± 0.0044
Alo-Op                    32       1.9230 ± 0.0101
H-Oh                      8        0.9679 ± 0.0092
Ob-Sit                    48       1.6133 ± 0.0189
Op-Sit                    16       1.6376 ± 0.0044
--------------------------------------------------------------------------------

Angle Statistics for Unique Atom Type Triplets
--------------------------------------------------------------------------------
Angle Triplet             Count    Angle (°)           
--------------------------------------------------------------------------------
Alo-Oh-Alo                4        103.614 ± 0.073
Alo-Oh-H                  8        128.188 ± 1.776
Alo-Op-Alo                8        102.226 ± 0.697
Alo-Op-Sit                16       125.612 ± 2.388
Ob-Sit-Ob                 24       109.620 ± 1.409
Ob-Sit-Op                 24       109.306 ± 1.044
Oh-Alo-Oh                 4        76.386 ± 0.188
Oh-Alo-Op                 32       112.610 ± 31.397
Op-Alo-Op                 24       100.856 ± 30.532
Sit-Ob-Sit                12       135.753 ± 6.325
--------------------------------------------------------------------------------

