System Dimensions and Properties
--------------------------------------------------------------------------------
Box_dim (Å):
  Full matrix: [4.9120, 4.2539, 5.4040, 0.0000, 0.0000, -2.4560, 0.0000, 0.0000, 0.0000]
Cell parameters:
  a, b, c (Å): 4.9120, 4.9120, 5.4040
  α, β, γ (°): 90.0000, 90.0000, 120.0000
  Volume: 112.9179 Å³

Box_dim and Cell explanations:
  Box_dim: A 1D array of box dimensions, typically in Angstroms.
          For orthogonal boxes: [Lx, Ly, Lz]
          For triclinic boxes: [Lx, Ly, Lz, xy, xz, yz] or [Lx, Ly, Lz, α, β, γ]
  Cell: A 1×6 array with cell parameters [a, b, c, α, β, γ]
        where a, b, c are lengths and α, β, γ are angles in degrees.
--------------------------------------------------------------------------------

Total charge: -0.0000000

Unique Atom Types and Their Coordination Environment
--------------------------------------------------------------------------------
Type       Count  Neighbors                     Charge
--------------------------------------------------------------------------------
Ob         6      SitSit                      -0.94200
Sit        3      ObObObOb                     1.88400
--------------------------------------------------------------------------------

Detailed Atom Type Statistics with Standard Deviations
--------------------------------------------------------------------------------
Type       Count  Coord#           Bond Dist (Å)        Angle (°)           
--------------------------------------------------------------------------------
Ob         6      2.00 ± 0.00      1.6080 ± 0.0038      143.702 ± 0.269     
Sit        3      4.00 ± 0.00      1.6080 ± 0.0038      109.472 ± 0.769     
--------------------------------------------------------------------------------

Bond Statistics for Unique Atom Type Pairs
--------------------------------------------------------------------------------
Bond Pair                 Count    Distance (Å)        
--------------------------------------------------------------------------------
Ob-Sit                    24       1.6080 ± 0.0037
--------------------------------------------------------------------------------

Angle Statistics for Unique Atom Type Triplets
--------------------------------------------------------------------------------
Angle Triplet             Count    Angle (°)           
--------------------------------------------------------------------------------
Ob-Sit-Ob                 18       109.472 ± 0.769
Sit-Ob-Sit                6        143.702 ± 0.269
--------------------------------------------------------------------------------

