System Dimensions and Properties
--------------------------------------------------------------------------------
Box_dim (Å):
  Orthogonal box: [4.5920, 4.5920, 2.9580]
  Volume: 62.3738 Å³
Cell parameters:
  a, b, c (Å): 4.5920, 4.5920, 2.9580
  α, β, γ (°): 90.0000, 90.0000, 90.0000
  Volume: 62.3738 Å³

Box_dim and Cell explanations:
  Box_dim: A 1D array of box dimensions, typically in Angstroms.
          For orthogonal boxes: [Lx, Ly, Lz]
          For triclinic boxes: [Lx, Ly, Lz, xy, xz, yz] or [Lx, Ly, Lz, α, β, γ]
  Cell: A 1×6 array with cell parameters [a, b, c, α, β, γ]
        where a, b, c are lengths and α, β, γ are angles in degrees.
--------------------------------------------------------------------------------

Total charge: 0.0000000

Unique Atom Types and Their Coordination Environment
--------------------------------------------------------------------------------
Type       Count  Neighbors                     Charge
--------------------------------------------------------------------------------
O          4      TitTit                       0.00000
Tit        2      OOOO                         0.00000
--------------------------------------------------------------------------------

Detailed Atom Type Statistics with Standard Deviations
--------------------------------------------------------------------------------
Type       Count  Coord#           Bond Dist (Å)        Angle (°)           
--------------------------------------------------------------------------------
O          4      2.00 ± 0.00      1.9635 ± 0.0185      130.591 ± 0.130     
Tit        2      4.00 ± 0.00      1.9635 ± 0.0185      103.530 ± 35.877    
--------------------------------------------------------------------------------

Bond Statistics for Unique Atom Type Pairs
--------------------------------------------------------------------------------
Bond Pair                 Count    Distance (Å)        
--------------------------------------------------------------------------------
O-Tit                     16       1.9635 ± 0.0179
--------------------------------------------------------------------------------

Angle Statistics for Unique Atom Type Triplets
--------------------------------------------------------------------------------
Angle Triplet             Count    Angle (°)           
--------------------------------------------------------------------------------
O-Tit-O                   12       103.530 ± 35.877
Tit-O-Tit                 4        130.591 ± 0.130
--------------------------------------------------------------------------------

