System Dimensions and Properties
--------------------------------------------------------------------------------
Box_dim (Å):
  Full matrix: [5.2930, 9.1790, 9.3543, 0.0000, 0.0000, -0.0048, 0.0000, -1.4666, -0.0950]
Cell parameters:
  a, b, c (Å): 5.2930, 9.1790, 9.4690
  α, β, γ (°): 90.5700, 98.9100, 90.0300
  Volume: 454.4712 Å³

Box_dim and Cell explanations:
  Box_dim: A 1D array of box dimensions, typically in Angstroms.
          For orthogonal boxes: [Lx, Ly, Lz]
          For triclinic boxes: [Lx, Ly, Lz, xy, xz, yz] or [Lx, Ly, Lz, α, β, γ]
  Cell: A 1×6 array with cell parameters [a, b, c, α, β, γ]
        where a, b, c are lengths and α, β, γ are angles in degrees.
--------------------------------------------------------------------------------

Total charge: 0.0000000

Unique Atom Types and Their Coordination Environment
--------------------------------------------------------------------------------
Type       Count  Neighbors                     Charge
--------------------------------------------------------------------------------
H          4      Oh                           0.40000
Mgh        6      OhOhOpOpOpOp                 1.74000
Ob         12     SitSit                      -0.94200
Oh         4      HMghMghMgh                  -1.27000
Op         8      MghMghMghSit                -1.34100
Sit        8      ObObObOp                     1.88400
--------------------------------------------------------------------------------

Detailed Atom Type Statistics with Standard Deviations
--------------------------------------------------------------------------------
Type       Count  Coord#           Bond Dist (Å)        Angle (°)           
--------------------------------------------------------------------------------
H          4      1.00 ± 0.00      0.9600 ± 0.0000      120.920 ± 0.261 (H-O-M)
Mgh        6      6.00 ± 0.00      2.0787 ± 0.0184      107.831 ± 36.115    
Ob         12     2.00 ± 0.00      1.6195 ± 0.0066      141.487 ± 0.463     
Oh         4      4.00 ± 0.00      1.7828 ± 0.4906      108.443 ± 12.748    
Op         8      4.00 ± 0.00      1.9696 ± 0.2112      108.200 ± 14.272    
Sit        8      4.00 ± 0.00      1.6172 ± 0.0079      109.469 ± 0.674     
--------------------------------------------------------------------------------

Bond Statistics for Unique Atom Type Pairs
--------------------------------------------------------------------------------
Bond Pair                 Count    Distance (Å)        
--------------------------------------------------------------------------------
H-Oh                      8        0.9600 ± 0.0000
Mgh-Oh                    24       2.0570 ± 0.0049
Mgh-Op                    48       2.0895 ± 0.0115
Ob-Sit                    48       1.6195 ± 0.0066
Op-Sit                    16       1.6101 ± 0.0073
--------------------------------------------------------------------------------

Angle Statistics for Unique Atom Type Triplets
--------------------------------------------------------------------------------
Angle Triplet             Count    Angle (°)           
--------------------------------------------------------------------------------
H-Oh-Mgh                  12       120.920 ± 0.261
Mgh-Oh-Mgh                12       95.965 ± 0.182
Mgh-Op-Mgh                24       94.088 ± 0.475
Mgh-Op-Sit                24       122.313 ± 0.566
Ob-Sit-Ob                 24       109.959 ± 0.501
Ob-Sit-Op                 24       108.979 ± 0.418
Oh-Mgh-Oh                 6        116.025 ± 49.435
Oh-Mgh-Op                 48       105.610 ± 33.243
Op-Mgh-Op                 36       109.427 ± 38.245
Sit-Ob-Sit                12       141.487 ± 0.463
--------------------------------------------------------------------------------

