System Dimensions and Properties
--------------------------------------------------------------------------------
Box_dim (Å):
  Full matrix: [5.2610, 3.0330, 2.5173, 0.0000, 0.0000, 0.0000, 0.0000, -1.7398, 0.0000]
Cell parameters:
  a, b, c (Å): 5.2610, 3.0330, 3.0600
  α, β, γ (°): 90.0000, 124.6500, 90.0000
  Volume: 40.1673 Å³

Box_dim and Cell explanations:
  Box_dim: A 1D array of box dimensions, typically in Angstroms.
          For orthogonal boxes: [Lx, Ly, Lz]
          For triclinic boxes: [Lx, Ly, Lz, xy, xz, yz] or [Lx, Ly, Lz, α, β, γ]
  Cell: A 1×6 array with cell parameters [a, b, c, α, β, γ]
        where a, b, c are lengths and α, β, γ are angles in degrees.
--------------------------------------------------------------------------------

Total charge: 2.0000000

Unique Atom Types and Their Coordination Environment
--------------------------------------------------------------------------------
Type       Count  Neighbors                     Charge
--------------------------------------------------------------------------------
Fe         2      ObOb                         0.00000
Ob         2      FeFe                         1.00000
--------------------------------------------------------------------------------

Detailed Atom Type Statistics with Standard Deviations
--------------------------------------------------------------------------------
Type       Count  Coord#           Bond Dist (Å)        Angle (°)           
--------------------------------------------------------------------------------
Fe         2      2.00 ± 0.00      2.1572 ± 0.0073      89.393 ± 0.008      
Ob         2      2.00 ± 0.00      2.1572 ± 0.0073      89.393 ± 0.008      
--------------------------------------------------------------------------------

Bond Statistics for Unique Atom Type Pairs
--------------------------------------------------------------------------------
Bond Pair                 Count    Distance (Å)        
--------------------------------------------------------------------------------
Fe-Ob                     8        2.1572 ± 0.0067
--------------------------------------------------------------------------------

Angle Statistics for Unique Atom Type Triplets
--------------------------------------------------------------------------------
Angle Triplet             Count    Angle (°)           
--------------------------------------------------------------------------------
Fe-Ob-Fe                  2        89.393 ± 0.008
Ob-Fe-Ob                  2        89.393 ± 0.008
--------------------------------------------------------------------------------

